drwxr-xr-x mhatta/mhatta     0 2007-12-29 04:29 a2ps-4.14/
-rw-r--r-- mhatta/mhatta 11539 2007-05-02 06:35 a2ps-4.14/configure.in
drwxr-xr-x mhatta/mhatta     0 2007-12-29 04:29 a2ps-4.14/sheets/
-rw-r--r-- mhatta/mhatta  1961 2007-12-29 02:35 a2ps-4.14/sheets/scheme.ssh
-rw-r--r-- mhatta/mhatta  2976 2007-12-29 02:58 a2ps-4.14/sheets/python.ssh
-rw-r--r-- mhatta/mhatta  2582 2007-12-29 02:58 a2ps-4.14/sheets/dc_shell.ssh
-rw-r--r-- mhatta/mhatta  7516 2007-12-29 02:58 a2ps-4.14/sheets/ssh.ssh
-rw-r--r-- mhatta/mhatta  1814 2007-12-29 02:58 a2ps-4.14/sheets/sh.ssh
-rw-r--r-- mhatta/mhatta  2605 2007-12-29 02:35 a2ps-4.14/sheets/asn1.ssh
-rw-r--r-- mhatta/mhatta  3803 2007-12-29 02:35 a2ps-4.14/sheets/initora.ssh
-rw-r--r-- mhatta/mhatta  2008 2007-12-29 02:35 a2ps-4.14/sheets/small.ssh
-rw-r--r-- mhatta/mhatta  2905 2007-12-29 02:35 a2ps-4.14/sheets/stratego.ssh
-rw-r--r-- mhatta/mhatta  7011 2007-12-29 02:58 a2ps-4.14/sheets/matlab4.ssh
-rw-r--r-- mhatta/mhatta  2123 2007-12-29 02:58 a2ps-4.14/sheets/ppd.ssh
-rw-r--r-- mhatta/mhatta  1408 2007-12-29 02:58 a2ps-4.14/sheets/eps.ssh
-rw-r--r-- mhatta/mhatta  2517 2007-12-29 02:58 a2ps-4.14/sheets/oberon.ssh
-rw-r--r-- mhatta/mhatta  2354 2007-12-29 02:35 a2ps-4.14/sheets/st.ssh
-rw-r--r-- mhatta/mhatta  2599 2007-12-29 02:35 a2ps-4.14/sheets/rexx.ssh
-rw-r--r-- mhatta/mhatta  2414 2007-12-29 02:58 a2ps-4.14/sheets/card.ssh
-rw-r--r-- mhatta/mhatta  1285 2007-12-29 02:35 a2ps-4.14/sheets/modula2.ssh
-rw-r--r-- mhatta/mhatta  4103 2007-12-29 02:35 a2ps-4.14/sheets/oracle.ssh
-rw-r--r-- mhatta/mhatta  4381 2007-12-29 02:35 a2ps-4.14/sheets/tex.ssh
-rw-r--r-- mhatta/mhatta  1767 2007-12-29 02:35 a2ps-4.14/sheets/fortran.ssh
-rw-r--r-- mhatta/mhatta  2505 2007-12-29 02:58 a2ps-4.14/sheets/pre.ssh
-rw-r--r-- mhatta/mhatta 14540 2007-12-29 02:35 a2ps-4.14/sheets/idl.ssh
-rw-r--r-- mhatta/mhatta  3331 2007-12-29 02:58 a2ps-4.14/sheets/claire.ssh
-rw-r--r-- mhatta/mhatta  1719 2007-12-29 02:58 a2ps-4.14/sheets/gmake.ssh
-rw-r--r-- mhatta/mhatta  2341 2007-12-29 02:35 a2ps-4.14/sheets/c.ssh
-rw-r--r-- mhatta/mhatta  1645 2007-12-29 02:35 a2ps-4.14/sheets/yacc.ssh
-rw-r--r-- mhatta/mhatta  1958 2007-12-29 02:58 a2ps-4.14/sheets/wdiff.ssh
-rw-r--r-- mhatta/mhatta  2504 2007-12-29 02:35 a2ps-4.14/sheets/s.ssh
-rw-r--r-- mhatta/mhatta  1247 2007-12-29 02:35 a2ps-4.14/sheets/for90-fixed.ssh
-rw-r--r-- mhatta/mhatta  7522 2007-12-29 02:35 a2ps-4.14/sheets/lout.ssh
-rw-r--r-- mhatta/mhatta  3011 2007-12-29 02:36 a2ps-4.14/sheets/Makefile.am
-rw-r--r-- mhatta/mhatta 11376 2007-12-29 02:58 a2ps-4.14/sheets/mail.ssh
-rw-r--r-- mhatta/mhatta  2904 2007-12-29 02:58 a2ps-4.14/sheets/php.ssh
-rw-r--r-- mhatta/mhatta 15968 2007-12-29 02:35 a2ps-4.14/sheets/is5rul.ssh
-rw-r--r-- mhatta/mhatta  2028 2007-12-29 02:35 a2ps-4.14/sheets/shell.ssh
-rw-r--r-- mhatta/mhatta  3286 2007-12-29 02:58 a2ps-4.14/sheets/pretex.ssh
-rw-r--r-- mhatta/mhatta 15377 2007-12-29 04:28 a2ps-4.14/sheets/Makefile.in
-rw-r--r-- mhatta/mhatta  2626 2007-12-29 02:35 a2ps-4.14/sheets/plsql.ssh
-rw-r--r-- mhatta/mhatta  3366 2007-12-29 02:58 a2ps-4.14/sheets/tcsh.ssh
-rw-r--r-- mhatta/mhatta  2354 2007-12-29 02:35 a2ps-4.14/sheets/vrml.ssh
-rw-r--r-- mhatta/mhatta  3044 2007-12-29 02:58 a2ps-4.14/sheets/elisp.ssh
-rw-r--r-- mhatta/mhatta  1759 2007-12-29 02:58 a2ps-4.14/sheets/lex.ssh
-rw-r--r-- mhatta/mhatta  3651 2007-12-29 02:35 a2ps-4.14/sheets/csharp.ssh
-rw-r--r-- mhatta/mhatta  1947 2007-12-29 02:35 a2ps-4.14/sheets/cxx.ssh
-rw-r--r-- mhatta/mhatta  2080 2007-12-29 02:58 a2ps-4.14/sheets/tk.ssh
-rw-r--r-- mhatta/mhatta  1809 2007-12-29 02:35 a2ps-4.14/sheets/vhdl.ssh
-rw-r--r-- mhatta/mhatta  1367 2007-12-29 02:35 a2ps-4.14/sheets/autoconf.ssh
-rw-r--r-- mhatta/mhatta   769 2002-03-04 19:46 a2ps-4.14/sheets/.a2psrc
-rw-r--r-- mhatta/mhatta  2150 2007-12-29 02:58 a2ps-4.14/sheets/rd.ssh
-rw-r--r-- mhatta/mhatta  1725 2007-12-29 02:58 a2ps-4.14/sheets/csh.ssh
-rw-r--r-- mhatta/mhatta  3266 2007-12-29 02:58 a2ps-4.14/sheets/ada.ssh
-rw-r--r-- mhatta/mhatta  4427 2007-12-29 02:58 a2ps-4.14/sheets/symbols.ssh
-rw-r--r-- mhatta/mhatta  1752 2007-12-29 02:58 a2ps-4.14/sheets/gnuc.ssh
-rw-r--r-- mhatta/mhatta  3014 2007-12-29 02:58 a2ps-4.14/sheets/sdl88.ssh
-rw-r--r-- mhatta/mhatta  4936 2007-12-29 02:58 a2ps-4.14/sheets/texinfo.ssh
-rw-r--r-- mhatta/mhatta  1333 2007-12-29 02:58 a2ps-4.14/sheets/cpp.ssh
-rw-r--r-- mhatta/mhatta  2417 2002-03-04 19:46 a2ps-4.14/sheets/README
-rw-r--r-- mhatta/mhatta  3136 2007-12-29 02:35 a2ps-4.14/sheets/haskell.ssh
-rw-r--r-- mhatta/mhatta  2087 2007-12-29 02:58 a2ps-4.14/sheets/html.ssh
-rw-r--r-- mhatta/mhatta  2941 2007-12-29 02:58 a2ps-4.14/sheets/pascal.ssh
-rw-r--r-- mhatta/mhatta  1859 2007-12-29 02:35 a2ps-4.14/sheets/xs.ssh
-rw-r--r-- mhatta/mhatta  2528 2007-12-29 02:58 a2ps-4.14/sheets/java.ssh
-rw-r--r-- mhatta/mhatta  4976 2007-12-29 02:35 a2ps-4.14/sheets/pov.ssh
-rw-r--r-- mhatta/mhatta   842 2007-12-29 02:35 a2ps-4.14/sheets/octave.ssh
-rw-r--r-- mhatta/mhatta  1244 2007-12-29 02:35 a2ps-4.14/sheets/for77-free.ssh
-rw-r--r-- mhatta/mhatta  2067 2007-12-29 02:35 a2ps-4.14/sheets/ocaml.ssh
-rw-r--r-- mhatta/mhatta  3653 2007-12-29 02:35 a2ps-4.14/sheets/cidl.ssh
-rw-r--r-- mhatta/mhatta  9468 2007-12-29 03:05 a2ps-4.14/sheets/sheets.map
-rw-r--r-- mhatta/mhatta  2551 2007-12-29 02:35 a2ps-4.14/sheets/vtcl.ssh
-rw-r--r-- mhatta/mhatta  1865 2007-12-29 02:58 a2ps-4.14/sheets/unity.ssh
-rw-r--r-- mhatta/mhatta  1851 2007-12-29 02:35 a2ps-4.14/sheets/maple.ssh
-rw-r--r-- mhatta/mhatta  1664 2007-12-29 02:35 a2ps-4.14/sheets/tiger.ssh
-rw-r--r-- mhatta/mhatta  1246 2007-12-29 02:35 a2ps-4.14/sheets/for77-fixed.ssh
-rw-r--r-- mhatta/mhatta  1750 2007-12-29 02:58 a2ps-4.14/sheets/o2c.ssh
-rw-r--r-- mhatta/mhatta  2384 2007-12-29 02:58 a2ps-4.14/sheets/ps.ssh
-rw-r--r-- mhatta/mhatta  2075 2007-12-29 02:58 a2ps-4.14/sheets/make.ssh
-rw-r--r-- mhatta/mhatta  2013 2007-12-29 02:58 a2ps-4.14/sheets/promela.ssh
-rw-r--r-- mhatta/mhatta  2640 2007-12-29 02:58 a2ps-4.14/sheets/pic16f84.ssh
-rw-r--r-- mhatta/mhatta  6672 2007-12-29 02:35 a2ps-4.14/sheets/perl.ssh
-rw-r--r-- mhatta/mhatta  3274 2007-12-29 02:58 a2ps-4.14/sheets/sather.ssh
-rw-r--r-- mhatta/mhatta  1245 2007-12-29 02:35 a2ps-4.14/sheets/for90-free.ssh
-rw-r--r-- mhatta/mhatta  3870 2007-12-29 02:35 a2ps-4.14/sheets/for77kwds.ssh
-rw-r--r-- mhatta/mhatta  1922 2007-12-29 02:35 a2ps-4.14/sheets/verilog.ssh
-rw-r--r-- mhatta/mhatta  1973 2007-12-29 02:58 a2ps-4.14/sheets/udiff.ssh
-rw-r--r-- mhatta/mhatta  1939 2007-12-29 02:58 a2ps-4.14/sheets/prolog.ssh
-rw-r--r-- mhatta/mhatta  2733 2007-12-29 02:58 a2ps-4.14/sheets/eiffel.ssh
-rw-r--r-- mhatta/mhatta  1260 2007-12-29 02:35 a2ps-4.14/sheets/sed.ssh
-rw-r--r-- mhatta/mhatta  5109 2007-12-29 02:35 a2ps-4.14/sheets/for90kwds.ssh
-rw-r--r-- mhatta/mhatta  2617 2007-12-29 02:58 a2ps-4.14/sheets/specc.ssh
-rw-r--r-- mhatta/mhatta  1846 2007-12-29 02:35 a2ps-4.14/sheets/mib.ssh
-rw-r--r-- mhatta/mhatta  1783 2007-12-29 02:58 a2ps-4.14/sheets/objc.ssh
-rw-r--r-- mhatta/mhatta  1388 2007-12-29 02:35 a2ps-4.14/sheets/for-fixed.ssh
-rw-r--r-- mhatta/mhatta  2136 2007-12-29 02:58 a2ps-4.14/sheets/coqv.ssh
-rw-r--r-- mhatta/mhatta  2868 2007-12-29 02:58 a2ps-4.14/sheets/tcl.ssh
-rw-r--r-- mhatta/mhatta  2334 2007-12-29 02:35 a2ps-4.14/sheets/zsh.ssh
-rw-r--r-- mhatta/mhatta  2353 2007-12-29 02:35 a2ps-4.14/sheets/sml.ssh
-rw-r--r-- mhatta/mhatta  2039 2007-12-29 02:35 a2ps-4.14/sheets/tclx.ssh
-rw-r--r-- mhatta/mhatta  4786 2007-12-29 02:58 a2ps-4.14/sheets/nasm.ssh
-rw-r--r-- mhatta/mhatta  1896 2007-12-29 02:58 a2ps-4.14/sheets/lace.ssh
-rw-r--r-- mhatta/mhatta  1842 2007-12-29 02:58 a2ps-4.14/sheets/a2psrc.ssh
-rw-r--r-- mhatta/mhatta  1226 2007-12-29 02:35 a2ps-4.14/sheets/for-free.ssh
-rw-r--r-- mhatta/mhatta  2319 2007-12-29 02:35 a2ps-4.14/sheets/vba.ssh
-rw-r--r-- mhatta/mhatta  2546 2007-12-29 02:35 a2ps-4.14/sheets/matlab.ssh
-rw-r--r-- mhatta/mhatta  2072 2007-12-29 02:58 a2ps-4.14/sheets/texscript.ssh
-rw-r--r-- mhatta/mhatta  1590 2007-12-29 02:35 a2ps-4.14/sheets/68000.ssh
-rw-r--r-- mhatta/mhatta  2844 2007-12-29 02:35 a2ps-4.14/sheets/b.ssh
-rw-r--r-- mhatta/mhatta  2925 2007-12-29 02:35 a2ps-4.14/sheets/js.ssh
-rw-r--r-- mhatta/mhatta  1795 2007-12-29 02:58 a2ps-4.14/sheets/chlog.ssh
-rw-r--r-- mhatta/mhatta  2712 2007-12-29 02:35 a2ps-4.14/sheets/clisp.ssh
-rw-r--r-- mhatta/mhatta   985 2007-12-29 02:35 a2ps-4.14/sheets/caml.ssh
-rw-r--r-- mhatta/mhatta  1666 2007-12-29 02:35 a2ps-4.14/sheets/bc.ssh
-rw-r--r-- mhatta/mhatta  1803 2007-12-29 02:35 a2ps-4.14/sheets/sql.ssh
-rw-r--r-- mhatta/mhatta  1784 2007-12-29 02:35 a2ps-4.14/sheets/awk.ssh
-rw-r--r-- mhatta/mhatta  3192 2007-12-29 02:58 a2ps-4.14/sheets/modula3.ssh
-rw-r--r-- mhatta/mhatta  2458 2007-12-29 02:35 a2ps-4.14/sheets/sql92.ssh
-rw-r--r-- mhatta/mhatta  1917 2007-12-29 02:35 a2ps-4.14/sheets/ruby.ssh
-rw-r--r-- mhatta/mhatta  1345 2007-12-29 02:35 a2ps-4.14/sheets/mly.ssh
drwxr-xr-x mhatta/mhatta     0 2007-12-29 04:29 a2ps-4.14/ppd/
-rw-r--r-- mhatta/mhatta  1892 2007-12-29 02:36 a2ps-4.14/ppd/level1.ppd
-rw-r--r-- mhatta/mhatta  1151 2007-12-29 02:58 a2ps-4.14/ppd/Makefile.am
-rw-r--r-- mhatta/mhatta 13600 2007-12-29 04:28 a2ps-4.14/ppd/Makefile.in
-rw-r--r-- mhatta/mhatta  2731 2007-12-29 02:36 a2ps-4.14/ppd/level2.ppd
-rw-r--r-- mhatta/mhatta   301 2002-03-04 19:46 a2ps-4.14/ppd/README
-rw-r--r-- mhatta/mhatta  4633 2002-03-04 19:46 a2ps-4.14/TODO
drwxr-xr-x mhatta/mhatta     0 2007-12-29 04:29 a2ps-4.14/m4/
-rw-r--r-- mhatta/mhatta   894 2007-12-29 04:27 a2ps-4.14/m4/codeset.m4
-rw-r--r-- mhatta/mhatta   629 2007-12-29 03:05 a2ps-4.14/m4/xstrtoumax.m4
-rw-r--r-- mhatta/mhatta  1293 2007-12-29 03:05 a2ps-4.14/m4/a2_psutils.m4
-rw-r--r-- mhatta/mhatta  1115 2007-12-29 04:27 a2ps-4.14/m4/isc-posix.m4
-rw-r--r-- mhatta/mhatta  1083 2007-12-29 04:27 a2ps-4.14/m4/inttypes_h.m4
-rw-r--r-- mhatta/mhatta  1422 2007-12-29 04:27 a2ps-4.14/m4/lcmessage.m4
-rw-r--r-- mhatta/mhatta   632 2007-12-29 03:05 a2ps-4.14/m4/protos.m4
-rw-r--r-- mhatta/mhatta   983 2007-12-29 04:27 a2ps-4.14/m4/glibc21.m4
-rw-r--r-- mhatta/mhatta   615 2007-04-04 20:44 a2ps-4.14/m4/Makefile.am
-rw-r--r-- mhatta/mhatta 11915 2007-12-29 04:28 a2ps-4.14/m4/Makefile.in
-rw-r--r-- mhatta/mhatta   578 2007-12-29 03:05 a2ps-4.14/m4/libpaper.m4
-rw-r--r-- mhatta/mhatta   977 2007-12-29 03:05 a2ps-4.14/m4/malloc.m4
-rw-r--r-- mhatta/mhatta  3499 2007-12-29 04:27 a2ps-4.14/m4/iconv.m4
-rw-r--r-- mhatta/mhatta   765 2007-12-29 03:05 a2ps-4.14/m4/atexit.m4
-rw-r--r-- mhatta/mhatta  1909 2007-12-29 04:27 a2ps-4.14/m4/intdiv0.m4
-rw-r--r-- mhatta/mhatta 23451 2007-12-29 04:27 a2ps-4.14/m4/lib-link.m4
-rw-r--r-- mhatta/mhatta  1808 2007-12-29 03:05 a2ps-4.14/m4/gccwarn.m4
-rw-r--r-- mhatta/mhatta   914 2007-12-29 03:05 a2ps-4.14/m4/mbrtowc.m4
-rw-r--r-- mhatta/mhatta  1940 2007-12-29 03:05 a2ps-4.14/m4/gperf-check.m4
-rw-r--r-- mhatta/mhatta  1100 2007-12-29 04:27 a2ps-4.14/m4/uintmax_t.m4
-rw-r--r-- mhatta/mhatta  1665 2007-12-29 03:05 a2ps-4.14/m4/fullpath.m4
-rw-r--r-- mhatta/mhatta  1099 2007-12-29 03:05 a2ps-4.14/m4/rename.m4
-rw-r--r-- mhatta/mhatta   342 2007-12-29 03:05 a2ps-4.14/m4/prereq.m4
-rw-r--r-- mhatta/mhatta  1171 2007-12-29 03:05 a2ps-4.14/m4/mbstate_t.m4
-rw-r--r-- mhatta/mhatta   913 2007-12-29 03:05 a2ps-4.14/m4/winsz.m4
-rw-r--r-- mhatta/mhatta   975 2007-12-29 04:27 a2ps-4.14/m4/inttypes.m4
-rw-r--r-- mhatta/mhatta  1175 2007-12-29 04:27 a2ps-4.14/m4/inttypes-pri.m4
-rw-r--r-- mhatta/mhatta  1059 2007-12-29 04:27 a2ps-4.14/m4/stdint_h.m4
-rw-r--r-- mhatta/mhatta   809 2007-12-29 03:05 a2ps-4.14/m4/fp_echo.m4
-rw-r--r-- mhatta/mhatta   791 2007-12-29 03:05 a2ps-4.14/m4/lpr.m4
-rw-r--r-- mhatta/mhatta  1080 2007-12-29 03:05 a2ps-4.14/m4/strcasecmp.m4
-rw-r--r-- mhatta/mhatta   278 2007-12-29 03:05 a2ps-4.14/m4/tterm.m4
-rw-r--r-- mhatta/mhatta  3248 2007-12-29 04:27 a2ps-4.14/m4/lib-ld.m4
-rw-r--r-- mhatta/mhatta 24257 2007-12-29 04:27 a2ps-4.14/m4/gettext.m4
-rw-r--r-- mhatta/mhatta  1024 2007-12-29 04:27 a2ps-4.14/m4/ulonglong.m4
-rw-r--r-- mhatta/mhatta  5101 2007-12-29 04:27 a2ps-4.14/m4/lib-prefix.m4
-rw-r--r-- mhatta/mhatta   666 2007-12-29 03:05 a2ps-4.14/m4/strftim.m4
-rw-r--r-- mhatta/mhatta  1004 2007-12-29 03:05 a2ps-4.14/m4/realloc.m4
-rw-r--r-- mhatta/mhatta  2101 2007-12-29 03:05 a2ps-4.14/m4/file.m4
-rw-r--r-- mhatta/mhatta   360 2007-12-29 03:05 a2ps-4.14/m4/termios.m4
-rw-r--r-- mhatta/mhatta   329 2007-12-29 03:05 a2ps-4.14/m4/lex.m4
-rw-r--r-- mhatta/mhatta  2108 2007-12-29 04:27 a2ps-4.14/m4/progtest.m4
-rw-r--r-- mhatta/mhatta  2120 2007-12-29 03:05 a2ps-4.14/m4/perl.m4
-rw-r--r-- mhatta/mhatta  1110 2007-12-29 03:05 a2ps-4.14/m4/m4.m4
drwxr-xr-x mhatta/mhatta     0 2007-12-29 04:29 a2ps-4.14/src/
-rw-r--r-- mhatta/mhatta  1224 2007-12-29 02:58 a2ps-4.14/src/read.h
-rw-r--r-- mhatta/mhatta  7891 2007-12-29 02:34 a2ps-4.14/src/sheets-map.l
-rw-r--r-- mhatta/mhatta 35542 2007-12-29 02:33 a2ps-4.14/src/main.c
-rw-r--r-- mhatta/mhatta  1267 2007-12-29 02:34 a2ps-4.14/src/version-etc.h
-rw-r--r-- mhatta/mhatta  2177 2007-12-29 02:58 a2ps-4.14/src/delegate.h
-rw-r--r-- mhatta/mhatta  1950 2007-12-29 02:36 a2ps-4.14/src/Makefile.am
-rw-r--r-- mhatta/mhatta  1745 2007-12-29 02:34 a2ps-4.14/src/versions.h
-rw-r--r-- mhatta/mhatta 58045 2007-12-29 04:28 a2ps-4.14/src/sheets-map.c
-rw-r--r-- mhatta/mhatta 25611 2007-12-29 04:28 a2ps-4.14/src/Makefile.in
-rw-r--r-- mhatta/mhatta 45203 2007-12-29 04:28 a2ps-4.14/src/lexps.c
-rw-r--r-- mhatta/mhatta 12988 2007-12-29 02:58 a2ps-4.14/src/lexssh.l
-rw-r--r-- mhatta/mhatta 13436 2007-12-29 02:58 a2ps-4.14/src/sshread.c
-rw-r--r-- mhatta/mhatta  2004 2007-12-29 02:58 a2ps-4.14/src/select.h
-rw-r--r-- mhatta/mhatta  7040 2007-12-29 02:58 a2ps-4.14/src/ssheet.h
-rw-r--r-- mhatta/mhatta 98885 2007-12-29 04:28 a2ps-4.14/src/lexssh.c
-rw-r--r-- mhatta/mhatta  1338 2007-12-29 02:58 a2ps-4.14/src/sshread.h
-rw-r--r-- mhatta/mhatta 10221 2007-12-29 02:33 a2ps-4.14/src/generate.c
-rw-r--r-- mhatta/mhatta 78024 2007-12-29 04:28 a2ps-4.14/src/parsessh.c
-rw-r--r-- mhatta/mhatta  2052 2007-12-29 02:33 a2ps-4.14/src/version-etc.c
-rw-r--r-- mhatta/mhatta 47367 2007-12-29 04:28 a2ps-4.14/src/parsessh.output
-rw-r--r-- mhatta/mhatta  1185 2007-12-29 02:58 a2ps-4.14/src/lexps.h
-rw-r--r-- mhatta/mhatta  3266 2007-12-29 02:58 a2ps-4.14/src/ffaces.h
-rw-r--r-- mhatta/mhatta  3870 2007-12-29 04:28 a2ps-4.14/src/parsessh.h
-rw-r--r-- mhatta/mhatta  6926 2007-12-29 02:33 a2ps-4.14/src/select.c
-rw-r--r-- mhatta/mhatta 20675 2007-12-29 02:34 a2ps-4.14/src/regex.h
-rw-r--r-- mhatta/mhatta  5306 2007-12-29 02:33 a2ps-4.14/src/read.c
-rw-r--r-- mhatta/mhatta  1931 2007-12-29 02:58 a2ps-4.14/src/main.h
-rw-r--r-- mhatta/mhatta  1263 2007-12-29 02:34 a2ps-4.14/src/generate.h
-rw-r--r-- mhatta/mhatta  2365 2007-12-29 02:33 a2ps-4.14/src/long-options.c
-rw-r--r-- mhatta/mhatta  3359 2007-12-29 02:58 a2ps-4.14/src/buffer.h
-rw-r--r-- mhatta/mhatta  2958 2007-12-29 02:33 a2ps-4.14/src/versions.c
-rw-r--r-- mhatta/mhatta   946 2007-12-29 02:34 a2ps-4.14/src/yy2ssh.h
-rw-r--r-- mhatta/mhatta  3033 2007-12-29 02:58 a2ps-4.14/src/ffaces.c
-rw-r--r-- mhatta/mhatta 41733 2007-12-29 02:33 a2ps-4.14/src/ssheet.c
-rw-r--r-- mhatta/mhatta 12431 2007-12-29 02:33 a2ps-4.14/src/delegate.c
-rw-r--r-- mhatta/mhatta 187051 2007-12-29 02:33 a2ps-4.14/src/regex.c
-rw-r--r-- mhatta/mhatta   1264 2007-12-29 02:34 a2ps-4.14/src/long-options.h
-rw-r--r-- mhatta/mhatta   1560 2007-12-29 02:34 a2ps-4.14/src/lexps.l
-rw-r--r-- mhatta/mhatta  12731 2007-12-29 02:58 a2ps-4.14/src/buffer.c
-rw-r--r-- mhatta/mhatta  19215 2007-12-29 02:58 a2ps-4.14/src/parsessh.y
drwxr-xr-x mhatta/mhatta      0 2007-12-29 04:29 a2ps-4.14/auxdir/
-rwxr-xr-x mhatta/mhatta  44593 2007-12-29 04:28 a2ps-4.14/auxdir/config.guess
-rw-r--r-- mhatta/mhatta 199244 2007-11-27 22:23 a2ps-4.14/auxdir/ltmain.sh
-rwxr-xr-x mhatta/mhatta  14108 2007-12-29 04:27 a2ps-4.14/auxdir/config.rpath
-rwxr-xr-x mhatta/mhatta  15936 2007-12-29 04:28 a2ps-4.14/auxdir/depcomp
-rw-r--r-- mhatta/mhatta   1048 2007-12-29 02:58 a2ps-4.14/auxdir/Makefile.am
-rw-r--r-- mhatta/mhatta  11602 2007-12-29 04:28 a2ps-4.14/auxdir/Makefile.in
-rwxr-xr-x mhatta/mhatta   2712 2007-12-29 04:28 a2ps-4.14/auxdir/elisp-comp
-rwxr-xr-x mhatta/mhatta   3474 2007-12-29 04:28 a2ps-4.14/auxdir/mkinstalldirs
-rwxr-xr-x mhatta/mhatta   1533 2002-03-04 19:46 a2ps-4.14/auxdir/update-ogonkify.sh
-rwxr-xr-x mhatta/mhatta  32724 2007-12-29 04:28 a2ps-4.14/auxdir/config.sub
-rwxr-xr-x mhatta/mhatta   6193 2007-12-29 04:28 a2ps-4.14/auxdir/ylwrap
-rwxr-xr-x mhatta/mhatta   1093 2002-03-04 19:46 a2ps-4.14/auxdir/msdos.sh
-rw-r--r-- mhatta/mhatta 230259 2007-12-29 04:28 a2ps-4.14/auxdir/texinfo.tex
-rwxr-xr-x mhatta/mhatta  11014 2007-12-29 04:28 a2ps-4.14/auxdir/missing
-rw-r--r-- mhatta/mhatta    605 2002-03-04 19:46 a2ps-4.14/auxdir/make-faq.sed
-rwxr-xr-x mhatta/mhatta   5483 2007-12-29 04:28 a2ps-4.14/auxdir/mdate-sh
-rwxr-xr-x mhatta/mhatta   9233 2007-12-29 04:28 a2ps-4.14/auxdir/install-sh
drwxr-xr-x mhatta/mhatta      0 2007-12-29 04:29 a2ps-4.14/ogonkify/
-rw-r--r-- mhatta/mhatta   3825 2007-12-29 04:28 a2ps-4.14/ogonkify/pcrro-o.ps
-rw-r--r-- mhatta/mhatta  13397 2007-12-29 04:28 a2ps-4.14/ogonkify/ptmb-o.afm
-rw-r--r-- mhatta/mhatta   6824 2002-03-04 19:46 a2ps-4.14/ogonkify/pcrr-c.afm
-rw-r--r-- mhatta/mhatta   1384 2007-12-29 03:05 a2ps-4.14/ogonkify/configure.in
-rw-r--r-- mhatta/mhatta   3833 2007-12-29 04:28 a2ps-4.14/ogonkify/pcrbo-o.ps
-rw-r--r-- mhatta/mhatta   4589 2002-03-04 19:46 a2ps-4.14/ogonkify/ogonki.afm
-rw-r--r-- mhatta/mhatta   2280 2002-03-04 19:46 a2ps-4.14/ogonkify/latin3.enc
-rw-r--r-- mhatta/mhatta   2242 2002-03-04 19:46 a2ps-4.14/ogonkify/latin1.enc
-rw-r--r-- mhatta/mhatta    117 2007-12-29 03:09 a2ps-4.14/ogonkify/printenc.ps
-rw-r--r-- mhatta/mhatta   2793 2002-03-04 19:46 a2ps-4.14/ogonkify/phvro-c.afm
-rw-r--r-- mhatta/mhatta   3774 2007-12-29 04:28 a2ps-4.14/ogonkify/pcrr-o.ps
-rw-r--r-- mhatta/mhatta  13514 2007-12-29 04:28 a2ps-4.14/ogonkify/ptmbi-o.afm
-rw-r--r-- mhatta/mhatta  15631 2002-03-04 19:46 a2ps-4.14/ogonkify/ptmbi.afm
-rw-r--r-- mhatta/mhatta   4454 2002-03-04 19:46 a2ps-4.14/ogonkify/latin5.afm
-rw-r--r-- mhatta/mhatta  14907 2007-12-29 04:28 a2ps-4.14/ogonkify/pcrbo-o.afm
-rw-r--r-- mhatta/mhatta   2221 2002-03-04 19:46 a2ps-4.14/ogonkify/hp.enc
-rw-r--r-- mhatta/mhatta  18068 2002-03-04 19:46 a2ps-4.14/ogonkify/ptmri.afm
-rw-r--r-- mhatta/mhatta   2802 2002-03-04 19:46 a2ps-4.14/ogonkify/phvbo-c.afm
-rw-r--r-- mhatta/mhatta   2944 2007-12-29 04:28 a2ps-4.14/ogonkify/ptmr-o.ps
-rw-r--r-- mhatta/mhatta   4367 2002-03-04 19:46 a2ps-4.14/ogonkify/latin6.afm
-rw-r--r-- mhatta/mhatta   2238 2002-03-04 19:46 a2ps-4.14/ogonkify/latin7.enc
-rw-r--r-- mhatta/mhatta   2984 2002-03-04 19:46 a2ps-4.14/ogonkify/ptmb-c.afm
-rw-r--r-- mhatta/mhatta   2987 2007-12-29 04:28 a2ps-4.14/ogonkify/ptmbi-o.ps
drwxr-xr-x mhatta/mhatta      0 2007-12-29 04:29 a2ps-4.14/ogonkify/m4/
-rw-r--r-- mhatta/mhatta    348 2002-03-04 19:46 a2ps-4.14/ogonkify/m4/Makefile.am
-rw-r--r-- mhatta/mhatta   7812 2007-12-29 04:27 a2ps-4.14/ogonkify/m4/Makefile.in
-rw-r--r-- mhatta/mhatta   2110 2007-04-04 20:44 a2ps-4.14/ogonkify/m4/perl.m4
-rw-r--r-- mhatta/mhatta   2260 2002-03-04 19:46 a2ps-4.14/ogonkify/cp1250.enc
-rw-r--r-- mhatta/mhatta  15712 2002-03-04 19:46 a2ps-4.14/ogonkify/ptmb.afm
-rw-r--r-- mhatta/mhatta    809 2007-12-29 03:09 a2ps-4.14/ogonkify/allchars.ps
-rw-r--r-- mhatta/mhatta     81 2002-03-04 19:46 a2ps-4.14/ogonkify/VERSION
-rw-r--r-- mhatta/mhatta   3500 2007-12-29 03:05 a2ps-4.14/ogonkify/Makefile.am
-rw-r--r-- mhatta/mhatta  15511 2002-03-04 19:46 a2ps-4.14/ogonkify/phvbo.afm
-rw-r--r-- mhatta/mhatta   2223 2002-03-04 19:46 a2ps-4.14/ogonkify/adobe.enc
-rwxr-xr-x mhatta/mhatta 144752 2007-12-29 04:27 a2ps-4.14/ogonkify/configure
-rw-r--r-- mhatta/mhatta   6809 2002-03-04 19:46 a2ps-4.14/ogonkify/pcrb-c.afm
-rw-r--r-- mhatta/mhatta  25389 2007-12-29 04:27 a2ps-4.14/ogonkify/Makefile.in
-rw-r--r-- mhatta/mhatta    241 2002-03-04 19:46 a2ps-4.14/ogonkify/fontname.dat
-rw-r--r-- mhatta/mhatta   2957 2002-03-04 19:46 a2ps-4.14/ogonkify/ptmr-c.afm
-rw-r--r-- mhatta/mhatta   2271 2002-03-04 19:46 a2ps-4.14/ogonkify/mac.enc
-rw-r--r-- mhatta/mhatta   4451 2002-03-04 19:46 a2ps-4.14/ogonkify/mac.afm
-rw-r--r-- mhatta/mhatta   6080 2007-12-29 03:09 a2ps-4.14/ogonkify/compose.ps
-rw-r--r-- mhatta/mhatta  15422 2002-03-04 19:46 a2ps-4.14/ogonkify/pcrbo.afm
-rw-r--r-- mhatta/mhatta  14834 2007-12-29 04:28 a2ps-4.14/ogonkify/pcrr-o.afm
-rw-r--r-- mhatta/mhatta   2991 2002-03-04 19:46 a2ps-4.14/ogonkify/ptmbi-c.afm
-rw-r--r-- mhatta/mhatta  15486 2002-03-04 19:46 a2ps-4.14/ogonkify/phvro.afm
-rw-r--r-- mhatta/mhatta  15339 2002-03-04 19:46 a2ps-4.14/ogonkify/pcrr.afm
-rw-r--r-- mhatta/mhatta   3109 2002-03-04 19:46 a2ps-4.14/ogonkify/phvr-c.afm
-rw-r--r-- mhatta/mhatta  14004 2007-12-29 03:05 a2ps-4.14/ogonkify/composeglyphs.in
-rw-r--r-- mhatta/mhatta    935 2002-03-04 19:46 a2ps-4.14/ogonkify/README
-rw-r--r-- mhatta/mhatta  15352 2002-03-04 19:46 a2ps-4.14/ogonkify/pcrb.afm
-rw-r--r-- mhatta/mhatta   4436 2002-03-04 19:46 a2ps-4.14/ogonkify/latin1.afm
-rw-r--r-- mhatta/mhatta  14943 2007-12-29 04:28 a2ps-4.14/ogonkify/pcrro-o.afm
-rw-r--r-- mhatta/mhatta   2168 2002-03-04 19:46 a2ps-4.14/ogonkify/ascii.enc
-rw-r--r-- mhatta/mhatta  13383 2007-12-29 04:28 a2ps-4.14/ogonkify/phvr-o.afm
-rw-r--r-- mhatta/mhatta  13383 2007-12-29 04:28 a2ps-4.14/ogonkify/phvb-o.afm
-rw-r--r-- mhatta/mhatta   3008 2007-12-29 04:28 a2ps-4.14/ogonkify/phvbo-o.ps
-rw-r--r-- mhatta/mhatta   2991 2007-12-29 04:28 a2ps-4.14/ogonkify/phvro-o.ps
-rw-r--r-- mhatta/mhatta   2853 2002-03-04 19:46 a2ps-4.14/ogonkify/adobe.afm
-rw-r--r-- mhatta/mhatta   4474 2002-03-04 19:46 a2ps-4.14/ogonkify/latin3.afm
-rw-r--r-- mhatta/mhatta   4402 2002-03-04 19:46 a2ps-4.14/ogonkify/hp.afm
-rw-r--r-- mhatta/mhatta  13483 2007-12-29 04:28 a2ps-4.14/ogonkify/phvbo-o.afm
-rw-r--r-- mhatta/mhatta   4433 2002-03-04 19:46 a2ps-4.14/ogonkify/latin7.afm
-rw-r--r-- mhatta/mhatta   2029 2002-03-04 19:46 a2ps-4.14/ogonkify/ascii.afm
-rw-r--r-- mhatta/mhatta  13491 2007-12-29 04:28 a2ps-4.14/ogonkify/ptmri-o.afm
-rw-r--r-- mhatta/mhatta   4450 2002-03-04 19:46 a2ps-4.14/ogonkify/cp1250.afm
-rw-r--r-- mhatta/mhatta   4392 2002-03-04 19:46 a2ps-4.14/ogonkify/ibmpc.afm
-rw-r--r-- mhatta/mhatta    732 2007-12-29 03:09 a2ps-4.14/ogonkify/helper.ps
-rw-r--r-- mhatta/mhatta   2202 2002-03-04 19:46 a2ps-4.14/ogonkify/latin2.enc
-rw-r--r-- mhatta/mhatta   2968 2007-12-29 04:28 a2ps-4.14/ogonkify/ptmb-o.ps
drwxr-xr-x mhatta/mhatta      0 2007-12-29 04:29 a2ps-4.14/ogonkify/doc/
-rw-r--r-- mhatta/mhatta    912 2007-12-29 03:09 a2ps-4.14/ogonkify/doc/Makefile.am
-rw-r--r-- mhatta/mhatta  15517 2007-12-29 04:27 a2ps-4.14/ogonkify/doc/Makefile.in
-rw-r--r-- mhatta/mhatta  15784 2007-12-29 03:09 a2ps-4.14/ogonkify/doc/ogonkify.texi
-rw-r--r-- mhatta/mhatta  16173 2007-12-29 03:11 a2ps-4.14/ogonkify/doc/ogonkify.info
-rw-r--r-- mhatta/mhatta   6133 2007-02-13 17:14 a2ps-4.14/ogonkify/doc/ogonkify.1
-rw-r--r-- mhatta/mhatta   6876 2002-03-04 19:46 a2ps-4.14/ogonkify/pcrbo-c.afm
-rw-r--r-- mhatta/mhatta   2982 2002-03-04 19:46 a2ps-4.14/ogonkify/ptmri-c.afm
-rw-r--r-- mhatta/mhatta   2795 2002-03-04 19:46 a2ps-4.14/ogonkify/phvb-c.afm
-rw-r--r-- mhatta/mhatta   6901 2002-03-04 19:46 a2ps-4.14/ogonkify/pcrro-c.afm
-rw-r--r-- mhatta/mhatta   4411 2002-03-04 19:46 a2ps-4.14/ogonkify/latin9.afm
-rw-r--r-- mhatta/mhatta   4373 2002-03-04 19:46 a2ps-4.14/ogonkify/latin4.afm
-rw-r--r-- mhatta/mhatta  15499 2002-03-04 19:46 a2ps-4.14/ogonkify/phvr.afm
-rw-r--r-- mhatta/mhatta   3782 2007-12-29 04:28 a2ps-4.14/ogonkify/pcrb-o.ps
-rw-r--r-- mhatta/mhatta   9299 2007-12-29 03:05 a2ps-4.14/ogonkify/ogonkify.in.in
-rw-r--r-- mhatta/mhatta  13484 2007-12-29 04:28 a2ps-4.14/ogonkify/phvro-o.afm
-rw-r--r-- mhatta/mhatta   2260 2002-03-04 19:46 a2ps-4.14/ogonkify/latin5.enc
-rw-r--r-- mhatta/mhatta   2172 2002-03-04 19:46 a2ps-4.14/ogonkify/latin6.enc
-rw-r--r-- mhatta/mhatta   2179 2002-03-04 19:46 a2ps-4.14/ogonkify/latin4.enc
-rw-r--r-- mhatta/mhatta  17942 2002-03-04 19:46 a2ps-4.14/ogonkify/ptmr.afm
-rw-r--r-- mhatta/mhatta   2961 2007-12-29 04:28 a2ps-4.14/ogonkify/phvr-o.ps
-rw-r--r-- mhatta/mhatta  14838 2007-12-29 04:28 a2ps-4.14/ogonkify/pcrb-o.afm
-rw-r--r-- mhatta/mhatta  15443 2002-03-04 19:46 a2ps-4.14/ogonkify/phvb.afm
-rw-r--r-- mhatta/mhatta   2209 2002-03-04 19:46 a2ps-4.14/ogonkify/ibmpc.enc
-rw-r--r-- mhatta/mhatta  15443 2002-03-04 19:46 a2ps-4.14/ogonkify/pcrro.afm
-rw-r--r-- mhatta/mhatta   2967 2007-12-29 04:28 a2ps-4.14/ogonkify/ptmri-o.ps
-rw-r--r-- mhatta/mhatta   2251 2002-03-04 19:46 a2ps-4.14/ogonkify/ogonki.enc
-rw-r--r-- mhatta/mhatta   2216 2002-03-04 19:46 a2ps-4.14/ogonkify/latin9.enc
-rw-r--r-- mhatta/mhatta   4396 2002-03-04 19:46 a2ps-4.14/ogonkify/latin2.afm
-rw-r--r-- mhatta/mhatta   2988 2007-12-29 04:28 a2ps-4.14/ogonkify/phvb-o.ps
-rw-r--r-- mhatta/mhatta  31120 2007-12-29 04:27 a2ps-4.14/ogonkify/aclocal.m4
-rw-r--r-- mhatta/mhatta  13361 2007-12-29 04:28 a2ps-4.14/ogonkify/ptmr-o.afm
-rw-r--r-- mhatta/mhatta   2136 2007-12-29 02:42 a2ps-4.14/Makefile.am
-rwxr-xr-x mhatta/mhatta 1067007 2007-12-29 04:28 a2ps-4.14/configure
-rw-r--r-- mhatta/mhatta   23230 2007-12-29 04:28 a2ps-4.14/Makefile.in
-rw-r--r-- mhatta/mhatta   40992 2002-03-04 19:46 a2ps-4.14/.a2ps.prcs_aux
-rw-r--r-- mhatta/mhatta   24687 2007-12-29 04:27 a2ps-4.14/ABOUT-NLS
-rw-r--r-- mhatta/mhatta       7 2007-04-04 00:57 a2ps-4.14/.prev-version
drwxr-xr-x mhatta/mhatta       0 2007-12-29 04:29 a2ps-4.14/contrib/
-rw-r--r-- mhatta/mhatta    7904 2007-12-29 04:29 a2ps-4.14/contrib/psmandup.in
-rw-r--r-- mhatta/mhatta    4523 2007-12-29 03:11 a2ps-4.14/contrib/fixbb.m4
-rw-r--r-- mhatta/mhatta    5556 2007-12-29 03:11 a2ps-4.14/contrib/psmandup.m4
-rw-r--r-- mhatta/mhatta    8396 2007-12-29 04:29 a2ps-4.14/contrib/psset.in
-rw-r--r-- mhatta/mhatta    5472 2007-12-29 04:29 a2ps-4.14/contrib/pdiff.in
drwxr-xr-x mhatta/mhatta       0 2007-12-29 04:29 a2ps-4.14/contrib/sample/
-rw-r--r-- mhatta/mhatta    1907 2002-03-04 19:46 a2ps-4.14/contrib/sample/main.c
-rw-r--r-- mhatta/mhatta    1347 2007-12-29 02:40 a2ps-4.14/contrib/sample/Makefile.am
-rw-r--r-- mhatta/mhatta   17397 2007-12-29 04:28 a2ps-4.14/contrib/sample/Makefile.in
-rw-r--r-- mhatta/mhatta    1300 2007-12-29 02:39 a2ps-4.14/contrib/Makefile.am
-rw-r--r-- mhatta/mhatta   23700 2007-12-29 04:28 a2ps-4.14/contrib/Makefile.in
-rw-r--r-- mhatta/mhatta   12021 2007-12-29 04:29 a2ps-4.14/contrib/fixps.in
-rw-r--r-- mhatta/mhatta     408 2002-03-04 19:46 a2ps-4.14/contrib/README
-rw-r--r-- mhatta/mhatta    6009 2007-12-29 03:11 a2ps-4.14/contrib/psset.m4
-rw-r--r-- mhatta/mhatta    2829 2007-12-29 03:11 a2ps-4.14/contrib/shell.m4
-rwxr-xr-x mhatta/mhatta   21802 2007-12-29 02:58 a2ps-4.14/contrib/texi2dvi4a2ps
-rw-r--r-- mhatta/mhatta    9598 2007-12-29 03:11 a2ps-4.14/contrib/fixps.m4
-rw-r--r-- mhatta/mhatta    5728 2007-12-29 03:11 a2ps-4.14/contrib/card.m4
-rw-r--r-- mhatta/mhatta   72377 2007-12-29 04:29 a2ps-4.14/contrib/fixnt.c
-rw-r--r-- mhatta/mhatta    8035 2007-12-29 04:29 a2ps-4.14/contrib/card.in
-rw-r--r-- mhatta/mhatta    3077 2007-12-29 03:11 a2ps-4.14/contrib/pdiff.m4
-rw-r--r-- mhatta/mhatta    7433 2002-03-04 19:46 a2ps-4.14/contrib/fixnt.l
drwxr-xr-x mhatta/mhatta       0 2007-12-29 04:29 a2ps-4.14/contrib/emacs/
-rw-r--r-- mhatta/mhatta   11175 2007-12-29 02:58 a2ps-4.14/contrib/emacs/a2ps.el
-rw-r--r-- mhatta/mhatta      98 2002-03-04 19:46 a2ps-4.14/contrib/emacs/Makefile.am
-rw-r--r-- mhatta/mhatta   14032 2007-12-29 04:28 a2ps-4.14/contrib/emacs/Makefile.in
-rw-r--r-- mhatta/mhatta    3943 2007-12-29 02:58 a2ps-4.14/contrib/emacs/a2ps-print.el
drwxr-xr-x mhatta/mhatta       0 2007-12-29 04:29 a2ps-4.14/po/
-rw-r--r-- mhatta/mhatta   23789 2007-12-29 04:28 a2ps-4.14/po/ja.gmo
-rw-r--r-- mhatta/mhatta     672 2007-12-29 04:27 a2ps-4.14/po/insert-header.sin
-rw-r--r-- mhatta/mhatta    1203 2007-12-29 04:27 a2ps-4.14/po/en@quot.header
-rw-r--r-- mhatta/mhatta   12292 2007-12-29 04:28 a2ps-4.14/po/no.gmo
-rw-r--r-- mhatta/mhatta   22141 2007-12-29 04:28 a2ps-4.14/po/cs.gmo
-rw-r--r-- mhatta/mhatta   35145 2007-12-29 04:28 a2ps-4.14/po/nl.po
-rw-r--r-- mhatta/mhatta    9955 2007-12-29 04:28 a2ps-4.14/po/it.gmo
-rw-r--r-- mhatta/mhatta   35235 2007-12-29 04:28 a2ps-4.14/po/sl.po
-rw-r--r-- mhatta/mhatta   35305 2007-12-29 04:28 a2ps-4.14/po/ru.po
-rw-r--r-- mhatta/mhatta     217 2007-12-29 04:27 a2ps-4.14/po/boldquot.sed
-rw-r--r-- mhatta/mhatta     702 2007-12-29 04:28 a2ps-4.14/po/da.gmo
-rw-r--r-- mhatta/mhatta    1083 2002-09-03 15:51 a2ps-4.14/po/Makevars
-rw-r--r-- mhatta/mhatta    8901 2007-12-29 04:28 a2ps-4.14/po/ko.gmo
-rw-r--r-- mhatta/mhatta   21570 2007-12-29 04:28 a2ps-4.14/po/sv.gmo
-rw-r--r-- mhatta/mhatta   17247 2007-12-29 04:28 a2ps-4.14/po/tr.gmo
-rw-r--r-- mhatta/mhatta   34719 2007-12-29 04:28 a2ps-4.14/po/sv.po
-rw-r--r-- mhatta/mhatta   42931 2007-12-29 04:28 a2ps-4.14/po/pl.po
-rw-r--r-- mhatta/mhatta   45691 2007-12-29 04:28 a2ps-4.14/po/es.po
-rw-r--r-- mhatta/mhatta   25647 2007-12-29 04:28 a2ps-4.14/po/nl.gmo
-rw-r--r-- mhatta/mhatta   17493 2007-12-29 04:28 a2ps-4.14/po/pl.gmo
-rw-r--r-- mhatta/mhatta   25292 2007-12-29 04:28 a2ps-4.14/po/da.po
-rw-r--r-- mhatta/mhatta   46864 2007-12-29 04:28 a2ps-4.14/po/fr.po
-rw-r--r-- mhatta/mhatta     153 2007-12-29 04:27 a2ps-4.14/po/quot.sed
-rw-r--r-- mhatta/mhatta    1337 2007-12-29 04:27 a2ps-4.14/po/en@boldquot.header
-rw-r--r-- mhatta/mhatta   45494 2007-12-29 04:28 a2ps-4.14/po/ca.po
-rw-r--r-- mhatta/mhatta     432 2007-12-29 04:27 a2ps-4.14/po/remove-potcdate.sin
-rw-r--r-- mhatta/mhatta   38558 2007-12-29 04:28 a2ps-4.14/po/cs.po
-rw-r--r-- mhatta/mhatta   21836 2007-12-29 04:28 a2ps-4.14/po/a2ps.pot
-rw-r--r-- mhatta/mhatta    1166 2007-04-03 03:40 a2ps-4.14/po/POTFILES.in
-rw-r--r-- mhatta/mhatta   36542 2007-12-29 04:28 a2ps-4.14/po/tr.po
-rw-r--r-- mhatta/mhatta   42309 2007-12-29 04:28 a2ps-4.14/po/ko.po
-rw-r--r-- mhatta/mhatta   25940 2007-12-29 04:28 a2ps-4.14/po/ru.gmo
-rw-r--r-- mhatta/mhatta   29756 2007-12-29 04:28 a2ps-4.14/po/no.po
-rw-r--r-- mhatta/mhatta   42324 2007-12-29 04:28 a2ps-4.14/po/pt.po
-rw-r--r-- mhatta/mhatta   18273 2007-12-29 04:28 a2ps-4.14/po/es.gmo
-rw-r--r-- mhatta/mhatta   21556 2007-12-29 04:28 a2ps-4.14/po/de.gmo
-rw-r--r-- mhatta/mhatta   18164 2007-12-29 04:28 a2ps-4.14/po/ca.gmo
-rw-r--r-- mhatta/mhatta   48480 2007-12-29 04:28 a2ps-4.14/po/it.po
-rw-r--r-- mhatta/mhatta   10444 2002-03-25 18:09 a2ps-4.14/po/Makefile.in.in
-rw-r--r-- mhatta/mhatta   18371 2007-12-29 04:28 a2ps-4.14/po/sl.gmo
-rw-r--r-- mhatta/mhatta   46025 2007-12-29 04:28 a2ps-4.14/po/de.po
-rw-r--r-- mhatta/mhatta   33293 2007-12-29 04:28 a2ps-4.14/po/ja.po
-rw-r--r-- mhatta/mhatta   25243 2007-12-29 04:28 a2ps-4.14/po/fr.gmo
-rw-r--r-- mhatta/mhatta   25212 2007-12-29 04:28 a2ps-4.14/po/pt.gmo
-rw-r--r-- mhatta/mhatta    1689 2007-12-29 04:27 a2ps-4.14/po/Rules-quot
-rw-r--r-- mhatta/mhatta    1003 2003-04-01 10:03 a2ps-4.14/GNUmakefile
-rw-r--r-- mhatta/mhatta    3108 2007-12-29 03:33 a2ps-4.14/THANKS
-rw-r--r-- mhatta/mhatta     533 2007-12-29 04:29 a2ps-4.14/FAQ
drwxr-xr-x mhatta/mhatta       0 2007-12-29 04:29 a2ps-4.14/man/
-rwxr-xr-x mhatta/mhatta   11485 2007-12-29 02:48 a2ps-4.14/man/help2man
-r--r--r-- mhatta/mhatta    2104 2007-12-29 04:29 a2ps-4.14/man/fixps.1
-rw-r--r-- mhatta/mhatta     568 2002-03-04 19:46 a2ps-4.14/man/Makefile.am
-r--r--r-- mhatta/mhatta    2329 2007-12-29 04:29 a2ps-4.14/man/psset.1
-r--r--r-- mhatta/mhatta    2208 2007-12-29 04:29 a2ps-4.14/man/psmandup.1
-rw-r--r-- mhatta/mhatta   13707 2007-12-29 04:28 a2ps-4.14/man/Makefile.in
-rw-r--r-- mhatta/mhatta     117 2007-05-01 11:57 a2ps-4.14/man/psset.x
-rw-r--r-- mhatta/mhatta     107 2002-03-04 19:46 a2ps-4.14/man/common.x
-rw-r--r-- mhatta/mhatta     112 2002-03-04 19:46 a2ps-4.14/man/pdiff.x
-rw-r--r-- mhatta/mhatta     756 2002-03-04 19:46 a2ps-4.14/man/GNUmakefile
-r--r--r-- mhatta/mhatta    1622 2007-12-29 04:29 a2ps-4.14/man/pdiff.1
-rw-r--r-- mhatta/mhatta      96 2002-03-04 19:46 a2ps-4.14/man/fixps.x
-rw-r--r-- mhatta/mhatta     119 2002-03-04 19:46 a2ps-4.14/man/a2ps.x
-rw-r--r-- mhatta/mhatta     109 2002-03-04 19:46 a2ps-4.14/man/card.x
-rw-r--r-- mhatta/mhatta     109 2002-03-04 19:46 a2ps-4.14/man/psmandup.x
-r--r--r-- mhatta/mhatta    7621 2007-12-29 04:29 a2ps-4.14/man/a2ps.1
-r--r--r-- mhatta/mhatta    1625 2007-12-29 04:29 a2ps-4.14/man/card.1
-rw-r--r-- mhatta/mhatta     419 2002-03-04 19:46 a2ps-4.14/man/texi2dvi4a2ps.x
-r--r--r-- mhatta/mhatta    3073 2007-12-29 04:29 a2ps-4.14/man/texi2dvi4a2ps.1
-rw-r--r-- mhatta/mhatta     961 2002-03-04 19:46 a2ps-4.14/man/Makefile.maint
-rw-r--r-- mhatta/mhatta    7294 2007-12-29 02:55 a2ps-4.14/README
drwxr-xr-x mhatta/mhatta       0 2007-12-29 04:29 a2ps-4.14/fonts/
-rw-r--r-- mhatta/mhatta   19263 2007-12-29 02:38 a2ps-4.14/fonts/pcfont.pfa
-rw-r--r-- mhatta/mhatta    1350 2007-12-29 02:58 a2ps-4.14/fonts/Makefile.am
-rw-r--r-- mhatta/mhatta   13649 2007-12-29 04:28 a2ps-4.14/fonts/Makefile.in
-rw-r--r-- mhatta/mhatta    4086 2007-12-29 02:42 a2ps-4.14/HACKING
-rw-r--r-- mhatta/mhatta    9498 2007-12-29 04:28 a2ps-4.14/INSTALL
-rw-r--r-- mhatta/mhatta    4633 2007-12-29 04:29 a2ps-4.14/AUTHORS
drwxr-xr-x mhatta/mhatta       0 2007-12-29 04:29 a2ps-4.14/ps/
-rw-r--r-- mhatta/mhatta    2914 2007-12-29 02:58 a2ps-4.14/ps/matrix.pro
-rw-r--r-- mhatta/mhatta    2433 2007-12-29 02:58 a2ps-4.14/ps/color.pro
-rw-r--r-- mhatta/mhatta    2241 2007-12-29 02:58 a2ps-4.14/ps/gray2.pro
-rw-r--r-- mhatta/mhatta    2348 2007-12-29 02:36 a2ps-4.14/ps/ul.pro
-rw-r--r-- mhatta/mhatta    2462 2007-12-29 02:58 a2ps-4.14/ps/diffcolor.pro
-rw-r--r-- mhatta/mhatta    2464 2007-12-29 02:36 a2ps-4.14/ps/fixed.pro
-rw-r--r-- mhatta/mhatta    1224 2007-12-29 02:35 a2ps-4.14/ps/Makefile.am
-rw-r--r-- mhatta/mhatta   12731 2007-12-29 04:28 a2ps-4.14/ps/Makefile.in
-rw-r--r-- mhatta/mhatta    7290 2007-12-29 02:58 a2ps-4.14/ps/base.ps
-rw-r--r-- mhatta/mhatta    3880 2007-12-29 02:58 a2ps-4.14/ps/a2ps.hdr
-rw-r--r-- mhatta/mhatta    3997 2007-12-29 02:58 a2ps-4.14/ps/color.hdr
-rw-r--r-- mhatta/mhatta    2821 2007-12-29 02:36 a2ps-4.14/ps/ehandler.ps
-rw-r--r-- mhatta/mhatta    2454 2007-12-29 02:58 a2ps-4.14/ps/bold.pro
-rw-r--r-- mhatta/mhatta    2791 2007-12-29 02:58 a2ps-4.14/ps/diff.pro
-rw-r--r-- mhatta/mhatta    2343 2007-12-29 02:58 a2ps-4.14/ps/bw.pro
-rw-r--r-- mhatta/mhatta    2251 2007-12-29 02:58 a2ps-4.14/ps/gray.pro
drwxr-xr-x mhatta/mhatta       0 2007-12-29 04:29 a2ps-4.14/doc/
-rw-r--r-- mhatta/mhatta  119873 2002-03-04 19:46 a2ps-4.14/doc/regex.texi
-rwxr-xr-x mhatta/mhatta     633 2002-03-04 19:46 a2ps-4.14/doc/translators.pl
-rw-r--r-- mhatta/mhatta    1418 2007-12-29 04:29 a2ps-4.14/doc/prologue.texi
-rw-r--r-- mhatta/mhatta    3096 2007-12-29 02:39 a2ps-4.14/doc/Makefile.am
-rw-r--r-- mhatta/mhatta   20693 2007-12-29 04:28 a2ps-4.14/doc/Makefile.in
-rw-r--r-- mhatta/mhatta    1687 2007-12-29 04:29 a2ps-4.14/doc/translators.texi
-rw-r--r-- mhatta/mhatta     420 2002-03-04 19:46 a2ps-4.14/doc/.a2psrc
-rw-r--r-- mhatta/mhatta  271823 2007-12-29 04:29 a2ps-4.14/doc/a2ps.info
-rw-r--r-- mhatta/mhatta      88 2007-12-29 04:29 a2ps-4.14/doc/version.texi
-rw-r--r-- mhatta/mhatta  231329 2007-05-02 06:35 a2ps-4.14/doc/a2ps.texi
-rw-r--r-- mhatta/mhatta   28873 2007-12-29 04:29 a2ps-4.14/doc/sheets.texi
-rw-r--r-- mhatta/mhatta    1251 2007-04-04 13:57 a2ps-4.14/doc/translators.txt
-rw-r--r-- mhatta/mhatta      88 2007-12-29 04:29 a2ps-4.14/doc/stamp-vti
-rw-r--r-- mhatta/mhatta    3023 2007-05-02 06:35 a2ps-4.14/doc/contributors.txt
drwxr-xr-x mhatta/mhatta       0 2007-12-29 04:29 a2ps-4.14/doc/ps-ref/
-rw-r--r-- mhatta/mhatta  125173 2007-12-29 04:29 a2ps-4.14/doc/regex.info
-rw-r--r-- mhatta/mhatta   16275 2002-03-04 19:46 a2ps-4.14/doc/sample.eps
-rwxr-xr-x mhatta/mhatta    2482 2007-05-02 06:35 a2ps-4.14/doc/make-authors.pl
-rw-r--r-- mhatta/mhatta    4654 2007-12-29 04:29 a2ps-4.14/doc/encoding.texi
drwxr-xr-x mhatta/mhatta       0 2007-12-29 04:29 a2ps-4.14/etc/
-rw-r--r-- mhatta/mhatta   16252 2007-12-29 02:38 a2ps-4.14/etc/a2ps_cfg.in
-rw-r--r-- mhatta/mhatta    1654 2002-07-19 14:07 a2ps-4.14/etc/Makefile.am
-rw-r--r-- mhatta/mhatta   14601 2007-12-29 04:28 a2ps-4.14/etc/Makefile.in
-rw-r--r-- mhatta/mhatta    2567 2007-12-29 02:38 a2ps-4.14/etc/a2ps-site.cfg.in
-rw-r--r-- mhatta/mhatta    1012 2007-12-29 02:38 a2ps-4.14/etc/README.in
-rw-r--r-- mhatta/mhatta   94001 2007-12-29 04:19 a2ps-4.14/ChangeLog
-rw-r--r-- mhatta/mhatta    1787 2007-12-29 02:43 a2ps-4.14/README-cvs
drwxr-xr-x mhatta/mhatta       0 2007-12-29 04:29 a2ps-4.14/lib/
-rw-r--r-- mhatta/mhatta   21061 2007-12-29 02:58 a2ps-4.14/lib/options.c
-rw-r--r-- mhatta/mhatta    5334 2007-12-29 02:37 a2ps-4.14/lib/getshline.c
-rw-r--r-- mhatta/mhatta    7877 2007-12-29 02:37 a2ps-4.14/lib/hashtab.h
-rw-r--r-- mhatta/mhatta   66320 2007-12-29 04:28 a2ps-4.14/lib/fonts.c
-rw-r--r-- mhatta/mhatta    1879 2007-12-29 02:37 a2ps-4.14/lib/dirname.c
-rwxr-xr-x mhatta/mhatta    1854 2007-12-29 02:37 a2ps-4.14/lib/basename.c
-rw-r--r-- mhatta/mhatta    1957 2007-12-29 02:58 a2ps-4.14/lib/ppd.h
-rw-r--r-- mhatta/mhatta    2172 2007-12-29 02:58 a2ps-4.14/lib/filalign.c
-rw-r--r-- mhatta/mhatta    1202 2007-12-29 02:37 a2ps-4.14/lib/strdup.c
-rw-r--r-- mhatta/mhatta   14298 2007-12-29 02:37 a2ps-4.14/lib/darray.c
-rw-r--r-- mhatta/mhatta    1667 2007-12-29 02:37 a2ps-4.14/lib/xdirent.h
-rw-r--r-- mhatta/mhatta    1410 2007-12-29 02:37 a2ps-4.14/lib/title.h
-rw-r--r-- mhatta/mhatta   35242 2007-12-29 02:58 a2ps-4.14/lib/metaseq.c
-rw-r--r-- mhatta/mhatta    4154 2007-12-29 02:58 a2ps-4.14/lib/psstat.h
-rw-r--r-- mhatta/mhatta    1962 2007-12-29 02:58 a2ps-4.14/lib/common.c
-rw-r--r-- mhatta/mhatta    1274 2007-12-29 02:37 a2ps-4.14/lib/realloc.c
-rw-r--r-- mhatta/mhatta    3637 2007-12-29 02:58 a2ps-4.14/lib/stream.c
-rw-r--r-- mhatta/mhatta    1246 2007-12-29 02:37 a2ps-4.14/lib/getpwuid.c
-rw-r--r-- mhatta/mhatta    3793 2007-12-29 04:28 a2ps-4.14/lib/liba2ps.h
-rw-r--r-- mhatta/mhatta   19639 2007-12-29 02:58 a2ps-4.14/lib/fonts.l
-rw-r--r-- mhatta/mhatta    1059 2007-12-29 02:37 a2ps-4.14/lib/xfnmatch.h
-rw-r--r-- mhatta/mhatta    1933 2007-12-29 02:58 a2ps-4.14/lib/psgen.h
-rw-r--r-- mhatta/mhatta    1438 2007-12-29 02:37 a2ps-4.14/lib/msg.c
-rw-r--r-- mhatta/mhatta   10418 2007-12-29 02:58 a2ps-4.14/lib/dsc.c
-rw-r--r-- mhatta/mhatta    3260 2007-12-29 02:37 a2ps-4.14/lib/userdata.c
-rw-r--r-- mhatta/mhatta    1679 2007-12-29 02:37 a2ps-4.14/lib/getnum.h
-rw-r--r-- mhatta/mhatta      42 2007-12-29 02:37 a2ps-4.14/lib/strtoumax.c
-rw-r--r-- mhatta/mhatta    7114 2007-12-29 02:58 a2ps-4.14/lib/pair_ht.c
-rw-r--r-- mhatta/mhatta    7111 2007-12-29 02:37 a2ps-4.14/lib/argv.c
-rw-r--r-- mhatta/mhatta    3168 2007-12-29 02:37 a2ps-4.14/lib/xalloc.h
-rw-r--r-- mhatta/mhatta    9512 2007-12-29 03:12 a2ps-4.14/lib/confg.gperf
-rw-r--r-- mhatta/mhatta    2528 2007-12-29 04:28 a2ps-4.14/lib/parseppd.h
-rw-r--r-- mhatta/mhatta    1295 2007-12-29 02:58 a2ps-4.14/lib/madir.h
-rw-r--r-- mhatta/mhatta    3781 2007-12-29 02:58 a2ps-4.14/lib/gen.c
-rw-r--r-- mhatta/mhatta   45808 2007-12-29 04:28 a2ps-4.14/lib/parseppd.c
-rw-r--r-- mhatta/mhatta    2091 2007-12-29 02:58 a2ps-4.14/lib/fonts.h
-rw-r--r-- mhatta/mhatta     897 2007-12-29 02:37 a2ps-4.14/lib/strtoul.c
-rw-r--r-- mhatta/mhatta    1908 2007-12-29 02:37 a2ps-4.14/lib/xgetcwd.c
-rw-r--r-- mhatta/mhatta    1854 2007-12-29 02:58 a2ps-4.14/lib/filalign.h
-rw-r--r-- mhatta/mhatta   25964 2007-12-29 02:58 a2ps-4.14/lib/psgen.c
-rw-r--r-- mhatta/mhatta    1820 2007-12-29 02:58 a2ps-4.14/lib/common.h
-rw-r--r-- mhatta/mhatta    1669 2007-12-29 02:37 a2ps-4.14/lib/tterm.h
-rw-r--r-- mhatta/mhatta    5663 2007-12-29 02:37 a2ps-4.14/lib/fnmatch.c
-rw-r--r-- mhatta/mhatta    6341 2007-12-29 02:58 a2ps-4.14/lib/jobs.h
-rw-r--r-- mhatta/mhatta    1545 2007-12-29 02:37 a2ps-4.14/lib/options.h
-rw-r--r-- mhatta/mhatta    2015 2007-12-29 02:37 a2ps-4.14/lib/atexit.c
-rw-r--r-- mhatta/mhatta    4044 2007-12-29 02:58 a2ps-4.14/lib/parseppd.y
-rw-r--r-- mhatta/mhatta    1807 2007-12-29 04:28 a2ps-4.14/lib/liba2ps.h.extract
-rw-r--r-- mhatta/mhatta    4896 2007-12-29 02:38 a2ps-4.14/lib/Makefile.am
-rw-r--r-- mhatta/mhatta    1690 2007-12-29 02:37 a2ps-4.14/lib/xstrdup.c
-rw-r--r-- mhatta/mhatta   11501 2007-12-29 02:37 a2ps-4.14/lib/strtol.c
-rw-r--r-- mhatta/mhatta    5711 2007-12-29 02:58 a2ps-4.14/lib/document.c
-rw-r--r-- mhatta/mhatta    2964 2007-12-29 02:58 a2ps-4.14/lib/caret.c
-rw-r--r-- mhatta/mhatta   55698 2007-12-29 04:28 a2ps-4.14/lib/Makefile.in
-rw-r--r-- mhatta/mhatta    3239 2007-12-29 02:37 a2ps-4.14/lib/title.c
-rw-r--r-- mhatta/mhatta    4293 2007-12-29 02:58 a2ps-4.14/lib/ppd.c
-rw-r--r-- mhatta/mhatta    2745 2007-12-29 02:37 a2ps-4.14/lib/fjobs.h
-rw-r--r-- mhatta/mhatta    3416 2007-12-29 02:37 a2ps-4.14/lib/strverscmp.c
-rw-r--r-- mhatta/mhatta    8112 2007-12-29 02:37 a2ps-4.14/lib/argmatch.c
-rw-r--r-- mhatta/mhatta    1436 2007-12-29 02:58 a2ps-4.14/lib/caret.h
-rw-r--r-- mhatta/mhatta    2871 2007-12-29 02:37 a2ps-4.14/lib/lister.h
-rw-r--r-- mhatta/mhatta    6880 2007-12-29 02:58 a2ps-4.14/lib/lexppd.l
-rw-r--r-- mhatta/mhatta    1271 2007-12-29 02:37 a2ps-4.14/lib/isdir.c
-rw-r--r-- mhatta/mhatta    5669 2007-12-29 02:37 a2ps-4.14/lib/xstrtol.c
-rw-r--r-- mhatta/mhatta    1180 2007-12-29 02:37 a2ps-4.14/lib/dummypwd.h
-rw-r--r-- mhatta/mhatta    3226 2007-12-29 02:37 a2ps-4.14/lib/message.c
-rw-r--r-- mhatta/mhatta    1203 2007-12-29 02:37 a2ps-4.14/lib/memcpy.c
-rw-r--r-- mhatta/mhatta    1662 2007-12-29 02:37 a2ps-4.14/lib/message.h
-rw-r--r-- mhatta/mhatta    8951 2007-12-29 02:37 a2ps-4.14/lib/dstring.c
-rw-r--r-- mhatta/mhatta    4586 2007-12-29 02:37 a2ps-4.14/lib/argmatch.h
-rw-r--r-- mhatta/mhatta    2672 2007-12-29 02:37 a2ps-4.14/lib/error.h
-rw-r--r-- mhatta/mhatta    7472 2007-12-29 02:37 a2ps-4.14/lib/routines.h
-rw-r--r-- mhatta/mhatta    8476 2007-12-29 02:37 a2ps-4.14/lib/hashtab.c
-rw-r--r-- mhatta/mhatta    2035 2007-12-29 02:58 a2ps-4.14/lib/prolog.h
-rw-r--r-- mhatta/mhatta    2882 2007-12-29 02:37 a2ps-4.14/lib/filtdir.c
-rw-r--r-- mhatta/mhatta    2257 2007-12-29 02:58 a2ps-4.14/lib/useropt.c
-rw-r--r-- mhatta/mhatta   14245 2007-12-29 02:37 a2ps-4.14/lib/alloca.c
-rw-r--r-- mhatta/mhatta    1223 2007-12-29 02:58 a2ps-4.14/lib/lexppd.h
-rw-r--r-- mhatta/mhatta     971 2007-12-29 02:37 a2ps-4.14/lib/a2ps.h
-rw-r--r-- mhatta/mhatta   13049 2007-12-29 02:37 a2ps-4.14/lib/pathwalk.c
-rw-r--r-- mhatta/mhatta    1529 2002-03-04 19:46 a2ps-4.14/lib/ansi2knr.1
-rw-r--r-- mhatta/mhatta   14124 2007-12-29 02:37 a2ps-4.14/lib/quotearg.c
-rw-r--r-- mhatta/mhatta    2112 2007-12-29 02:58 a2ps-4.14/lib/media.h
-rw-r--r-- mhatta/mhatta    1818 2007-12-29 02:37 a2ps-4.14/lib/stpncpy.c
-rw-r--r-- mhatta/mhatta    1488 2007-12-29 02:37 a2ps-4.14/lib/xstrrpl.h
-rw-r--r-- mhatta/mhatta    1705 2007-12-29 02:37 a2ps-4.14/lib/confg.h
-rw-r--r-- mhatta/mhatta    3224 2007-12-29 02:58 a2ps-4.14/lib/str_ht.c
-rw-r--r-- mhatta/mhatta    1440 2007-12-29 02:37 a2ps-4.14/lib/stpcpy.c
-rw-r--r-- mhatta/mhatta    1856 2007-12-29 02:58 a2ps-4.14/lib/stream.h
-rw-r--r-- mhatta/mhatta    2923 2007-12-29 02:58 a2ps-4.14/lib/output.h
-rw-r--r-- mhatta/mhatta     749 2002-03-04 19:46 a2ps-4.14/lib/README
-rwxr-xr-x mhatta/mhatta    2935 2007-12-29 02:37 a2ps-4.14/lib/xmalloc.c
-rw-r--r-- mhatta/mhatta    3516 2007-12-29 02:37 a2ps-4.14/lib/rename.c
-rw-r--r-- mhatta/mhatta    4276 2007-12-29 04:28 a2ps-4.14/lib/parseppd.output
-rw-r--r-- mhatta/mhatta    5863 2007-12-29 02:37 a2ps-4.14/lib/getopt.h
-rw-r--r-- mhatta/mhatta     961 2007-12-29 02:37 a2ps-4.14/lib/getuid.c
-rw-r--r-- mhatta/mhatta    1763 2007-12-29 02:37 a2ps-4.14/lib/pathmax.h
-rw-r--r-- mhatta/mhatta    3049 2007-12-29 02:37 a2ps-4.14/lib/gettext.h
-rw-r--r-- mhatta/mhatta    2725 2007-12-29 02:58 a2ps-4.14/lib/metaseq.h
-rw-r--r-- mhatta/mhatta    1104 2007-12-29 02:37 a2ps-4.14/lib/strtoull.c
-rw-r--r-- mhatta/mhatta    3959 2007-12-29 02:37 a2ps-4.14/lib/argv.h
-rw-r--r-- mhatta/mhatta   29954 2007-12-29 02:37 a2ps-4.14/lib/getopt.c
-rw-r--r-- mhatta/mhatta   18303 2007-12-29 02:37 a2ps-4.14/lib/lister.c
-rw-r--r-- mhatta/mhatta    2135 2007-12-29 02:37 a2ps-4.14/lib/signame.h
-rw-r--r-- mhatta/mhatta    1943 2007-12-29 02:37 a2ps-4.14/lib/strcasecmp.c
-rw-r--r-- mhatta/mhatta    1999 2007-12-29 02:58 a2ps-4.14/lib/liba2ps.h.in
-rw-r--r-- mhatta/mhatta    4530 2007-12-29 02:37 a2ps-4.14/lib/quotearg.h
-rw-r--r-- mhatta/mhatta   59060 2007-12-29 04:28 a2ps-4.14/lib/lexppd.c
-rw-r--r-- mhatta/mhatta   17437 2007-12-29 02:37 a2ps-4.14/lib/printers.c
-rw-r--r-- mhatta/mhatta   18153 2007-12-29 02:58 a2ps-4.14/lib/prolog.c
-rw-r--r-- mhatta/mhatta   10718 2007-12-29 02:37 a2ps-4.14/lib/jobs.c
-rw-r--r-- mhatta/mhatta    3477 2007-12-29 02:37 a2ps-4.14/lib/printers.h
-rw-r--r-- mhatta/mhatta    1132 2007-12-29 02:37 a2ps-4.14/lib/malloc.c
-rw-r--r-- mhatta/mhatta     233 2007-12-29 02:37 a2ps-4.14/lib/closeout.h
-rw-r--r-- mhatta/mhatta    3996 2007-12-29 02:37 a2ps-4.14/lib/fjobs.c
-rw-r--r-- mhatta/mhatta    1538 2007-12-29 02:58 a2ps-4.14/lib/madir.c
-rw-r--r-- mhatta/mhatta     983 2007-12-29 02:37 a2ps-4.14/lib/xobstack.h
-rw-r--r-- mhatta/mhatta    1660 2007-12-29 02:58 a2ps-4.14/lib/prange.h
-rw-r--r-- mhatta/mhatta    1693 2007-12-29 02:37 a2ps-4.14/lib/xstrtol.h
-rw-r--r-- mhatta/mhatta   15118 2007-12-29 02:37 a2ps-4.14/lib/mktime.c
-rw-r--r-- mhatta/mhatta    2889 2007-12-29 02:37 a2ps-4.14/lib/path-concat.c
-rw-r--r-- mhatta/mhatta    2214 2007-12-29 02:37 a2ps-4.14/lib/getshline.h
-rw-r--r-- mhatta/mhatta    1552 2007-12-29 02:37 a2ps-4.14/lib/printlen.h
-rw-r--r-- mhatta/mhatta     408 2007-12-29 02:37 a2ps-4.14/lib/strverscmp.h
-rw-r--r-- mhatta/mhatta    3449 2007-12-29 02:37 a2ps-4.14/lib/xstrrpl.c
-rw-r--r-- mhatta/mhatta    2629 2007-12-29 02:37 a2ps-4.14/lib/addext.c
-rw-r--r-- mhatta/mhatta    4555 2007-12-29 02:37 a2ps-4.14/lib/getopt1.c
-rw-r--r-- mhatta/mhatta    2050 2007-12-29 02:58 a2ps-4.14/lib/gen.h
-rw-r--r-- mhatta/mhatta    2436 2007-12-29 02:37 a2ps-4.14/lib/fnmatch.h
-rw-r--r-- mhatta/mhatta    2160 2007-12-29 02:37 a2ps-4.14/lib/strtoimax.c
-rw-r--r-- mhatta/mhatta    5075 2007-12-29 02:58 a2ps-4.14/lib/routines.c
-rw-r--r-- mhatta/mhatta    5347 2007-12-29 02:37 a2ps-4.14/lib/dstring.h
-rw-r--r-- mhatta/mhatta    3784 2007-12-29 02:58 a2ps-4.14/lib/encoding.h
-rw-r--r-- mhatta/mhatta   12101 2007-12-29 02:37 a2ps-4.14/lib/system.h
-rw-r--r-- mhatta/mhatta    1897 2007-12-29 02:58 a2ps-4.14/lib/document.h
-rw-r--r-- mhatta/mhatta    1001 2007-12-29 02:37 a2ps-4.14/lib/yy2ppd.h
-rw-r--r-- mhatta/mhatta    4384 2007-12-29 02:58 a2ps-4.14/lib/faces.c
-rw-r--r-- mhatta/mhatta    5929 2007-12-29 02:37 a2ps-4.14/lib/getnum.c
-rw-r--r-- mhatta/mhatta    7426 2007-12-29 02:37 a2ps-4.14/lib/backupfile.c
-rw-r--r-- mhatta/mhatta    4745 2007-12-29 02:37 a2ps-4.14/lib/tterm.c
-rw-r--r-- mhatta/mhatta    1039 2007-12-29 02:37 a2ps-4.14/lib/dirname.h
-rw-r--r-- mhatta/mhatta    2315 2007-12-29 02:58 a2ps-4.14/lib/dsc.h
-rw-r--r-- mhatta/mhatta    1925 2007-12-29 02:37 a2ps-4.14/lib/xgethostname.c
-rw-r--r-- mhatta/mhatta    5640 2007-12-29 02:37 a2ps-4.14/lib/verify.h
-rw-r--r-- mhatta/mhatta    1649 2007-12-29 02:58 a2ps-4.14/lib/str_ht.h
-rw-r--r-- mhatta/mhatta    1239 2007-12-29 02:37 a2ps-4.14/lib/stpncpy.h
-rw-r--r-- mhatta/mhatta    3254 2007-12-29 02:58 a2ps-4.14/lib/faces.h
-rw-r--r-- mhatta/mhatta   17837 2007-12-29 02:37 a2ps-4.14/lib/obstack.c
-rw-r--r-- mhatta/mhatta    2609 2007-12-29 02:58 a2ps-4.14/lib/pair_ht.h
-rw-r--r-- mhatta/mhatta   14714 2007-12-29 04:28 a2ps-4.14/lib/confg.c
-rw-r--r-- mhatta/mhatta    5726 2007-12-29 02:58 a2ps-4.14/lib/media.c
-rw-r--r-- mhatta/mhatta    6506 2007-12-29 02:37 a2ps-4.14/lib/error.c
-rw-r--r-- mhatta/mhatta    1901 2007-12-29 02:37 a2ps-4.14/lib/backupfile.h
-rw-r--r-- mhatta/mhatta    1683 2007-12-29 02:37 a2ps-4.14/lib/gethostname.c
-rw-r--r-- mhatta/mhatta    2742 2007-12-29 02:37 a2ps-4.14/lib/closeout.c
-rw-r--r-- mhatta/mhatta    1308 2007-12-29 02:37 a2ps-4.14/lib/userdata.h
-rw-r--r-- mhatta/mhatta    2538 2007-12-29 02:37 a2ps-4.14/lib/printlen.c
-rw-r--r-- mhatta/mhatta     940 2007-12-29 02:37 a2ps-4.14/lib/memset.c
-rw-r--r-- mhatta/mhatta   11133 2007-12-29 02:58 a2ps-4.14/lib/psstat.c
-rw-r--r-- mhatta/mhatta    4751 2007-12-29 02:37 a2ps-4.14/lib/darray.h
-rw-r--r-- mhatta/mhatta    1485 2007-12-29 02:37 a2ps-4.14/lib/filtdir.h
-rw-r--r-- mhatta/mhatta    1718 2007-12-29 02:58 a2ps-4.14/lib/useropt.h
-rw-r--r-- mhatta/mhatta   22818 2007-12-29 02:37 a2ps-4.14/lib/obstack.h
-rw-r--r-- mhatta/mhatta    1807 2007-12-29 02:37 a2ps-4.14/lib/msg.h
-rw-r--r-- mhatta/mhatta    9077 2007-12-29 02:58 a2ps-4.14/lib/prange.c
-rw-r--r-- mhatta/mhatta    7708 2007-12-29 02:37 a2ps-4.14/lib/xbackupfile.c
-rw-r--r-- mhatta/mhatta   30436 2007-12-29 02:37 a2ps-4.14/lib/encoding.c
-rw-r--r-- mhatta/mhatta    2919 2007-12-29 02:58 a2ps-4.14/lib/pathwalk.h
-rw-r--r-- mhatta/mhatta    1322 2007-12-29 02:37 a2ps-4.14/lib/path-concat.h
-rw-r--r-- mhatta/mhatta    8109 2007-12-29 02:37 a2ps-4.14/lib/signame.c
-rw-r--r-- mhatta/mhatta   29834 2007-12-29 02:37 a2ps-4.14/lib/strftime.c
-rw-r--r-- mhatta/mhatta   18703 2007-12-29 02:37 a2ps-4.14/lib/ansi2knr.c
-rw-r--r-- mhatta/mhatta      45 2007-12-29 02:37 a2ps-4.14/lib/strncasecmp.c
-rw-r--r-- mhatta/mhatta    1475 2007-12-29 02:37 a2ps-4.14/lib/xbackupfile.h
-rw-r--r-- mhatta/mhatta   14225 2007-12-29 02:58 a2ps-4.14/lib/output.c
drwxr-xr-x mhatta/mhatta       0 2007-12-29 04:27 a2ps-4.14/arch/
drwxr-xr-x mhatta/mhatta       0 2007-12-29 04:27 a2ps-4.14/arch/os2/
-rw-r--r-- mhatta/mhatta    3470 2002-03-04 19:46 a2ps-4.14/arch/os2/Makefile.os2
-rw-r--r-- mhatta/mhatta   14307 2007-12-29 02:41 a2ps-4.14/arch/os2/a2ps_cfg.os2
-rw-r--r-- mhatta/mhatta    2586 2002-03-04 19:46 a2ps-4.14/arch/os2/a2ps-site.cfg.os2
-rw-r--r-- mhatta/mhatta    4663 2002-03-04 19:46 a2ps-4.14/arch/os2/README
-rw-r--r-- mhatta/mhatta    1050 2002-03-04 19:46 a2ps-4.14/arch/os2/gsse.cmd.os2
-rw-r--r-- mhatta/mhatta   12305 2002-03-04 19:46 a2ps-4.14/arch/os2/config.h.os2
drwxr-xr-x mhatta/mhatta       0 2007-12-29 04:29 a2ps-4.14/encoding/
-rw-r--r-- mhatta/mhatta    3695 2007-12-29 02:39 a2ps-4.14/encoding/iso3.edf
-rw-r--r-- mhatta/mhatta    3782 2007-12-29 02:58 a2ps-4.14/encoding/ms-cp1251.edf
-rw-r--r-- mhatta/mhatta    3675 2007-12-29 02:39 a2ps-4.14/encoding/iso4.edf
-rw-r--r-- mhatta/mhatta    2951 2007-12-29 02:39 a2ps-4.14/encoding/iso7.edf
-rw-r--r-- mhatta/mhatta    4353 2007-12-29 02:39 a2ps-4.14/encoding/iso5.edf
-rw-r--r-- mhatta/mhatta     895 2007-12-29 02:39 a2ps-4.14/encoding/Makefile.am
-rw-r--r-- mhatta/mhatta   13260 2007-12-29 04:28 a2ps-4.14/encoding/Makefile.in
-rw-r--r-- mhatta/mhatta    3590 2007-12-29 02:58 a2ps-4.14/encoding/koi8.edf
-rw-r--r-- mhatta/mhatta    2777 2007-12-29 02:39 a2ps-4.14/encoding/hp.edf
-rw-r--r-- mhatta/mhatta     259 2002-03-04 19:46 a2ps-4.14/encoding/README
-rw-r--r-- mhatta/mhatta    3695 2007-12-29 02:39 a2ps-4.14/encoding/iso15.edf
-rw-r--r-- mhatta/mhatta    3503 2007-12-29 02:39 a2ps-4.14/encoding/ibm-cp437.edf
-rw-r--r-- mhatta/mhatta    2942 2007-12-29 02:39 a2ps-4.14/encoding/mac.edf
-rw-r--r-- mhatta/mhatta    3035 2007-12-29 02:39 a2ps-4.14/encoding/encoding.map
-rw-r--r-- mhatta/mhatta    2826 2007-12-29 02:39 a2ps-4.14/encoding/ibm-cp850.edf
-rw-r--r-- mhatta/mhatta    3717 2007-12-29 02:39 a2ps-4.14/encoding/iso13.edf
-rw-r--r-- mhatta/mhatta    3777 2007-12-29 02:39 a2ps-4.14/encoding/iso2.edf
-rw-r--r-- mhatta/mhatta    3709 2007-12-29 02:39 a2ps-4.14/encoding/iso9.edf
-rw-r--r-- mhatta/mhatta    2700 2007-12-29 02:39 a2ps-4.14/encoding/ascii.edf
-rw-r--r-- mhatta/mhatta    3658 2007-12-29 02:39 a2ps-4.14/encoding/iso10.edf
-rw-r--r-- mhatta/mhatta    3475 2007-12-29 02:39 a2ps-4.14/encoding/ms-cp1250.edf
-rw-r--r-- mhatta/mhatta    3732 2007-12-29 02:39 a2ps-4.14/encoding/iso1.edf
-rw-r--r-- mhatta/mhatta   35068 2007-12-29 04:29 a2ps-4.14/COPYING
drwxr-xr-x mhatta/mhatta       0 2007-12-29 04:29 a2ps-4.14/tests/
-rwxr-xr-x mhatta/mhatta     669 2002-03-04 19:46 a2ps-4.14/tests/options-1.tst
-rw-r--r-- mhatta/mhatta    3503 2002-03-04 19:46 a2ps-4.14/tests/a2ps-tst.cfg.in
-rwxr-xr-x mhatta/mhatta     571 2002-03-04 19:46 a2ps-4.14/tests/pages-2.tst
-rwxr-xr-x mhatta/mhatta     531 2002-03-04 19:46 a2ps-4.14/tests/inout-2.tst
-rwxr-xr-x mhatta/mhatta     470 2002-03-04 19:46 a2ps-4.14/tests/deleg-1.tst
-rwxr-xr-x mhatta/mhatta    1075 2002-03-04 19:46 a2ps-4.14/tests/guess-1.tst
-rw-r--r-- mhatta/mhatta    2091 2007-12-29 03:12 a2ps-4.14/tests/Makefile.am
-rw-r--r-- mhatta/mhatta   15068 2007-12-29 04:28 a2ps-4.14/tests/Makefile.in
-rwxr-xr-x mhatta/mhatta     637 2002-03-04 19:46 a2ps-4.14/tests/prolog-2.tst
-rw-r--r-- mhatta/mhatta    2616 2007-04-22 09:53 a2ps-4.14/tests/defs.in
-rwxr-xr-x mhatta/mhatta     459 2002-03-04 19:46 a2ps-4.14/tests/cut.tst
-rwxr-xr-x mhatta/mhatta    1980 2002-03-04 19:46 a2ps-4.14/tests/backup.tst
-rwxr-xr-x mhatta/mhatta     767 2002-03-07 12:51 a2ps-4.14/tests/inline.tst
-rwxr-xr-x mhatta/mhatta    3543 2002-03-04 19:46 a2ps-4.14/tests/styles.tst
-rwxr-xr-x mhatta/mhatta     438 2002-03-04 19:46 a2ps-4.14/tests/usropt-1.tst
-rwxr-xr-x mhatta/mhatta     437 2002-03-04 19:46 a2ps-4.14/tests/view-diff
-rwxr-xr-x mhatta/mhatta     683 2002-03-04 19:46 a2ps-4.14/tests/params.tst
-rwxr-xr-x mhatta/mhatta     898 2002-03-04 19:46 a2ps-4.14/tests/strip.tst
drwxr-xr-x mhatta/mhatta       0 2007-12-29 04:27 a2ps-4.14/tests/tstfiles/
-rw-r--r-- mhatta/mhatta    8129 2002-03-04 19:46 a2ps-4.14/tests/tstfiles/ex_PSGETRS.f90
-rw-r--r-- mhatta/mhatta      18 2002-03-04 19:46 a2ps-4.14/tests/tstfiles/formfeed.txt
-rw-r--r-- mhatta/mhatta      91 2002-03-04 19:46 a2ps-4.14/tests/tstfiles/configure.in
-rw-r--r-- mhatta/mhatta    3590 2002-03-04 19:46 a2ps-4.14/tests/tstfiles/essai2.o2c
-rw-r--r-- mhatta/mhatta     805 2002-03-06 19:02 a2ps-4.14/tests/tstfiles/ex1.asn1
-rw-r--r-- mhatta/mhatta     989 2002-03-06 19:02 a2ps-4.14/tests/tstfiles/eplv_chkr.v
-rw-r--r-- mhatta/mhatta    3788 2002-03-04 19:46 a2ps-4.14/tests/tstfiles/wide.txt
-rw-r--r-- mhatta/mhatta   12096 2002-03-04 19:46 a2ps-4.14/tests/tstfiles/typing.cl
-rw-r--r-- mhatta/mhatta    1188 2002-03-04 19:46 a2ps-4.14/tests/tstfiles/pi.b
-rw-r--r-- mhatta/mhatta    1297 2002-03-04 19:46 a2ps-4.14/tests/tstfiles/sqlspace.pkb
-rw-r--r-- mhatta/mhatta    2725 2002-03-06 19:02 a2ps-4.14/tests/tstfiles/ehandler
-rw-r--r-- mhatta/mhatta    5866 2002-03-04 19:46 a2ps-4.14/tests/tstfiles/symbol.pre
-rw-r--r-- mhatta/mhatta    1611 2002-03-04 19:46 a2ps-4.14/tests/tstfiles/includeres
-rw-r--r-- mhatta/mhatta    1229 2002-03-04 19:46 a2ps-4.14/tests/tstfiles/confirm.m3
-rw-r--r-- mhatta/mhatta   11395 2002-03-04 19:46 a2ps-4.14/tests/tstfiles/report.pre
-rw-r--r-- mhatta/mhatta   12941 2007-12-29 03:02 a2ps-4.14/tests/tstfiles/s-garnam.adb
-rw-r--r-- mhatta/mhatta    1852 2002-03-04 19:46 a2ps-4.14/tests/tstfiles/mofibida.hs
-rw-r--r-- mhatta/mhatta    1019 2007-04-22 09:53 a2ps-4.14/tests/tstfiles/InsertBlock.java
-rw-r--r-- mhatta/mhatta    5069 2002-03-06 19:02 a2ps-4.14/tests/tstfiles/vrcaml.ml
-rw-r--r-- mhatta/mhatta    3601 2002-03-04 19:46 a2ps-4.14/tests/tstfiles/template.e
-rw-r--r-- mhatta/mhatta     115 2002-03-04 19:46 a2ps-4.14/tests/tstfiles/sqlpq92.sql
-rw-r--r-- mhatta/mhatta    3729 2002-03-04 19:46 a2ps-4.14/tests/tstfiles/snacc.mib
-rw-r--r-- mhatta/mhatta      21 2002-03-04 19:46 a2ps-4.14/tests/tstfiles/3-pages.txt
-rw-r--r-- mhatta/mhatta    1268 2002-03-04 19:46 a2ps-4.14/tests/tstfiles/synopsys.setup
-rw-r--r-- mhatta/mhatta    5125 2002-03-06 19:02 a2ps-4.14/tests/tstfiles/sqlinit.ora
-rw-r--r-- mhatta/mhatta    3119 2002-03-04 19:46 a2ps-4.14/tests/tstfiles/AppDelegate.m
-rw-r--r-- mhatta/mhatta    3128 2002-03-04 19:46 a2ps-4.14/tests/tstfiles/a2ps.man
-rw-r--r-- mhatta/mhatta    1581 2002-03-04 19:46 a2ps-4.14/tests/tstfiles/mutex.py
-rw-r--r-- mhatta/mhatta    7895 2007-12-29 03:03 a2ps-4.14/tests/tstfiles/psmandup
-rw-r--r-- mhatta/mhatta    3620 2007-04-22 09:53 a2ps-4.14/tests/tstfiles/ShellNewDummyHook.pas
-rw-r--r-- mhatta/mhatta     377 2002-03-04 19:46 a2ps-4.14/tests/tstfiles/run-help
-rw-r--r-- mhatta/mhatta    4810 2002-03-04 19:46 a2ps-4.14/tests/tstfiles/strange.mail
-rw-r--r-- mhatta/mhatta   12172 2002-03-04 19:46 a2ps-4.14/tests/tstfiles/ftp2.pml
-rw-r--r-- mhatta/mhatta    1979 2002-03-04 19:46 a2ps-4.14/tests/tstfiles/tabulation.pre
-rw-r--r-- mhatta/mhatta    2882 2002-03-04 19:46 a2ps-4.14/tests/tstfiles/bookie.idl
-rw-r--r-- mhatta/mhatta    5934 2002-03-04 19:46 a2ps-4.14/tests/tstfiles/sqlcrtbl.sql
-rw-r--r-- mhatta/mhatta    3618 2002-03-04 19:46 a2ps-4.14/tests/tstfiles/polkaIDL.hh
-rw-r--r-- mhatta/mhatta     479 2002-03-04 19:46 a2ps-4.14/tests/tstfiles/prosamp.pre
-rw-r--r-- mhatta/mhatta    1297 2002-03-04 19:46 a2ps-4.14/tests/tstfiles/space.pls
-rw-r--r-- mhatta/mhatta     754 2002-03-04 19:46 a2ps-4.14/tests/tstfiles/mtvplot.octave
-rw-r--r-- mhatta/mhatta    6888 2002-03-04 19:46 a2ps-4.14/tests/tstfiles/encoding.pre
-rwxr-xr-x mhatta/mhatta     480 2002-03-04 19:46 a2ps-4.14/tests/deleg-2.tst
drwxr-xr-x mhatta/mhatta       0 2007-12-29 04:27 a2ps-4.14/tests/gps-ref/
-rw-r--r-- mhatta/mhatta    4337 2007-12-29 02:46 a2ps-4.14/tests/gps-ref/a2ps.ps
-rw-r--r-- mhatta/mhatta     582 2007-12-29 02:46 a2ps-4.14/tests/gps-ref/configure.ps
-rw-r--r-- mhatta/mhatta    8684 2007-12-29 02:46 a2ps-4.14/tests/gps-ref/vrcaml.ps
-rw-r--r-- mhatta/mhatta   24243 2007-12-29 02:46 a2ps-4.14/tests/gps-ref/ftp2.ps
-rw-r--r-- mhatta/mhatta   12602 2007-12-29 02:46 a2ps-4.14/tests/gps-ref/sqlcrtbl.ps
-rw-r--r-- mhatta/mhatta   13405 2007-12-29 02:46 a2ps-4.14/tests/gps-ref/strange.ps
-rw-r--r-- mhatta/mhatta    7815 2007-12-29 02:46 a2ps-4.14/tests/gps-ref/template.ps
-rw-r--r-- mhatta/mhatta   19268 2007-12-29 02:46 a2ps-4.14/tests/gps-ref/typing.ps
-rw-r--r-- mhatta/mhatta    2478 2007-12-29 02:46 a2ps-4.14/tests/gps-ref/synopsys.ps
-rw-r--r-- mhatta/mhatta    2561 2007-12-29 02:46 a2ps-4.14/tests/gps-ref/pi.ps
-rw-r--r-- mhatta/mhatta    3068 2007-12-29 02:46 a2ps-4.14/tests/gps-ref/tabulation.ps
-rw-r--r-- mhatta/mhatta     607 2007-12-29 02:46 a2ps-4.14/tests/gps-ref/sqlpq92.ps
-rw-r--r-- mhatta/mhatta    1930 2007-12-29 02:46 a2ps-4.14/tests/gps-ref/ex1.ps
-rw-r--r-- mhatta/mhatta    7078 2007-12-29 02:46 a2ps-4.14/tests/gps-ref/essai2.ps
-rw-r--r-- mhatta/mhatta    1164 2007-12-29 02:46 a2ps-4.14/tests/gps-ref/run-help.ps
-rw-r--r-- mhatta/mhatta   24624 2007-12-29 02:46 a2ps-4.14/tests/gps-ref/s-garnam.ps
-rw-r--r-- mhatta/mhatta    3056 2007-12-29 02:46 a2ps-4.14/tests/gps-ref/formfeed.ps
-rw-r--r-- mhatta/mhatta    7915 2007-12-29 02:46 a2ps-4.14/tests/gps-ref/wide.ps
-rw-r--r-- mhatta/mhatta   13950 2007-12-29 02:46 a2ps-4.14/tests/gps-ref/ex_PSGETRS.ps
-rw-r--r-- mhatta/mhatta    6110 2007-12-29 02:46 a2ps-4.14/tests/gps-ref/AppDelegate.ps
-rw-r--r-- mhatta/mhatta   10111 2007-12-29 02:46 a2ps-4.14/tests/gps-ref/symbol.ps
-rw-r--r-- mhatta/mhatta    5736 2007-12-29 02:46 a2ps-4.14/tests/gps-ref/bookie.ps
-rw-r--r-- mhatta/mhatta    6029 2007-12-29 02:46 a2ps-4.14/tests/gps-ref/ShellNewDummyHook.ps
-rw-r--r-- mhatta/mhatta    9871 2007-12-29 02:46 a2ps-4.14/tests/gps-ref/report.ps
-rw-r--r-- mhatta/mhatta    2475 2007-12-29 02:46 a2ps-4.14/tests/gps-ref/confirm.ps
-rw-r--r-- mhatta/mhatta    2640 2007-12-29 02:46 a2ps-4.14/tests/gps-ref/InsertBlock.ps
-rw-r--r-- mhatta/mhatta     899 2007-12-29 02:46 a2ps-4.14/tests/gps-ref/prosamp.ps
-rw-r--r-- mhatta/mhatta    3577 2007-12-29 02:46 a2ps-4.14/tests/gps-ref/mofibida.ps
-rw-r--r-- mhatta/mhatta    6882 2007-12-29 02:46 a2ps-4.14/tests/gps-ref/polkaIDL.ps
-rw-r--r-- mhatta/mhatta    5685 2007-12-29 02:46 a2ps-4.14/tests/gps-ref/ehandler.ps
-rw-r--r-- mhatta/mhatta    2895 2007-12-29 02:46 a2ps-4.14/tests/gps-ref/sqlspace.ps
-rw-r--r-- mhatta/mhatta    6344 2007-12-29 02:46 a2ps-4.14/tests/gps-ref/snacc.ps
-rw-r--r-- mhatta/mhatta    2203 2007-12-29 02:46 a2ps-4.14/tests/gps-ref/eplv_chkr.ps
-rw-r--r-- mhatta/mhatta    2892 2007-12-29 02:46 a2ps-4.14/tests/gps-ref/space.ps
-rw-r--r-- mhatta/mhatta    8047 2007-12-29 02:46 a2ps-4.14/tests/gps-ref/sqlinit.ps
-rw-r--r-- mhatta/mhatta    3642 2007-12-29 02:46 a2ps-4.14/tests/gps-ref/includeres.ps
-rw-r--r-- mhatta/mhatta    1657 2007-12-29 02:46 a2ps-4.14/tests/gps-ref/mtvplot.ps
-rw-r--r-- mhatta/mhatta    3668 2007-12-29 02:46 a2ps-4.14/tests/gps-ref/mutex.ps
-rw-r--r-- mhatta/mhatta   14609 2007-12-29 02:46 a2ps-4.14/tests/gps-ref/psmandup.ps
drwxr-xr-x mhatta/mhatta       0 2007-12-29 04:28 a2ps-4.14/tests/ps-chk/
-rwxr-xr-x mhatta/mhatta     988 2002-03-04 19:46 a2ps-4.14/tests/toc.tst
-rwxr-xr-x mhatta/mhatta     805 2002-03-04 19:46 a2ps-4.14/tests/usropt-2.tst
-rwxr-xr-x mhatta/mhatta     526 2002-03-04 19:46 a2ps-4.14/tests/inout-1.tst
drwxr-xr-x mhatta/mhatta       0 2007-12-29 04:27 a2ps-4.14/tests/ps-ref/
-rw-r--r-- mhatta/mhatta    3935 2007-12-29 02:46 a2ps-4.14/tests/ps-ref/a2ps.ps
-rw-r--r-- mhatta/mhatta    1847 2007-12-29 02:46 a2ps-4.14/tests/ps-ref/cut.ps
-rw-r--r-- mhatta/mhatta    2342 2007-12-29 02:46 a2ps-4.14/tests/ps-ref/pages-1.ps
-rw-r--r-- mhatta/mhatta     565 2007-12-29 02:46 a2ps-4.14/tests/ps-ref/configure.ps
-rw-r--r-- mhatta/mhatta    8340 2007-12-29 02:46 a2ps-4.14/tests/ps-ref/vrcaml.ps
-rw-r--r-- mhatta/mhatta    1575 2007-12-29 02:46 a2ps-4.14/tests/ps-ref/al1-3.ps
-rw-r--r-- mhatta/mhatta   20176 2007-12-29 02:46 a2ps-4.14/tests/ps-ref/ftp2.ps
-rw-r--r-- mhatta/mhatta   11584 2007-12-29 02:46 a2ps-4.14/tests/ps-ref/sqlcrtbl.ps
-rw-r--r-- mhatta/mhatta     789 2007-12-29 02:46 a2ps-4.14/tests/ps-ref/strip-1.ps
-rw-r--r-- mhatta/mhatta   12474 2007-12-29 02:46 a2ps-4.14/tests/ps-ref/strange.ps
-rw-r--r-- mhatta/mhatta    7320 2007-12-29 02:46 a2ps-4.14/tests/ps-ref/template.ps
-rw-r--r-- mhatta/mhatta   16925 2007-12-29 02:46 a2ps-4.14/tests/ps-ref/typing.ps
-rw-r--r-- mhatta/mhatta    2178 2007-12-29 02:46 a2ps-4.14/tests/ps-ref/synopsys.ps
-rw-r--r-- mhatta/mhatta    2292 2007-12-29 02:46 a2ps-4.14/tests/ps-ref/pi.ps
-rw-r--r-- mhatta/mhatta    2887 2007-12-29 02:46 a2ps-4.14/tests/ps-ref/tabulation.ps
-rw-r--r-- mhatta/mhatta     585 2007-12-29 02:46 a2ps-4.14/tests/ps-ref/sqlpq92.ps
-rw-r--r-- mhatta/mhatta    1736 2007-12-29 02:46 a2ps-4.14/tests/ps-ref/ex1.ps
-rw-r--r-- mhatta/mhatta  127703 2007-12-29 02:46 a2ps-4.14/tests/ps-ref/encoding.ps
-rw-r--r-- mhatta/mhatta    6634 2007-12-29 02:46 a2ps-4.14/tests/ps-ref/essai2.ps
-rw-r--r-- mhatta/mhatta    7039 2007-12-29 02:46 a2ps-4.14/tests/ps-ref/toc.ps
-rw-r--r-- mhatta/mhatta     983 2007-12-29 02:46 a2ps-4.14/tests/ps-ref/run-help.ps
-rw-r--r-- mhatta/mhatta   21527 2007-12-29 02:46 a2ps-4.14/tests/ps-ref/s-garnam.ps
-rw-r--r-- mhatta/mhatta    3018 2007-12-29 02:46 a2ps-4.14/tests/ps-ref/formfeed.ps
-rw-r--r-- mhatta/mhatta    7552 2007-12-29 02:46 a2ps-4.14/tests/ps-ref/wide.ps
-rw-r--r-- mhatta/mhatta   12659 2007-12-29 02:46 a2ps-4.14/tests/ps-ref/ex_PSGETRS.ps
-rw-r--r-- mhatta/mhatta    5272 2007-12-29 02:46 a2ps-4.14/tests/ps-ref/AppDelegate.ps
-rw-r--r-- mhatta/mhatta    9873 2007-12-29 02:46 a2ps-4.14/tests/ps-ref/symbol.ps
-rw-r--r-- mhatta/mhatta     751 2007-12-29 02:46 a2ps-4.14/tests/ps-ref/strip-3.ps
-rw-r--r-- mhatta/mhatta    5171 2007-12-29 02:46 a2ps-4.14/tests/ps-ref/bookie.ps
-rw-r--r-- mhatta/mhatta    5413 2007-12-29 02:46 a2ps-4.14/tests/ps-ref/ShellNewDummyHook.ps
-rw-r--r-- mhatta/mhatta    9160 2007-12-29 02:46 a2ps-4.14/tests/ps-ref/report.ps
-rw-r--r-- mhatta/mhatta    2117 2007-12-29 02:46 a2ps-4.14/tests/ps-ref/confirm.ps
-rw-r--r-- mhatta/mhatta    2393 2007-12-29 02:46 a2ps-4.14/tests/ps-ref/InsertBlock.ps
-rw-r--r-- mhatta/mhatta    1503 2007-12-29 02:46 a2ps-4.14/tests/ps-ref/al1-rank.ps
-rw-r--r-- mhatta/mhatta     818 2007-12-29 02:46 a2ps-4.14/tests/ps-ref/prosamp.ps
-rw-r--r-- mhatta/mhatta    3110 2007-12-29 02:46 a2ps-4.14/tests/ps-ref/mofibida.ps
-rw-r--r-- mhatta/mhatta       3 2007-12-29 02:46 a2ps-4.14/tests/ps-ref/del.ps
-rw-r--r-- mhatta/mhatta    6212 2007-12-29 02:46 a2ps-4.14/tests/ps-ref/polkaIDL.ps
-rw-r--r-- mhatta/mhatta    5166 2007-12-29 02:46 a2ps-4.14/tests/ps-ref/ehandler.ps
-rw-r--r-- mhatta/mhatta    2603 2007-12-29 02:46 a2ps-4.14/tests/ps-ref/sqlspace.ps
-rw-r--r-- mhatta/mhatta    5676 2007-12-29 02:46 a2ps-4.14/tests/ps-ref/snacc.ps
-rw-r--r-- mhatta/mhatta     818 2007-12-29 02:46 a2ps-4.14/tests/ps-ref/strip-0.ps
-rw-r--r-- mhatta/mhatta    1931 2007-12-29 02:46 a2ps-4.14/tests/ps-ref/eplv_chkr.ps
-rw-r--r-- mhatta/mhatta    2600 2007-12-29 02:46 a2ps-4.14/tests/ps-ref/space.ps
-rw-r--r-- mhatta/mhatta    1539 2007-12-29 02:46 a2ps-4.14/tests/ps-ref/al1-sheet.ps
-rw-r--r-- mhatta/mhatta    7486 2007-12-29 02:46 a2ps-4.14/tests/ps-ref/sqlinit.ps
-rw-r--r-- mhatta/mhatta    3313 2007-12-29 02:46 a2ps-4.14/tests/ps-ref/includeres.ps
-rw-r--r-- mhatta/mhatta    1503 2007-12-29 02:46 a2ps-4.14/tests/ps-ref/al1-page.ps
-rw-r--r-- mhatta/mhatta     782 2007-12-29 02:46 a2ps-4.14/tests/ps-ref/strip-2.ps
-rw-r--r-- mhatta/mhatta    1512 2007-12-29 02:46 a2ps-4.14/tests/ps-ref/mtvplot.ps
-rw-r--r-- mhatta/mhatta    3290 2007-12-29 02:46 a2ps-4.14/tests/ps-ref/mutex.ps
-rw-r--r-- mhatta/mhatta   13138 2007-12-29 02:46 a2ps-4.14/tests/ps-ref/psmandup.ps
-rw-r--r-- mhatta/mhatta   13424 2007-12-29 02:46 a2ps-4.14/tests/ps-ref/prolog-1.ps
-rw-r--r-- mhatta/mhatta   13572 2007-12-29 02:46 a2ps-4.14/tests/ps-ref/prolog-4.ps
-rw-r--r-- mhatta/mhatta    1505 2007-12-29 02:46 a2ps-4.14/tests/ps-ref/al1-virtual.ps
-rwxr-xr-x mhatta/mhatta     874 2002-03-04 19:46 a2ps-4.14/tests/align-1.tst
-rwxr-xr-x mhatta/mhatta     532 2002-03-04 19:46 a2ps-4.14/tests/encoding.tst
-rwxr-xr-x mhatta/mhatta     544 2002-03-04 19:46 a2ps-4.14/tests/inout-3.tst
-rwxr-xr-x mhatta/mhatta     193 2002-03-04 19:46 a2ps-4.14/tests/printers.tst
-rwxr-xr-x mhatta/mhatta     300 2002-03-04 19:46 a2ps-4.14/tests/po.tst
-rwxr-xr-x mhatta/mhatta    1924 2002-03-04 19:46 a2ps-4.14/tests/guess-2.tst
-rwxr-xr-x mhatta/mhatta     826 2002-03-04 19:46 a2ps-4.14/tests/pages-1.tst
-rwxr-xr-x mhatta/mhatta     360 2002-03-04 19:46 a2ps-4.14/tests/prolog-1.tst
-rwxr-xr-x mhatta/mhatta     423 2002-03-04 19:46 a2ps-4.14/tests/contrib.tst
-rwxr-xr-x mhatta/mhatta     585 2002-07-19 13:31 a2ps-4.14/bootstrap
drwxr-xr-x mhatta/mhatta       0 2007-12-29 04:29 a2ps-4.14/afm/
-rw-r--r-- mhatta/mhatta   34721 2007-09-20 02:01 a2ps-4.14/afm/pbkdi.afm
-rw-r--r-- mhatta/mhatta   59578 2007-09-20 02:01 a2ps-4.14/afm/ptmbi.afm
-rw-r--r-- mhatta/mhatta     999 2007-09-20 02:09 a2ps-4.14/afm/MustRead.html
-rw-r--r-- mhatta/mhatta   69187 2007-09-20 02:01 a2ps-4.14/afm/phvbrn.afm
-rw-r--r-- mhatta/mhatta   64187 2007-09-20 02:01 a2ps-4.14/afm/ptmb.afm
-rw-r--r-- mhatta/mhatta   66264 2007-09-20 02:01 a2ps-4.14/afm/ptmi.afm
-rw-r--r-- mhatta/mhatta    2407 2007-12-29 02:58 a2ps-4.14/afm/Makefile.am
-rw-r--r-- mhatta/mhatta   69301 2007-09-20 02:01 a2ps-4.14/afm/phvbo.afm
-rw-r--r-- mhatta/mhatta   69267 2007-09-20 02:01 a2ps-4.14/afm/phvbon.afm
-rw-r--r-- mhatta/mhatta   15822 2007-12-29 04:28 a2ps-4.14/afm/Makefile.in
-rw-r--r-- mhatta/mhatta   33141 2007-09-20 02:01 a2ps-4.14/afm/pplb.afm
-rw-r--r-- mhatta/mhatta   15335 2007-09-20 02:01 a2ps-4.14/afm/pcrbo.afm
-rw-r--r-- mhatta/mhatta   41536 2007-09-20 02:01 a2ps-4.14/afm/pncb.afm
-rw-r--r-- mhatta/mhatta   71600 2007-09-20 02:01 a2ps-4.14/afm/pncbi.afm
-rw-r--r-- mhatta/mhatta   74328 2007-09-20 02:01 a2ps-4.14/afm/phvro.afm
-rw-r--r-- mhatta/mhatta   15271 2007-09-20 02:01 a2ps-4.14/afm/pcrr.afm
-rw-r--r-- mhatta/mhatta    9511 2007-09-20 02:01 a2ps-4.14/afm/pzdr.afm
-rw-r--r-- mhatta/mhatta   15269 2007-09-20 02:01 a2ps-4.14/afm/pcrb.afm
-rw-r--r-- mhatta/mhatta   36445 2007-09-20 02:01 a2ps-4.14/afm/pplbi.afm
-rw-r--r-- mhatta/mhatta   74301 2007-09-20 02:01 a2ps-4.14/afm/phvron.afm
-rw-r--r-- mhatta/mhatta    3160 2007-12-29 02:52 a2ps-4.14/afm/fontsmap
-rw-r--r-- mhatta/mhatta   35172 2007-09-20 02:09 a2ps-4.14/afm/pagd.afm
-rw-r--r-- mhatta/mhatta   47123 2007-09-20 02:01 a2ps-4.14/afm/pncr.afm
-rw-r--r-- mhatta/mhatta   36181 2007-09-20 02:01 a2ps-4.14/afm/pplri.afm
-rw-r--r-- mhatta/mhatta   52461 2007-09-20 02:01 a2ps-4.14/afm/pncri.afm
-rw-r--r-- mhatta/mhatta   32515 2007-09-20 02:01 a2ps-4.14/afm/pbkli.afm
-rw-r--r-- mhatta/mhatta   34725 2007-09-20 02:09 a2ps-4.14/afm/pagb.afm
-rw-r--r-- mhatta/mhatta   74222 2007-09-20 02:01 a2ps-4.14/afm/phvrrn.afm
-rw-r--r-- mhatta/mhatta   35249 2007-09-20 02:09 a2ps-4.14/afm/pagdo.afm
-rw-r--r-- mhatta/mhatta   74228 2007-09-20 02:01 a2ps-4.14/afm/phvr.afm
-rw-r--r-- mhatta/mhatta   34308 2007-09-20 02:01 a2ps-4.14/afm/pbkd.afm
-rw-r--r-- mhatta/mhatta    9719 2007-09-20 02:01 a2ps-4.14/afm/psyr.afm
drwxr-xr-x mhatta/mhatta       0 2007-12-29 04:28 a2ps-4.14/afm/ps-ref/
-rw-r--r-- mhatta/mhatta   33223 2007-09-20 02:01 a2ps-4.14/afm/pbkl.afm
-rw-r--r-- mhatta/mhatta   60396 2007-09-20 02:01 a2ps-4.14/afm/ptmr.afm
-rw-r--r-- mhatta/mhatta   37509 2007-09-20 02:01 a2ps-4.14/afm/pplr.afm
-rw-r--r-- mhatta/mhatta   69205 2007-09-20 02:01 a2ps-4.14/afm/phvb.afm
-rw-r--r-- mhatta/mhatta   15377 2007-09-20 02:01 a2ps-4.14/afm/pcrro.afm
-rw-r--r-- mhatta/mhatta   41649 2007-09-20 02:01 a2ps-4.14/afm/pzcmi.afm
-rw-r--r-- mhatta/mhatta    6934 2002-03-04 19:46 a2ps-4.14/afm/pcfont.afm
-rw-r--r-- mhatta/mhatta   34851 2007-09-20 02:09 a2ps-4.14/afm/pagbo.afm
-rwxr-xr-x mhatta/mhatta    4423 2007-12-29 02:47 a2ps-4.14/afm/make_fonts_map.sh
-rw-r--r-- mhatta/mhatta   30242 2007-12-29 02:45 a2ps-4.14/NEWS
-rw-r--r-- mhatta/mhatta    5361 2007-12-29 03:36 a2ps-4.14/ANNOUNCE
-rw-r--r-- mhatta/mhatta   12138 2007-12-29 04:28 a2ps-4.14/config.h.in
-rw-r--r-- mhatta/mhatta   12421 2007-12-29 02:42 a2ps-4.14/Makefile.maint
-rw-r--r-- mhatta/mhatta  270619 2007-12-29 04:27 a2ps-4.14/aclocal.m4
