drwxr-xr-x slopez/users      0 2010-12-08 19:43 acm-5.1/
-rw-r--r-- slopez/users   1308 2010-12-08 19:43 acm-5.1/README.dis
-rwxr-xr-x slopez/users  11419 2010-12-08 19:43 acm-5.1/missing
-rwxr-xr-x slopez/users 184637 2010-12-08 19:43 acm-5.1/configure
-rw-r--r-- slopez/users  21555 2010-12-08 19:43 acm-5.1/README.old
drwxr-xr-x slopez/users      0 2010-12-08 19:43 acm-5.1/V/
-rw-r--r-- slopez/users    517 2010-12-08 19:43 acm-5.1/V/Makefile.in
drwxr-xr-x slopez/users      0 2010-12-08 19:43 acm-5.1/V/test/
-rw-r--r-- slopez/users    752 2010-12-08 19:43 acm-5.1/V/test/Makefile.in
-rw-r--r-- slopez/users   8018 2010-12-08 19:43 acm-5.1/V/test/animate.c
-rw-r--r-- slopez/users   8879 2010-12-08 19:43 acm-5.1/V/test/app.c
-rw-r--r-- slopez/users    142 2010-12-08 19:43 acm-5.1/V/test/Imakefile
drwxr-xr-x slopez/users      0 2010-12-08 19:43 acm-5.1/V/lib/
-rw-r--r-- slopez/users    878 2010-12-08 19:43 acm-5.1/V/lib/gray5.xbm
-rw-r--r-- slopez/users   1274 2010-12-08 19:43 acm-5.1/V/lib/VDrawString.c
-rw-r--r-- slopez/users   1165 2010-12-08 19:43 acm-5.1/V/lib/VFont.h
-rw-r--r-- slopez/users   1039 2010-12-08 19:43 acm-5.1/V/lib/VDotProd.c
-rw-r--r-- slopez/users   1402 2010-12-08 19:43 acm-5.1/V/lib/VCmpClipN.c
-rw-r--r-- slopez/users   2004 2010-12-08 19:43 acm-5.1/V/lib/ClipPoly.c
-rw-r--r-- slopez/users   1018 2010-12-08 19:43 acm-5.1/V/lib/FillPoly.c
-rw-r--r-- slopez/users    983 2010-12-08 19:43 acm-5.1/V/lib/VFillPoly.c
-rw-r--r-- slopez/users   6175 2010-12-08 19:43 acm-5.1/V/lib/VOpenVp.c
-rw-r--r-- slopez/users   1192 2010-12-08 19:43 acm-5.1/V/lib/VWorldToScr.c
-rw-r--r-- slopez/users  10439 2010-12-08 19:43 acm-5.1/V/lib/VReadObject.c
-rw-r--r-- slopez/users   3099 2010-12-08 19:43 acm-5.1/V/lib/VExtrude.c
-rw-r--r-- slopez/users   1066 2010-12-08 19:43 acm-5.1/V/lib/VDestObj.c
-rw-r--r-- slopez/users   5516 2010-12-08 19:43 acm-5.1/V/lib/VOrder.c
-rw-r--r-- slopez/users    915 2010-12-08 19:43 acm-5.1/V/lib/VExpBuffer.c
-rw-r--r-- slopez/users   2055 2010-12-08 19:43 acm-5.1/V/lib/VWriteObject.c
-rw-r--r-- slopez/users   7932 2010-12-08 19:43 acm-5.1/V/lib/Alib.h
-rw-r--r-- slopez/users    878 2010-12-08 19:43 acm-5.1/V/lib/gray0.xbm
-rw-r--r-- slopez/users    961 2010-12-08 19:43 acm-5.1/V/lib/VCopyPoly.c
-rw-r--r-- slopez/users   2920 2010-12-08 19:43 acm-5.1/V/lib/VDepthCue.c
-rw-r--r-- slopez/users   2076 2010-12-08 19:43 acm-5.1/V/lib/VCmpObjExt.c
-rw-r--r-- slopez/users  22291 2010-12-08 19:43 acm-5.1/V/lib/VRoman.h
-rw-r--r-- slopez/users    960 2010-12-08 19:43 acm-5.1/V/lib/VDrawSeg.c
-rw-r--r-- slopez/users   3149 2010-12-08 19:43 acm-5.1/V/lib/Makefile.in
-rw-r--r-- slopez/users   8796 2010-12-08 19:43 acm-5.1/V/lib/VBindColors.c
-rw-r--r-- slopez/users   1505 2010-12-08 19:43 acm-5.1/V/lib/Vmalloc.c
-rw-r--r-- slopez/users   2559 2010-12-08 19:43 acm-5.1/V/lib/FrameCmpl.c
-rw-r--r-- slopez/users   1029 2010-12-08 19:43 acm-5.1/V/lib/VConColor.c
-rw-r--r-- slopez/users   2664 2010-12-08 19:43 acm-5.1/V/lib/DrawLine.c
-rw-r--r-- slopez/users   5602 2010-12-08 19:43 acm-5.1/V/lib/Alib.c
-rw-r--r-- slopez/users   2468 2010-12-08 19:43 acm-5.1/V/lib/ClipLine.c
-rw-r--r-- slopez/users   9654 2010-12-08 19:43 acm-5.1/V/lib/Vlibmath.h
-rw-r--r-- slopez/users   1417 2010-12-08 19:43 acm-5.1/V/lib/FWinRedraw.c
-rw-r--r-- slopez/users   1359 2010-12-08 19:43 acm-5.1/V/lib/VGetPlanes.c
-rw-r--r-- slopez/users   1066 2010-12-08 19:43 acm-5.1/V/lib/VTransPoly.c
-rw-r--r-- slopez/users   1330 2010-12-08 19:43 acm-5.1/V/lib/VCloseVp.c
-rw-r--r-- slopez/users   1285 2010-12-08 19:43 acm-5.1/V/lib/VPrintPoly.c
-rw-r--r-- slopez/users   1176 2010-12-08 19:43 acm-5.1/V/lib/AAllocColor.c
-rw-r--r-- slopez/users  16044 2010-12-08 19:43 acm-5.1/V/lib/frameBuff.c
-rw-r--r-- slopez/users    878 2010-12-08 19:43 acm-5.1/V/lib/gray2.xbm
-rw-r--r-- slopez/users   1676 2010-12-08 19:43 acm-5.1/V/lib/VRotate.c
-rw-r--r-- slopez/users    878 2010-12-08 19:43 acm-5.1/V/lib/gray6.xbm
-rw-r--r-- slopez/users   1719 2010-12-08 19:43 acm-5.1/V/lib/VCopyObj.c
-rw-r--r-- slopez/users  11006 2010-12-08 19:43 acm-5.1/V/lib/Vlib.h
-rw-r--r-- slopez/users   1905 2010-12-08 19:43 acm-5.1/V/lib/VCrPoly.c
-rw-r--r-- slopez/users    878 2010-12-08 19:43 acm-5.1/V/lib/gray4.xbm
-rw-r--r-- slopez/users    878 2010-12-08 19:43 acm-5.1/V/lib/gray7.xbm
-rw-r--r-- slopez/users   2648 2010-12-08 19:43 acm-5.1/V/lib/VDrawStroke.c
-rw-r--r-- slopez/users   1386 2010-12-08 19:43 acm-5.1/V/lib/VEyeToScr.c
-rw-r--r-- slopez/users   7957 2010-12-08 19:43 acm-5.1/V/lib/SLDiff.c
-rw-r--r-- slopez/users   1555 2010-12-08 19:43 acm-5.1/V/lib/shmsys.c
-rw-r--r-- slopez/users   2596 2010-12-08 19:43 acm-5.1/V/lib/VResizeVp.c
-rw-r--r-- slopez/users   3576 2010-12-08 19:43 acm-5.1/V/lib/VClipPoly.c
-rw-r--r-- slopez/users    979 2010-12-08 19:43 acm-5.1/V/lib/VSetClip.c
-rw-r--r-- slopez/users   7962 2010-12-08 19:43 acm-5.1/V/lib/InitAWin.c
-rw-r--r-- slopez/users    991 2010-12-08 19:43 acm-5.1/V/lib/VFillRect.c
-rw-r--r-- slopez/users   1075 2010-12-08 19:43 acm-5.1/V/lib/Vdefs.c
-rw-r--r-- slopez/users   1647 2010-12-08 19:43 acm-5.1/V/lib/VMatMult.c
-rw-r--r-- slopez/users   1522 2010-12-08 19:43 acm-5.1/V/lib/DrawPoint.c
-rw-r--r-- slopez/users   4167 2010-12-08 19:43 acm-5.1/V/lib/DrawSL.c
-rw-r--r-- slopez/users   1173 2010-12-08 19:43 acm-5.1/V/lib/VIdentMat.c
-rw-r--r-- slopez/users   1349 2010-12-08 19:43 acm-5.1/V/lib/VDispObjects.c
-rw-r--r-- slopez/users   8007 2010-12-08 19:43 acm-5.1/V/lib/ETToSL.c
-rw-r--r-- slopez/users   1575 2010-12-08 19:43 acm-5.1/V/lib/VDrawPoly.c
-rw-r--r-- slopez/users    991 2010-12-08 19:43 acm-5.1/V/lib/strdup.c
-rw-r--r-- slopez/users   3586 2010-12-08 19:43 acm-5.1/V/lib/VScalePoly.c
-rw-r--r-- slopez/users    910 2010-12-08 19:43 acm-5.1/V/lib/VExposeVp.c
-rw-r--r-- slopez/users   1880 2010-12-08 19:43 acm-5.1/V/lib/VDrawArc.c
-rw-r--r-- slopez/users   1176 2010-12-08 19:43 acm-5.1/V/lib/CloseAWin.c
-rw-r--r-- slopez/users   1809 2010-12-08 19:43 acm-5.1/V/lib/VDrawRStr.c
-rw-r--r-- slopez/users   1697 2010-12-08 19:43 acm-5.1/V/lib/VAllocColor.c
-rw-r--r-- slopez/users   2914 2010-12-08 19:43 acm-5.1/V/lib/MakeET.c
-rw-r--r-- slopez/users   3837 2010-12-08 19:43 acm-5.1/V/lib/VQuat.c
-rw-r--r-- slopez/users    939 2010-12-08 19:43 acm-5.1/V/lib/VCrPoints.c
-rw-r--r-- slopez/users   2575 2010-12-08 19:43 acm-5.1/V/lib/VGetEyeSpace.c
-rw-r--r-- slopez/users    878 2010-12-08 19:43 acm-5.1/V/lib/gray1.xbm
-rw-r--r-- slopez/users   3998 2010-12-08 19:43 acm-5.1/V/lib/Vdbe.c
-rw-r--r-- slopez/users   2530 2010-12-08 19:43 acm-5.1/V/lib/VTrans.c
-rw-r--r-- slopez/users   1101 2010-12-08 19:43 acm-5.1/V/lib/VCrossProd.c
-rw-r--r-- slopez/users  24457 2010-12-08 19:43 acm-5.1/V/lib/VReadDXF.c
-rw-r--r-- slopez/users   1626 2010-12-08 19:43 acm-5.1/V/lib/FillRect.c
-rw-r--r-- slopez/users    878 2010-12-08 19:43 acm-5.1/V/lib/gray3.xbm
-rw-r--r-- slopez/users    807 2010-12-08 19:43 acm-5.1/Makefile.in
-rwxr-xr-x slopez/users   4772 2010-12-08 19:43 acm-5.1/install-sh
drwxr-xr-x slopez/users      0 2010-12-08 19:43 acm-5.1/doc/
-rw-r--r-- slopez/users  14842 2010-12-08 19:43 acm-5.1/doc/acm.texi
-rw-r--r-- slopez/users   1320 2010-12-08 19:43 acm-5.1/doc/Makefile.in
-rw-r--r-- slopez/users     96 2010-12-08 19:43 acm-5.1/doc/version.texi
-rw-r--r-- slopez/users  23571 2010-12-08 19:43 acm-5.1/doc/fdl.texi
drwxr-xr-x slopez/users      0 2010-12-08 19:43 acm-5.1/src/
-rw-r--r-- slopez/users   4221 2010-12-08 19:43 acm-5.1/src/missilec.c
-rw-r--r-- slopez/users   9173 2010-12-08 19:43 acm-5.1/src/distest.c
-rw-r--r-- slopez/users   3234 2010-12-08 19:43 acm-5.1/src/alarm.c
-rw-r--r-- slopez/users  10041 2010-12-08 19:43 acm-5.1/src/hsi.c
-rw-r--r-- slopez/users   3084 2010-12-08 19:43 acm-5.1/src/deadreckon.h
-rw-r--r-- slopez/users   5660 2010-12-08 19:43 acm-5.1/src/actions.c
-rw-r--r-- slopez/users   1961 2010-12-08 19:43 acm-5.1/src/handleUp.xbm
-rw-r--r-- slopez/users    318 2010-12-08 19:43 acm-5.1/src/flaps0.bmp
-rw-r--r-- slopez/users   2127 2010-12-08 19:43 acm-5.1/src/transfer.c
-rw-r--r-- slopez/users   2609 2010-12-08 19:43 acm-5.1/src/weapon.c
-rw-r--r-- slopez/users   5793 2010-12-08 19:43 acm-5.1/src/joystick.c
-rw-r--r-- slopez/users    713 2010-12-08 19:43 acm-5.1/src/gearTran.xbm
-rw-r--r-- slopez/users   9922 2010-12-08 19:43 acm-5.1/src/update.c
-rw-r--r-- slopez/users   5508 2010-12-08 19:43 acm-5.1/src/fpage.c
-rw-r--r-- slopez/users   1366 2010-12-08 19:43 acm-5.1/src/redraw.c
-rw-r--r-- slopez/users   1676 2010-12-08 19:43 acm-5.1/src/resupply.c
-rw-r--r-- slopez/users   2207 2010-12-08 19:43 acm-5.1/src/interpolate.h
-rw-r--r-- slopez/users   8631 2010-12-08 19:43 acm-5.1/src/aim120.c
-rw-r--r-- slopez/users  24828 2010-12-08 19:43 acm-5.1/src/acmmotif.c
-rw-r--r-- slopez/users   1525 2010-12-08 19:43 acm-5.1/src/box.h
-rw-r--r-- slopez/users  10418 2010-12-08 19:43 acm-5.1/src/runway.c
-rw-r--r-- slopez/users   4881 2010-12-08 19:43 acm-5.1/src/chaser.c
-rw-r--r-- slopez/users    997 2010-12-08 19:43 acm-5.1/src/imath.h
-rw-r--r-- slopez/users   5680 2010-12-08 19:43 acm-5.1/src/aim9m.c
-rw-r--r-- slopez/users    318 2010-12-08 19:43 acm-5.1/src/flaps3.bmp
-rw-r--r-- slopez/users  18338 2010-12-08 19:43 acm-5.1/src/pm.c
-rw-r--r-- slopez/users   2782 2010-12-08 19:43 acm-5.1/src/Makefile.in
-rw-r--r-- slopez/users   6282 2010-12-08 19:43 acm-5.1/src/damage.c
-rw-r--r-- slopez/users   5387 2010-12-08 19:43 acm-5.1/src/manifest.h
-rw-r--r-- slopez/users   1730 2010-12-08 19:43 acm-5.1/src/flaps3.xbm
-rw-r--r-- slopez/users    318 2010-12-08 19:43 acm-5.1/src/flaps1.bmp
-rw-r--r-- slopez/users   5416 2010-12-08 19:43 acm-5.1/src/box.c
-rw-r--r-- slopez/users   2362 2010-12-08 19:43 acm-5.1/src/interpolate.c
-rw-r--r-- slopez/users   1425 2010-12-08 19:43 acm-5.1/src/imath.c
-rw-r--r-- slopez/users   1730 2010-12-08 19:43 acm-5.1/src/flaps1.xbm
-rw-r--r-- slopez/users  57533 2010-12-08 19:43 acm-5.1/src/dis_if.c
-rw-r--r-- slopez/users   2340 2010-12-08 19:43 acm-5.1/src/mouse.c
-rw-r--r-- slopez/users    162 2010-12-08 19:43 acm-5.1/src/gearDown.bmp
-rw-r--r-- slopez/users   5591 2010-12-08 19:43 acm-5.1/src/place.c
-rw-r--r-- slopez/users    162 2010-12-08 19:43 acm-5.1/src/gearUp.bmp
-rw-r--r-- slopez/users   4844 2010-12-08 19:43 acm-5.1/src/windows.c
-rw-r--r-- slopez/users  16947 2010-12-08 19:43 acm-5.1/src/init.c
-rw-r--r-- slopez/users   1961 2010-12-08 19:43 acm-5.1/src/handleDn.xbm
-rw-r--r-- slopez/users   5559 2010-12-08 19:43 acm-5.1/src/scale.c
-rw-r--r-- slopez/users  12903 2010-12-08 19:43 acm-5.1/src/browse.c
-rw-r--r-- slopez/users   7076 2010-12-08 19:43 acm-5.1/src/navaid.c
-rw-r--r-- slopez/users    713 2010-12-08 19:43 acm-5.1/src/gearDown.xbm
-rw-r--r-- slopez/users   1729 2010-12-08 19:43 acm-5.1/src/flaps0.xbm
-rw-r--r-- slopez/users   1224 2010-12-08 19:43 acm-5.1/src/alarm.h
-rw-r--r-- slopez/users   5337 2010-12-08 19:43 acm-5.1/src/joystick-cms.c
-rw-r--r-- slopez/users   5114 2010-12-08 19:43 acm-5.1/src/eng.xbm
-rw-r--r-- slopez/users   4403 2010-12-08 19:43 acm-5.1/src/acm.c
-rw-r--r-- slopez/users    707 2010-12-08 19:43 acm-5.1/src/gearUp.xbm
-rw-r--r-- slopez/users   2477 2010-12-08 19:43 acm-5.1/src/terrain.c
-rw-r--r-- slopez/users   4253 2010-12-08 19:43 acm-5.1/src/flaps.c
-rw-r--r-- slopez/users  19932 2010-12-08 19:43 acm-5.1/src/render.c
-rw-r--r-- slopez/users   4246 2010-12-08 19:43 acm-5.1/src/pcaudio.c
-rw-r--r-- slopez/users  14265 2010-12-08 19:43 acm-5.1/src/hsi.h
-rw-r--r-- slopez/users   5337 2010-12-08 19:43 acm-5.1/src/effects.c
-rw-r--r-- slopez/users  33646 2010-12-08 19:43 acm-5.1/src/pm.h
-rw-r--r-- slopez/users  24249 2010-12-08 19:43 acm-5.1/src/players.c
-rw-r--r-- slopez/users    318 2010-12-08 19:43 acm-5.1/src/flaps2.bmp
-rw-r--r-- slopez/users  28943 2010-12-08 19:43 acm-5.1/src/inventory.c
-rw-r--r-- slopez/users  12357 2010-12-08 19:43 acm-5.1/src/panel.c
-rw-r--r-- slopez/users  18586 2010-12-08 19:43 acm-5.1/src/main.c
-rw-r--r-- slopez/users   9449 2010-12-08 19:43 acm-5.1/src/drone.c
-rw-r--r-- slopez/users    362 2010-12-08 19:43 acm-5.1/src/handleUp.bmp
-rw-r--r-- slopez/users  16177 2010-12-08 19:43 acm-5.1/src/gear.c
-rw-r--r-- slopez/users  13746 2010-12-08 19:43 acm-5.1/src/missile.c
-rw-r--r-- slopez/users   2275 2010-12-08 19:43 acm-5.1/src/navaid.h
-rw-r--r-- slopez/users  11579 2010-12-08 19:43 acm-5.1/src/events.c
-rw-r--r-- slopez/users   8140 2010-12-08 19:43 acm-5.1/src/deadreckon.c
-rw-r--r-- slopez/users   1730 2010-12-08 19:43 acm-5.1/src/flaps2.xbm
-rw-r--r-- slopez/users    362 2010-12-08 19:43 acm-5.1/src/handleDn.bmp
-rw-r--r-- slopez/users   1628 2010-12-08 19:43 acm-5.1/src/scale.h
-rw-r--r-- slopez/users  19213 2010-12-08 19:43 acm-5.1/src/m61a1.c
-rw-r--r-- slopez/users   1803 2010-12-08 19:43 acm-5.1/src/vlist.c
-rw-r--r-- slopez/users   7057 2010-12-08 19:43 acm-5.1/src/ccip.c
-rw-r--r-- slopez/users    162 2010-12-08 19:43 acm-5.1/src/gearTran.bmp
-rw-r--r-- slopez/users  13235 2010-12-08 19:43 acm-5.1/src/dis.h
-rw-r--r-- slopez/users  26969 2010-12-08 19:43 acm-5.1/src/horizon.h
-rw-r--r-- slopez/users    896 2010-12-08 19:43 acm-5.1/src/patchlevel.h
-rw-r--r-- slopez/users   1742 2010-12-08 19:43 acm-5.1/src/air.c
-rw-r--r-- slopez/users    987 2010-12-08 19:43 acm-5.1/src/transpose.c
-rw-r--r-- slopez/users   1789 2010-12-08 19:43 acm-5.1/src/damage.h
-rw-r--r-- slopez/users   9250 2010-12-08 19:43 acm-5.1/src/hud.c
-rw-r--r-- slopez/users   8458 2010-12-08 19:43 acm-5.1/src/audio.c
-rw-r--r-- slopez/users  23813 2010-12-08 19:43 acm-5.1/src/radar.c
-rw-r--r-- slopez/users  11406 2010-12-08 19:43 acm-5.1/src/planes.c
-rw-r--r-- slopez/users  15584 2010-12-08 19:43 acm-5.1/INSTALL
drwxr-xr-x slopez/users      0 2010-12-08 19:43 acm-5.1/autom4te.cache/
-rw-r--r-- slopez/users 185468 2010-12-08 19:43 acm-5.1/autom4te.cache/output.0
-rw-r--r-- slopez/users   3216 2010-12-08 19:43 acm-5.1/autom4te.cache/requests
-rw-r--r-- slopez/users  33792 2010-12-08 19:43 acm-5.1/autom4te.cache/traces.0
drwxr-xr-x slopez/users      0 2010-12-08 19:43 acm-5.1/dis/
drwxr-xr-x slopez/users      0 2010-12-08 19:43 acm-5.1/dis/disgen/
-rw-r--r-- slopez/users   3666 2010-12-08 19:43 acm-5.1/dis/disgen/rpc_parse.h
-rw-r--r-- slopez/users  10073 2010-12-08 19:43 acm-5.1/dis/disgen/rpc_parse.c
-rw-r--r-- slopez/users   8633 2010-12-08 19:43 acm-5.1/dis/disgen/rpc_scan.c
-rw-r--r-- slopez/users  11120 2010-12-08 19:43 acm-5.1/dis/disgen/rpc_main.c
-rw-r--r-- slopez/users   9175 2010-12-08 19:43 acm-5.1/dis/disgen/rpc_cout.c
-rw-r--r-- slopez/users    700 2010-12-08 19:43 acm-5.1/dis/disgen/Makefile.in
-rw-r--r-- slopez/users   2664 2010-12-08 19:43 acm-5.1/dis/disgen/rpc_util.h
-rw-r--r-- slopez/users   2328 2010-12-08 19:43 acm-5.1/dis/disgen/rpc_scan.h
-rw-r--r-- slopez/users   7846 2010-12-08 19:43 acm-5.1/dis/disgen/disgen.1
-rw-r--r-- slopez/users   8976 2010-12-08 19:43 acm-5.1/dis/disgen/rpc_hout.c
-rw-r--r-- slopez/users   8066 2010-12-08 19:43 acm-5.1/dis/disgen/rpc_util.c
-rw-r--r-- slopez/users   7562 2010-12-08 19:43 acm-5.1/dis/disgen/rpc_svcout.c
-rw-r--r-- slopez/users   3752 2010-12-08 19:43 acm-5.1/dis/disgen/rpc_clntout.c
-rw-r--r-- slopez/users    436 2010-12-08 19:43 acm-5.1/dis/Makefile.in
drwxr-xr-x slopez/users      0 2010-12-08 19:43 acm-5.1/dis/lib/
-rw-r--r-- slopez/users   1106 2010-12-08 19:43 acm-5.1/dis/lib/event.c
-rw-r--r-- slopez/users   4590 2010-12-08 19:43 acm-5.1/dis/lib/dis_xdr1.c
-rw-r--r-- slopez/users   7966 2010-12-08 19:43 acm-5.1/dis/lib/dr.c
-rw-r--r-- slopez/users   3452 2010-12-08 19:43 acm-5.1/dis/lib/basic.c
-rw-r--r-- slopez/users   2120 2010-12-08 19:43 acm-5.1/dis/lib/Makefile.in
-rw-r--r-- slopez/users   2082 2010-12-08 19:43 acm-5.1/dis/lib/sitename.c
-rw-r--r-- slopez/users   9605 2010-12-08 19:43 acm-5.1/dis/lib/io.c
-rw-r--r-- slopez/users  13482 2010-12-08 19:43 acm-5.1/dis/lib/dis.x
-rw-r--r-- slopez/users   1166 2010-12-08 19:43 acm-5.1/dis/lib/datum_table.c
-rw-r--r-- slopez/users   4439 2010-12-08 19:43 acm-5.1/dis/lib/disx.c
-rw-r--r-- slopez/users   5308 2010-12-08 19:43 acm-5.1/dis/lib/lookup.c
-rw-r--r-- slopez/users    536 2010-12-08 19:43 acm-5.1/dis/lib/exports.pl
-rw-r--r-- slopez/users   1893 2010-12-08 19:43 acm-5.1/dis/lib/register.c
-rw-r--r-- slopez/users   1508 2010-12-08 19:43 acm-5.1/dis/lib/datum.c
-rw-r--r-- slopez/users   2948 2010-12-08 19:43 acm-5.1/dis/lib/dis_xdr2.c
-rw-r--r-- slopez/users   1743 2010-12-08 19:43 acm-5.1/dis/lib/xdrhdr.pl
-rw-r--r-- slopez/users   4620 2010-12-08 19:43 acm-5.1/dis/lib/xdr_var_array.c
-rw-r--r-- slopez/users    711 2010-12-08 19:43 acm-5.1/dis/lib/datumtbl.pl
-rw-r--r-- slopez/users   2420 2010-12-08 19:43 acm-5.1/dis/lib/simmgr.x
-rw-r--r-- slopez/users   1095 2010-12-08 19:43 acm-5.1/dis/lib/entity.c
-rw-r--r-- slopez/users   3246 2010-12-08 19:43 acm-5.1/dis/lib/parse.c
-rw-r--r-- slopez/users   1648 2010-12-08 19:43 acm-5.1/dis/lib/free.c
-rw-r--r-- slopez/users    127 2010-12-08 19:43 acm-5.1/dis/lib/gen.pl
-rw-r--r-- slopez/users  14114 2010-12-08 19:43 acm-5.1/dis/lib/globe.c
-rw-r--r-- slopez/users   1468 2010-12-08 19:43 acm-5.1/dis/lib/sizes.c
-rw-r--r-- slopez/users   5572 2010-12-08 19:43 acm-5.1/dis/lib/xdr_umem.c
drwxr-xr-x slopez/users      0 2010-12-08 19:43 acm-5.1/dis/dis/
-rw-r--r-- slopez/users   1232 2010-12-08 19:43 acm-5.1/dis/dis/simx.h
-rw-r--r-- slopez/users   4000 2010-12-08 19:43 acm-5.1/dis/dis/disenum.h
-rw-r--r-- slopez/users   3063 2010-12-08 19:43 acm-5.1/dis/dis/disenum2.h
-rw-r--r-- slopez/users  14671 2010-12-08 19:43 acm-5.1/dis/dis/datum.h
-rw-r--r-- slopez/users   8533 2010-12-08 19:43 acm-5.1/dis/dis/disenum3.h
-rw-r--r-- slopez/users   7575 2010-12-08 19:43 acm-5.1/dis/dis/dis.h
drwxr-xr-x slopez/users      0 2010-12-08 19:43 acm-5.1/objects/
-rw-r--r-- slopez/users  17291 2010-12-08 19:43 acm-5.1/objects/cyl1.dxf
-rw-r--r-- slopez/users  26472 2010-12-08 19:43 acm-5.1/objects/missile.au
-rw-r--r-- slopez/users  30766 2010-12-08 19:43 acm-5.1/objects/cyl.mdl
-rw-r--r-- slopez/users  15009 2010-12-08 19:43 acm-5.1/objects/cyl2.dxf
-rw-r--r-- slopez/users   1137 2010-12-08 19:43 acm-5.1/objects/object-map.txt
-rw-r--r-- slopez/users  20211 2010-12-08 19:43 acm-5.1/objects/gear_dn.wav
-rw-r--r-- slopez/users   1529 2010-12-08 19:43 acm-5.1/objects/screetch.au
-rw-r--r-- slopez/users  27667 2010-12-08 19:43 acm-5.1/objects/aconnon.au
-rw-r--r-- slopez/users   1104 2010-12-08 19:43 acm-5.1/objects/nellis-scene
-rw-r--r-- slopez/users  23266 2010-12-08 19:43 acm-5.1/objects/engine.au
-rw-r--r-- slopez/users  18005 2010-12-08 19:43 acm-5.1/objects/apglock.au
-rw-r--r-- slopez/users   8218 2010-12-08 19:43 acm-5.1/objects/jet1.au
-rw-r--r-- slopez/users   1340 2010-12-08 19:43 acm-5.1/objects/Makefile.in
-rw-r--r-- slopez/users 141809 2010-12-08 19:43 acm-5.1/objects/acmlogo-unix.xwd
-rw-r--r-- slopez/users  29328 2010-12-08 19:43 acm-5.1/objects/cannon.au
-rw-r--r-- slopez/users  20200 2010-12-08 19:43 acm-5.1/objects/gear_up.au
-rw-r--r-- slopez/users   7878 2010-12-08 19:43 acm-5.1/objects/crash.wav
-rw-r--r-- slopez/users   1207 2010-12-08 19:43 acm-5.1/objects/hangar.obv
-rw-r--r-- slopez/users   5236 2010-12-08 19:43 acm-5.1/objects/f18.obv
-rw-r--r-- slopez/users  43858 2010-12-08 19:43 acm-5.1/objects/stall.au
-rw-r--r-- slopez/users  14672 2010-12-08 19:43 acm-5.1/objects/surface.obv
-rw-r--r-- slopez/users   1158 2010-12-08 19:43 acm-5.1/objects/tower.obv
-rw-r--r-- slopez/users   7752 2010-12-08 19:43 acm-5.1/objects/kc135.obv
-rw-r--r-- slopez/users   5483 2010-12-08 19:43 acm-5.1/objects/su30.obv
-rw-r--r-- slopez/users  16032 2010-12-08 19:43 acm-5.1/objects/rwr.au
-rw-r--r-- slopez/users  17291 2010-12-08 19:43 acm-5.1/objects/cyl.dxf
-rw-r--r-- slopez/users  16024 2010-12-08 19:43 acm-5.1/objects/crash.au
-rw-r--r-- slopez/users  43865 2010-12-08 19:43 acm-5.1/objects/stall.wav
-rw-r--r-- slopez/users  14043 2010-12-08 19:43 acm-5.1/objects/f117.dxf
-rw-r--r-- slopez/users   1543 2010-12-08 19:43 acm-5.1/objects/screetch.wav
-rw-r--r-- slopez/users   2282 2010-12-08 19:43 acm-5.1/objects/sa2.obv
-rw-r--r-- slopez/users   5663 2010-12-08 19:43 acm-5.1/objects/imarker.au
-rw-r--r-- slopez/users  98700 2010-12-08 19:43 acm-5.1/objects/apglock.wav
-rw-r--r-- slopez/users   3179 2010-12-08 19:43 acm-5.1/objects/f16.obv
-rw-r--r-- slopez/users   7103 2010-12-08 19:43 acm-5.1/objects/il78.obv
-rw-r--r-- slopez/users   2514 2010-12-08 19:43 acm-5.1/objects/mig23.obv
-rw-r--r-- slopez/users    317 2010-12-08 19:43 acm-5.1/objects/baghdad-scene
-rw-r--r-- slopez/users  23278 2010-12-08 19:43 acm-5.1/objects/engine.wav
-rw-r--r-- slopez/users   4815 2010-12-08 19:43 acm-5.1/objects/mig25.obv
-rw-r--r-- slopez/users    130 2010-12-08 19:43 acm-5.1/objects/tracer.obv
-rw-r--r-- slopez/users  11386 2010-12-08 19:43 acm-5.1/objects/rwy-and-gnd.obv
-rw-r--r-- slopez/users  25611 2010-12-08 19:43 acm-5.1/objects/inventory
-rw-r--r-- slopez/users  29320 2010-12-08 19:43 acm-5.1/objects/cannon.wav
-rw-r--r-- slopez/users   4218 2010-12-08 19:43 acm-5.1/objects/c172.obv
-rw-r--r-- slopez/users   9351 2010-12-08 19:43 acm-5.1/objects/mmarker.au
-rw-r--r-- slopez/users   9190 2010-12-08 19:43 acm-5.1/objects/rwr.wav
-rw-r--r-- slopez/users  20200 2010-12-08 19:43 acm-5.1/objects/gear_dn.au
-rw-r--r-- slopez/users  26478 2010-12-08 19:43 acm-5.1/objects/missile.wav
-rw-r--r-- slopez/users   1345 2010-12-08 19:43 acm-5.1/objects/aim9.obv
-rw-r--r-- slopez/users   7158 2010-12-08 19:43 acm-5.1/objects/jet2.au
-rw-r--r-- slopez/users   3142 2010-12-08 19:43 acm-5.1/objects/telar1.obv
-rw-r--r-- slopez/users  16052 2010-12-08 19:43 acm-5.1/objects/omarker.au
-rw-r--r-- slopez/users   7574 2010-12-08 19:43 acm-5.1/objects/mig29.obv
-rw-r--r-- slopez/users  18009 2010-12-08 19:43 acm-5.1/objects/dallas-scene
-rw-r--r-- slopez/users  20211 2010-12-08 19:43 acm-5.1/objects/gear_up.wav
-rw-r--r-- slopez/users   2548 2010-12-08 19:43 acm-5.1/objects/sa11.obv
-rw-r--r-- slopez/users   1547 2010-12-08 19:43 acm-5.1/objects/sa10.obv
-rw-r--r-- slopez/users   2629 2010-12-08 19:43 acm-5.1/objects/munition-map.txt
-rw-r--r-- slopez/users  18100 2010-12-08 19:43 acm-5.1/objects/default-scene
-rw-r--r-- slopez/users   1544 2010-12-08 19:43 acm-5.1/configure.ac
drwxr-xr-x slopez/users      0 2010-12-08 19:43 acm-5.1/m4/
-rw-r--r-- slopez/users  15623 2010-12-08 19:43 acm-5.1/m4/stdint.m4
-rw-r--r-- slopez/users   2328 2010-12-08 19:43 acm-5.1/m4/strerror.m4
-rw-r--r-- slopez/users   4067 2010-12-08 19:43 acm-5.1/m4/locale-ja.m4
-rw-r--r-- slopez/users   1357 2010-12-08 19:43 acm-5.1/m4/00gnulib.m4
-rw-r--r-- slopez/users    546 2010-12-08 19:43 acm-5.1/m4/error.m4
-rw-r--r-- slopez/users   2330 2010-12-08 19:43 acm-5.1/m4/getline.m4
-rw-r--r-- slopez/users   1477 2010-12-08 19:43 acm-5.1/m4/malloc.m4
-rw-r--r-- slopez/users   1260 2010-12-08 19:43 acm-5.1/m4/nls.m4
-rw-r--r-- slopez/users   1612 2010-12-08 19:43 acm-5.1/m4/getpass.m4
-rw-r--r-- slopez/users    780 2010-12-08 19:43 acm-5.1/m4/codeset.m4
-rw-r--r-- slopez/users   7473 2010-12-08 19:43 acm-5.1/m4/include_next.m4
-rw-r--r-- slopez/users   4140 2010-12-08 19:43 acm-5.1/m4/unistd_h.m4
-rw-r--r-- slopez/users   1134 2010-12-08 19:43 acm-5.1/m4/strings_h.m4
-rw-r--r-- slopez/users    839 2010-12-08 19:43 acm-5.1/m4/getpagesize.m4
-rw-r--r-- slopez/users   6715 2010-12-08 19:43 acm-5.1/m4/lib-prefix.m4
-rw-r--r-- slopez/users    790 2010-12-08 19:43 acm-5.1/m4/realloc.m4
-rw-r--r-- slopez/users  18899 2010-12-08 19:43 acm-5.1/m4/po.m4
-rw-r--r-- slopez/users   6729 2010-12-08 19:43 acm-5.1/m4/stdio_h.m4
-rw-r--r-- slopez/users   3511 2010-12-08 19:43 acm-5.1/m4/locale-zh.m4
-rw-r--r-- slopez/users    336 2010-12-08 19:43 acm-5.1/m4/quotearg.m4
-rw-r--r-- slopez/users   2642 2010-12-08 19:43 acm-5.1/m4/memchr.m4
-rw-r--r-- slopez/users   3214 2010-12-08 19:43 acm-5.1/m4/stdlib_h.m4
-rw-r--r-- slopez/users  11248 2010-12-08 19:43 acm-5.1/m4/mbrtowc.m4
-rw-r--r-- slopez/users   1104 2010-12-08 19:43 acm-5.1/m4/mbstate_t.m4
-rw-r--r-- slopez/users   1639 2010-12-08 19:43 acm-5.1/m4/inline.m4
-rw-r--r-- slopez/users   1536 2010-12-08 19:43 acm-5.1/m4/lseek.m4
-rw-r--r-- slopez/users   2863 2010-12-08 19:43 acm-5.1/m4/strcasestr.m4
-rw-r--r-- slopez/users    400 2010-12-08 19:43 acm-5.1/m4/exitfail.m4
-rw-r--r-- slopez/users   4650 2010-12-08 19:43 acm-5.1/m4/gnulib-common.m4
-rw-r--r-- slopez/users    838 2010-12-08 19:43 acm-5.1/m4/glibc21.m4
-rw-r--r-- slopez/users  29782 2010-12-08 19:43 acm-5.1/m4/lib-link.m4
-rw-r--r-- slopez/users   2200 2010-12-08 19:43 acm-5.1/m4/multiarch.m4
-rw-r--r-- slopez/users  14789 2010-12-08 19:43 acm-5.1/m4/gettext.m4
-rw-r--r-- slopez/users    982 2010-12-08 19:43 acm-5.1/m4/wint_t.m4
-rw-r--r-- slopez/users   3464 2010-12-08 19:43 acm-5.1/m4/lib-ld.m4
-rw-r--r-- slopez/users   3740 2010-12-08 19:43 acm-5.1/m4/stdbool.m4
-rw-r--r-- slopez/users   4041 2010-12-08 19:43 acm-5.1/m4/string_h.m4
-rw-r--r-- slopez/users    779 2010-12-08 19:43 acm-5.1/m4/mbsinit.m4
-rw-r--r-- slopez/users    567 2010-12-08 19:43 acm-5.1/m4/xalloc.m4
-rw-r--r-- slopez/users   7523 2010-12-08 19:43 acm-5.1/m4/wget.m4
-rw-r--r-- slopez/users   3769 2010-12-08 19:43 acm-5.1/m4/wchar.m4
-rw-r--r-- slopez/users   2293 2010-12-08 19:43 acm-5.1/m4/wctype.m4
-rw-r--r-- slopez/users    963 2010-12-08 19:43 acm-5.1/m4/fseeko.m4
-rw-r--r-- slopez/users   6140 2010-12-08 19:43 acm-5.1/m4/iconv.m4
-rw-r--r-- slopez/users   2117 2010-12-08 19:43 acm-5.1/m4/mmap-anon.m4
-rw-r--r-- slopez/users  10526 2010-12-08 19:43 acm-5.1/m4/gnulib-comp.m4
-rw-r--r-- slopez/users    748 2010-12-08 19:43 acm-5.1/m4/wchar_t.m4
-rw-r--r-- slopez/users   3773 2010-12-08 19:43 acm-5.1/m4/extensions.m4
-rw-r--r-- slopez/users    559 2010-12-08 19:43 acm-5.1/m4/localcharset.m4
-rw-r--r-- slopez/users   2911 2010-12-08 19:43 acm-5.1/m4/errno_h.m4
-rw-r--r-- slopez/users   1035 2010-12-08 19:43 acm-5.1/m4/strcase.m4
-rw-r--r-- slopez/users   1589 2010-12-08 19:43 acm-5.1/m4/alloca.m4
-rw-r--r-- slopez/users    394 2010-12-08 19:43 acm-5.1/m4/quote.m4
-rw-r--r-- slopez/users   7446 2010-12-08 19:43 acm-5.1/m4/locale-fr.m4
-rw-r--r-- slopez/users   6977 2010-12-08 19:43 acm-5.1/m4/getopt.m4
-rw-r--r-- slopez/users   1527 2010-12-08 19:43 acm-5.1/m4/stddef_h.m4
-rw-r--r-- slopez/users    841 2010-12-08 19:43 acm-5.1/m4/getdelim.m4
-rw-r--r-- slopez/users   4171 2010-12-08 19:43 acm-5.1/m4/longlong.m4
-rw-r--r-- slopez/users  35147 2010-12-08 19:43 acm-5.1/COPYING
-rw-r--r-- slopez/users    567 2010-12-08 19:43 acm-5.1/ChangeLog
-rw-r--r-- slopez/users    531 2010-12-08 19:43 acm-5.1/README
-rw-r--r-- slopez/users  34611 2010-12-08 19:43 acm-5.1/aclocal.m4
