drwxr-xr-x gray/users        0 2011-10-11 22:20 cflow-1.4/
drwxr-xr-x gray/users        0 2011-10-11 22:20 cflow-1.4/m4/
-rw-r--r-- gray/users    29823 2009-11-09 18:45 cflow-1.4/m4/lib-link.m4
-rw-r--r-- gray/users     7473 2009-11-09 18:45 cflow-1.4/m4/include_next.m4
-rw-r--r-- gray/users     1571 2009-11-09 18:45 cflow-1.4/m4/strndup.m4
-rw-r--r-- gray/users      757 2009-11-09 18:45 cflow-1.4/m4/mempcpy.m4
-rw-r--r-- gray/users      954 2009-11-09 18:45 cflow-1.4/m4/inttypes_h.m4
-rw-r--r-- gray/users     1113 2009-11-09 18:45 cflow-1.4/m4/version-etc.m4
-rw-r--r-- gray/users    15623 2009-11-09 18:45 cflow-1.4/m4/stdint.m4
-rw-r--r-- gray/users     1037 2009-11-09 18:45 cflow-1.4/m4/strnlen.m4
-rw-r--r-- gray/users     5492 2009-11-09 18:45 cflow-1.4/m4/unistd_h.m4
-rw-r--r-- gray/users     1589 2009-11-09 18:45 cflow-1.4/m4/alloca.m4
-rw-r--r-- gray/users    11529 2009-11-09 18:45 cflow-1.4/m4/gnulib-comp.m4
-rw-r--r-- gray/users    18904 2009-11-09 18:45 cflow-1.4/m4/po.m4
-rw-r--r-- gray/users     1527 2009-11-09 18:45 cflow-1.4/m4/stddef_h.m4
-rw-r--r-- gray/users     1357 2009-11-09 18:45 cflow-1.4/m4/00gnulib.m4
-rw-r--r-- gray/users     1070 2009-11-09 18:45 cflow-1.4/m4/vsnprintf.m4
-rw-r--r-- gray/users      540 2009-11-09 18:45 cflow-1.4/m4/error.m4
-rw-r--r-- gray/users     2612 2009-11-09 18:45 cflow-1.4/m4/time_h.m4
-rw-r--r-- gray/users     3499 2009-11-09 18:45 cflow-1.4/m4/lib-ld.m4
-rw-r--r-- gray/users     4650 2009-11-09 18:45 cflow-1.4/m4/gnulib-common.m4
-rw-r--r-- gray/users      982 2009-11-09 18:45 cflow-1.4/m4/wint_t.m4
-rw-r--r-- gray/users     2117 2009-11-09 18:45 cflow-1.4/m4/mmap-anon.m4
-rw-r--r-- gray/users     1477 2009-11-09 18:45 cflow-1.4/m4/malloc.m4
-rw-r--r-- gray/users     6205 2009-11-09 18:45 cflow-1.4/m4/iconv.m4
-rw-r--r-- gray/users     2200 2009-11-09 18:45 cflow-1.4/m4/multiarch.m4
-rw-r--r-- gray/users     1035 2009-11-09 18:45 cflow-1.4/m4/strcase.m4
-rw-r--r-- gray/users     2658 2009-11-09 18:45 cflow-1.4/m4/sys_stat_h.m4
-rw-r--r-- gray/users      661 2009-11-09 18:45 cflow-1.4/m4/strchrnul.m4
-rw-r--r-- gray/users     1924 2009-11-09 18:45 cflow-1.4/m4/stat.m4
-rw-r--r-- gray/users    14756 2009-11-09 18:49 cflow-1.4/m4/gettext.m4
-rw-r--r-- gray/users     4171 2009-11-09 18:45 cflow-1.4/m4/longlong.m4
-rw-r--r-- gray/users     2911 2009-11-09 18:45 cflow-1.4/m4/errno_h.m4
-rw-r--r-- gray/users     1202 2009-11-09 18:45 cflow-1.4/m4/sysexits.m4
-rw-r--r-- gray/users     3833 2009-11-09 18:45 cflow-1.4/m4/stdlib_h.m4
-rw-r--r-- gray/users      748 2009-11-09 18:45 cflow-1.4/m4/wchar_t.m4
-rw-r--r-- gray/users     2452 2009-11-09 18:45 cflow-1.4/m4/dos.m4
-rw-r--r-- gray/users      513 2009-11-09 18:45 cflow-1.4/m4/float_h.m4
-rw-r--r-- gray/users     4153 2009-11-09 18:45 cflow-1.4/m4/string_h.m4
-rw-r--r-- gray/users      883 2009-11-09 18:45 cflow-1.4/m4/lstat.m4
-rw-r--r-- gray/users     7198 2009-11-09 18:45 cflow-1.4/m4/getopt.m4
-rw-r--r-- gray/users      390 2009-11-09 18:45 cflow-1.4/m4/exitfail.m4
-rw-r--r-- gray/users     2074 2009-11-09 18:45 cflow-1.4/m4/intmax_t.m4
-rw-r--r-- gray/users      905 2009-11-09 18:45 cflow-1.4/m4/sleep.m4
-rw-r--r-- gray/users      396 2009-11-09 18:45 cflow-1.4/m4/hash.m4
-rw-r--r-- gray/users     1288 2009-11-09 18:45 cflow-1.4/m4/nls.m4
-rw-r--r-- gray/users      930 2009-11-09 18:45 cflow-1.4/m4/stdint_h.m4
-rw-r--r-- gray/users      429 2009-11-09 18:45 cflow-1.4/m4/xsize.m4
-rw-r--r-- gray/users      661 2009-11-09 18:45 cflow-1.4/m4/rawmemchr.m4
-rw-r--r-- gray/users     1052 2009-11-09 18:45 cflow-1.4/m4/snprintf.m4
-rw-r--r-- gray/users     2503 2009-11-09 18:45 cflow-1.4/m4/intlmacosx.m4
-rw-r--r-- gray/users     3002 2009-11-09 18:45 cflow-1.4/m4/progtest.m4
-rw-r--r-- gray/users      557 2009-11-09 18:45 cflow-1.4/m4/xalloc.m4
-rw-r--r-- gray/users     3769 2009-11-09 18:45 cflow-1.4/m4/wchar.m4
-rw-r--r-- gray/users     2968 2009-11-09 18:45 cflow-1.4/m4/size_max.m4
-rw-r--r-- gray/users     2642 2009-11-09 18:45 cflow-1.4/m4/memchr.m4
-rw-r--r-- gray/users     3023 2009-11-09 18:45 cflow-1.4/m4/argp.m4
-rw-r--r-- gray/users     1482 2009-11-09 18:45 cflow-1.4/m4/double-slash-root.m4
-rw-r--r-- gray/users     1639 2009-11-09 18:45 cflow-1.4/m4/inline.m4
-rw-r--r-- gray/users     3773 2009-11-09 18:45 cflow-1.4/m4/extensions.m4
-rw-r--r-- gray/users      707 2009-11-09 18:45 cflow-1.4/m4/dirname.m4
-rw-r--r-- gray/users     1128 2009-11-09 18:45 cflow-1.4/m4/strings_h.m4
-rw-r--r-- gray/users     2321 2009-11-09 18:45 cflow-1.4/m4/strerror.m4
-rw-r--r-- gray/users     6768 2009-11-09 18:45 cflow-1.4/m4/lib-prefix.m4
-rw-r--r-- gray/users     7149 2009-11-09 18:45 cflow-1.4/m4/stdio_h.m4
-rw-r--r-- gray/users     3740 2009-11-09 18:45 cflow-1.4/m4/stdbool.m4
-rw-r--r-- gray/users     2621 2009-11-09 18:45 cflow-1.4/m4/stdarg.m4
-rw-r--r-- gray/users    55812 2009-11-09 18:45 cflow-1.4/m4/printf.m4
-rw-r--r-- gray/users     8091 2009-11-09 18:45 cflow-1.4/m4/vasnprintf.m4
drwxr-xr-x gray/users        0 2011-10-11 22:20 cflow-1.4/po/
-rw-r--r-- gray/users    13884 2011-10-11 22:17 cflow-1.4/po/zh_CN.po
-rw-r--r-- gray/users     2051 2009-11-09 18:50 cflow-1.4/po/Makevars
-rw-r--r-- gray/users    16208 2011-10-11 22:17 cflow-1.4/po/da.po
-rw-r--r-- gray/users    14622 2011-10-11 22:17 cflow-1.4/po/fi.po
-rw-r--r-- gray/users    16538 2011-10-11 22:17 cflow-1.4/po/ga.po
-rw-r--r-- gray/users    14364 2011-10-11 22:17 cflow-1.4/po/id.po
-rw-r--r-- gray/users       27 2009-11-09 18:48 cflow-1.4/po/LINGUAS
-rw-r--r-- gray/users    14506 2011-10-11 22:17 cflow-1.4/po/pl.po
-rw-r--r-- gray/users    17396 2011-10-11 22:17 cflow-1.4/po/uk.po
-rw-r--r-- gray/users    16069 2011-10-11 22:17 cflow-1.4/po/vi.po
-rw-r--r-- gray/users     1337 2009-02-06 10:57 cflow-1.4/po/en@boldquot.header
-rw-r--r-- gray/users     1203 2009-02-06 10:57 cflow-1.4/po/en@quot.header
-rw-r--r-- gray/users     1790 2009-02-06 10:57 cflow-1.4/po/Rules-quot
-rw-r--r-- gray/users      432 2009-02-06 10:57 cflow-1.4/po/remove-potcdate.sin
-rw-r--r-- gray/users      217 2009-02-06 10:57 cflow-1.4/po/boldquot.sed
-rw-r--r-- gray/users      127 2010-01-02 16:19 cflow-1.4/po/POTFILES.in
-rw-r--r-- gray/users     9405 2011-10-11 22:17 cflow-1.4/po/da.gmo
-rw-r--r-- gray/users    10765 2011-10-11 22:17 cflow-1.4/po/fi.gmo
-rw-r--r-- gray/users    10645 2011-10-11 22:17 cflow-1.4/po/ga.gmo
-rw-r--r-- gray/users    10043 2011-10-11 22:17 cflow-1.4/po/zh_CN.gmo
-rw-r--r-- gray/users    10467 2011-10-11 22:17 cflow-1.4/po/id.gmo
-rw-r--r-- gray/users      672 2009-02-06 10:57 cflow-1.4/po/insert-header.sin
-rw-r--r-- gray/users    10700 2011-10-11 22:17 cflow-1.4/po/pl.gmo
-rw-r--r-- gray/users    13438 2011-10-11 22:17 cflow-1.4/po/uk.gmo
-rw-r--r-- gray/users    10001 2011-10-11 22:17 cflow-1.4/po/cflow.pot
-rw-r--r-- gray/users    12043 2011-10-11 22:17 cflow-1.4/po/vi.gmo
-rw-r--r-- gray/users       10 2011-10-11 22:17 cflow-1.4/po/stamp-po
-rw-r--r-- gray/users      153 2009-02-06 10:57 cflow-1.4/po/quot.sed
-rw-r--r-- gray/users      523 2010-01-02 16:19 cflow-1.4/po/ChangeLog
-rw-r--r-- gray/users    15803 2009-11-09 18:50 cflow-1.4/po/Makefile.in.in
drwxr-xr-x gray/users        0 2011-10-11 22:20 cflow-1.4/doc/
-rw-r--r-- gray/users     1892 2010-01-02 16:19 cflow-1.4/doc/d.c
-rw-r--r-- gray/users     2546 2010-01-02 16:19 cflow-1.4/doc/wc.c
-rw-r--r-- gray/users       95 2011-10-11 00:46 cflow-1.4/doc/version.texi
-rw-r--r-- gray/users      208 2010-01-02 16:19 cflow-1.4/doc/ack.c
-rw-r--r-- gray/users       80 2010-01-02 16:19 cflow-1.4/doc/foo.c
-rw-r--r-- gray/users      570 2010-01-02 16:19 cflow-1.4/doc/whoami.c
-rw-r--r-- gray/users     1526 2011-10-11 10:10 cflow-1.4/doc/Makefile.am
-rw-r--r-- gray/users    42278 2011-10-11 10:10 cflow-1.4/doc/Makefile.in
-rw-r--r-- gray/users    88167 2011-10-11 22:06 cflow-1.4/doc/cflow.info
-rw-r--r-- gray/users    54640 2011-10-11 22:06 cflow-1.4/doc/cflow.texi
-rw-r--r-- gray/users    20914 2011-10-11 00:47 cflow-1.4/doc/fdl.texi
-rwxr-xr-x gray/users     3597 2010-01-02 16:19 cflow-1.4/doc/gendocs_template
-rw-r--r-- gray/users       95 2011-10-11 22:06 cflow-1.4/doc/stamp-vti
-rw-r--r-- gray/users     2256 2010-01-02 16:19 cflow-1.4/doc/rendition.texi
drwxr-xr-x gray/users        0 2011-10-11 22:20 cflow-1.4/gnu/
-rw-r--r-- gray/users     2016 2009-11-09 18:45 cflow-1.4/gnu/vsnprintf.c
-rw-r--r-- gray/users     1705 2009-11-09 18:45 cflow-1.4/gnu/argp-ba.c
-rw-r--r-- gray/users     1677 2009-11-09 18:45 cflow-1.4/gnu/argp-pv.c
-rw-r--r-- gray/users    29559 2009-11-09 18:45 cflow-1.4/gnu/argp-parse.c
-rw-r--r-- gray/users      426 2009-11-09 18:45 cflow-1.4/gnu/memchr.valgrind
-rw-r--r-- gray/users    24406 2009-11-09 18:45 cflow-1.4/gnu/unistd.in.h
-rw-r--r-- gray/users     8242 2009-11-09 18:45 cflow-1.4/gnu/xalloc.h
-rw-r--r-- gray/users     1313 2009-11-09 18:45 cflow-1.4/gnu/size_max.h
-rw-r--r-- gray/users     2771 2009-11-09 18:45 cflow-1.4/gnu/stddef.in.h
-rw-r--r-- gray/users     8723 2009-11-09 18:45 cflow-1.4/gnu/getopt.in.h
-rw-r--r-- gray/users      946 2009-11-09 18:45 cflow-1.4/gnu/exitfail.c
-rw-r--r-- gray/users      849 2009-11-09 18:45 cflow-1.4/gnu/exitfail.h
-rw-r--r-- gray/users     3611 2009-11-09 18:45 cflow-1.4/gnu/xsize.h
-rw-r--r-- gray/users     3994 2009-11-09 18:45 cflow-1.4/gnu/time.in.h
-rw-r--r-- gray/users   141428 2009-11-09 18:45 cflow-1.4/gnu/vasnprintf.c
-rw-r--r-- gray/users     3004 2009-11-09 18:45 cflow-1.4/gnu/vasnprintf.h
-rw-r--r-- gray/users     1217 2009-11-09 18:45 cflow-1.4/gnu/strndup.c
-rw-r--r-- gray/users    14380 2009-11-09 18:45 cflow-1.4/gnu/obstack.c
-rw-r--r-- gray/users    19873 2009-11-09 18:45 cflow-1.4/gnu/obstack.h
-rw-r--r-- gray/users     1299 2009-11-09 18:45 cflow-1.4/gnu/strnlen.c
-rw-r--r-- gray/users      259 2009-11-09 18:45 cflow-1.4/gnu/rawmemchr.valgrind
-rw-r--r-- gray/users     1219 2009-11-09 18:45 cflow-1.4/gnu/stdarg.in.h
-rw-r--r-- gray/users     5736 2009-11-09 18:45 cflow-1.4/gnu/strchrnul.c
-rw-r--r-- gray/users     1060 2009-11-09 18:45 cflow-1.4/gnu/argp-pin.c
-rw-r--r-- gray/users     4340 2009-11-09 18:45 cflow-1.4/gnu/bitrotate.h
-rw-r--r-- gray/users     1476 2009-11-09 18:45 cflow-1.4/gnu/argp-pvh.c
-rw-r--r-- gray/users     1960 2009-11-09 18:45 cflow-1.4/gnu/strcasecmp.c
-rw-r--r-- gray/users     3365 2009-11-09 18:45 cflow-1.4/gnu/xmalloc.c
-rw-r--r-- gray/users     1578 2009-11-09 18:45 cflow-1.4/gnu/sleep.c
-rw-r--r-- gray/users    11912 2009-11-09 18:45 cflow-1.4/gnu/sys_stat.in.h
-rw-r--r-- gray/users     2778 2009-11-09 18:45 cflow-1.4/gnu/progname.c
-rw-r--r-- gray/users     1925 2009-11-09 18:45 cflow-1.4/gnu/progname.h
-rw-r--r-- gray/users    57573 2009-11-09 18:45 cflow-1.4/gnu/argp-help.c
-rw-r--r-- gray/users     5578 2009-11-09 18:45 cflow-1.4/gnu/argp-namefrob.h
-rw-r--r-- gray/users     8658 2009-11-09 18:45 cflow-1.4/gnu/error.c
-rw-r--r-- gray/users     2499 2009-11-09 18:45 cflow-1.4/gnu/error.h
-rw-r--r-- gray/users     4712 2009-11-09 18:45 cflow-1.4/gnu/errno.in.h
-rw-r--r-- gray/users     1556 2009-11-09 18:45 cflow-1.4/gnu/malloc.c
-rw-r--r-- gray/users     2208 2009-11-09 18:45 cflow-1.4/gnu/basename-lgpl.c
-rw-r--r-- gray/users    15962 2009-11-09 18:45 cflow-1.4/gnu/stdlib.in.h
-rw-r--r-- gray/users     4096 2009-11-09 18:45 cflow-1.4/gnu/stdio-write.c
-rw-r--r-- gray/users     9145 2009-11-09 18:45 cflow-1.4/gnu/wchar.in.h
-rw-r--r-- gray/users     3295 2009-11-09 18:45 cflow-1.4/gnu/lstat.c
-rw-r--r-- gray/users     2288 2009-11-09 18:45 cflow-1.4/gnu/float.in.h
-rw-r--r-- gray/users    28523 2009-11-09 18:45 cflow-1.4/gnu/argp.h
-rw-r--r-- gray/users    22619 2009-11-09 18:45 cflow-1.4/gnu/string.in.h
-rw-r--r-- gray/users     1237 2009-11-09 18:45 cflow-1.4/gnu/argp-eexst.c
-rw-r--r-- gray/users    32161 2009-11-09 18:45 cflow-1.4/gnu/getopt.c
-rw-r--r-- gray/users    36300 2009-11-09 18:45 cflow-1.4/gnu/hash.c
-rw-r--r-- gray/users     3478 2009-11-09 18:45 cflow-1.4/gnu/hash.h
-rw-r--r-- gray/users    39224 2009-11-09 18:45 cflow-1.4/gnu/Makefile.am
-rw-r--r-- gray/users    78355 2011-10-09 14:22 cflow-1.4/gnu/Makefile.in
-rw-r--r-- gray/users     4031 2009-11-09 18:45 cflow-1.4/gnu/getopt1.c
-rw-r--r-- gray/users      259 2009-11-09 18:45 cflow-1.4/gnu/strchrnul.valgrind
-rw-r--r-- gray/users    16661 2009-11-09 18:45 cflow-1.4/gnu/stdint.in.h
-rw-r--r-- gray/users     1430 2009-11-09 18:45 cflow-1.4/gnu/argp-xinl.c
-rw-r--r-- gray/users     9753 2009-11-09 18:45 cflow-1.4/gnu/gettext.h
-rw-r--r-- gray/users     1355 2009-11-09 18:45 cflow-1.4/gnu/argp-version-etc.c
-rw-r--r-- gray/users     1462 2009-11-09 18:45 cflow-1.4/gnu/argp-version-etc.h
-rw-r--r-- gray/users     3202 2009-11-09 18:45 cflow-1.4/gnu/intprops.h
-rw-r--r-- gray/users     1988 2009-11-09 18:45 cflow-1.4/gnu/alloca.in.h
-rw-r--r-- gray/users     1214 2009-11-09 18:45 cflow-1.4/gnu/asnprintf.c
-rw-r--r-- gray/users     3461 2009-11-09 18:45 cflow-1.4/gnu/stat.c
-rw-r--r-- gray/users     2048 2009-11-09 18:45 cflow-1.4/gnu/strncasecmp.c
-rw-r--r-- gray/users     5938 2009-11-09 18:45 cflow-1.4/gnu/printf-args.c
-rw-r--r-- gray/users     3536 2009-11-09 18:45 cflow-1.4/gnu/printf-args.h
-rw-r--r-- gray/users    11586 2009-11-09 18:45 cflow-1.4/gnu/argp-fmtstream.c
-rw-r--r-- gray/users    13393 2009-11-09 18:45 cflow-1.4/gnu/argp-fmtstream.h
-rw-r--r-- gray/users     1412 2009-11-09 18:45 cflow-1.4/gnu/xalloc-die.c
-rw-r--r-- gray/users     3353 2009-11-09 18:45 cflow-1.4/gnu/strings.in.h
-rw-r--r-- gray/users     1645 2009-11-09 18:45 cflow-1.4/gnu/stripslash.c
-rw-r--r-- gray/users    14046 2009-11-09 18:45 cflow-1.4/gnu/alloca.c
-rw-r--r-- gray/users     1990 2009-11-09 18:45 cflow-1.4/gnu/sysexits.in.h
-rw-r--r-- gray/users     5758 2009-11-09 18:45 cflow-1.4/gnu/float+.h
-rw-r--r-- gray/users     2400 2009-11-09 18:45 cflow-1.4/gnu/dirname.h
-rw-r--r-- gray/users    20367 2009-11-09 18:45 cflow-1.4/gnu/stdio.in.h
-rw-r--r-- gray/users     8987 2009-11-09 18:45 cflow-1.4/gnu/strerror.c
-rw-r--r-- gray/users     1691 2009-11-09 18:45 cflow-1.4/gnu/argp-fs-xinl.c
-rw-r--r-- gray/users     4996 2009-11-09 18:45 cflow-1.4/gnu/stdbool.in.h
-rw-r--r-- gray/users     1178 2009-11-09 18:45 cflow-1.4/gnu/mempcpy.c
-rw-r--r-- gray/users     8610 2009-11-09 18:45 cflow-1.4/gnu/version-etc.c
-rw-r--r-- gray/users     2781 2009-11-09 18:45 cflow-1.4/gnu/version-etc.h
-rw-r--r-- gray/users     4855 2009-11-09 18:45 cflow-1.4/gnu/getopt_int.h
-rw-r--r-- gray/users    14870 2009-11-09 18:45 cflow-1.4/gnu/printf-parse.c
-rw-r--r-- gray/users     4729 2009-11-09 18:45 cflow-1.4/gnu/printf-parse.h
-rw-r--r-- gray/users     3251 2009-11-09 18:45 cflow-1.4/gnu/dirname-lgpl.c
-rw-r--r-- gray/users     5334 2009-11-09 18:45 cflow-1.4/gnu/rawmemchr.c
-rw-r--r-- gray/users     2003 2009-11-09 18:45 cflow-1.4/gnu/snprintf.c
-rw-r--r-- gray/users     5873 2009-11-09 18:45 cflow-1.4/gnu/memchr.c
drwxr-xr-x gray/users        0 2011-10-11 22:20 cflow-1.4/src/
-rw-r--r-- gray/users    75108 2011-10-10 23:54 cflow-1.4/src/c.c
-rw-r--r-- gray/users    11669 2011-10-10 23:54 cflow-1.4/src/c.l
-rw-r--r-- gray/users     3405 2010-01-02 16:19 cflow-1.4/src/rc.c
-rw-r--r-- gray/users     2506 2010-01-02 16:19 cflow-1.4/src/gnu.c
-rw-r--r-- gray/users      318 2011-10-11 09:54 cflow-1.4/src/cflow.rc
-rw-r--r-- gray/users    23881 2011-10-11 22:12 cflow-1.4/src/parser.c
-rw-r--r-- gray/users     1378 2011-10-09 19:10 cflow-1.4/src/parser.h
-rw-r--r-- gray/users     1588 2011-10-10 23:54 cflow-1.4/src/Makefile.am
-rw-r--r-- gray/users    39586 2011-10-10 23:54 cflow-1.4/src/Makefile.in
-rw-r--r-- gray/users     9349 2011-10-10 23:54 cflow-1.4/src/symbol.c
-rw-r--r-- gray/users    22055 2011-10-11 22:13 cflow-1.4/src/main.c
-rw-r--r-- gray/users     9541 2011-10-09 14:20 cflow-1.4/src/output.c
-rw-r--r-- gray/users     3583 2011-10-09 14:20 cflow-1.4/src/linked-list.c
-rw-r--r-- gray/users     3036 2010-01-02 16:19 cflow-1.4/src/depmap.c
-rw-r--r-- gray/users     7740 2010-01-02 16:19 cflow-1.4/src/argcv.c
-rw-r--r-- gray/users     1796 2010-01-02 16:19 cflow-1.4/src/argcv.h
-rw-r--r-- gray/users     7341 2011-10-10 23:54 cflow-1.4/src/cflow.h
-rw-r--r-- gray/users     2215 2010-01-02 16:19 cflow-1.4/src/posix.c
-rw-r--r-- gray/users     2803 2011-10-11 22:07 cflow-1.4/NEWS
-rw-r--r-- gray/users     2182 2010-01-02 16:19 cflow-1.4/TODO
-rw-r--r-- gray/users    40159 2011-10-09 14:22 cflow-1.4/aclocal.m4
drwxr-xr-x gray/users        0 2011-10-11 22:20 cflow-1.4/elisp/
-rw-r--r-- gray/users     6866 2010-01-02 16:19 cflow-1.4/elisp/cflow-mode.el
-rw-r--r-- gray/users      901 2010-01-02 16:19 cflow-1.4/elisp/Makefile.am
-rw-r--r-- gray/users    31432 2011-10-09 14:22 cflow-1.4/elisp/Makefile.in
drwxr-xr-x gray/users        0 2011-10-11 22:20 cflow-1.4/tests/
-rw-r--r-- gray/users     1606 2010-01-02 16:20 cflow-1.4/tests/hiding.at
-rw-r--r-- gray/users      997 2010-01-02 16:19 cflow-1.4/tests/funcarg.at
-rw-r--r-- gray/users     1007 2011-10-09 22:05 cflow-1.4/tests/struct00.at
-rw-r--r-- gray/users     1064 2011-10-09 22:05 cflow-1.4/tests/struct01.at
-rw-r--r-- gray/users     1165 2010-01-02 16:19 cflow-1.4/tests/recurse.at
-rw-r--r-- gray/users     2515 2011-10-09 22:05 cflow-1.4/tests/multi.at
-rw-r--r-- gray/users     1078 2011-10-10 23:54 cflow-1.4/tests/nfparg.at
-rw-r--r-- gray/users     1189 2010-01-02 16:19 cflow-1.4/tests/reverse.at
-rw-r--r-- gray/users     2358 2011-10-09 16:15 cflow-1.4/tests/Makefile.am
-rw-r--r-- gray/users    33187 2011-10-09 16:15 cflow-1.4/tests/Makefile.in
-rw-r--r-- gray/users     1048 2011-10-09 22:04 cflow-1.4/tests/fdecl.at
-rw-r--r-- gray/users     1236 2011-10-09 22:03 cflow-1.4/tests/knr.at
-rw-r--r-- gray/users     1286 2010-01-02 16:19 cflow-1.4/tests/nfarg.at
-rw-r--r-- gray/users     1141 2010-01-02 16:19 cflow-1.4/tests/ssblock.at
-rw-r--r-- gray/users     2001 2011-10-09 16:15 cflow-1.4/tests/testsuite.at
-rw-r--r-- gray/users     1067 2011-10-09 22:03 cflow-1.4/tests/pwrapper.at
-rw-r--r-- gray/users     1202 2011-08-17 23:03 cflow-1.4/tests/bartest.at
-rw-r--r-- gray/users     1126 2010-01-02 16:19 cflow-1.4/tests/parm.at
-rw-r--r-- gray/users     1110 2010-01-02 16:19 cflow-1.4/tests/awrapper.at
-rw-r--r-- gray/users     1076 2010-01-02 16:19 cflow-1.4/tests/direct.at
-rw-r--r-- gray/users     1967 2010-01-02 16:19 cflow-1.4/tests/static.at
-rw-r--r-- gray/users     2019 2010-01-02 16:19 cflow-1.4/tests/include.at
-rw-r--r-- gray/users     1116 2010-01-02 16:19 cflow-1.4/tests/attr.at
-rw-r--r-- gray/users      273 2011-10-09 14:26 cflow-1.4/tests/package.m4
-rw-r--r-- gray/users      466 2010-01-02 16:19 cflow-1.4/tests/atlocal.in
-rwxr-xr-x gray/users    82303 2011-10-11 22:17 cflow-1.4/tests/testsuite
-rw-r--r-- gray/users     1207 2010-01-02 16:20 cflow-1.4/tests/version.at
-rw-r--r-- gray/users     3324 2011-10-11 21:27 cflow-1.4/README
-rw-r--r-- gray/users      611 2011-10-09 14:25 cflow-1.4/THANKS
-rwxr-xr-x gray/users   702975 2011-10-09 14:22 cflow-1.4/configure
-rw-r--r-- gray/users     2467 2011-10-09 14:21 cflow-1.4/configure.ac
-rw-r--r-- gray/users     2884 2010-01-02 16:19 cflow-1.4/Makefile.am
-rw-r--r-- gray/users    46754 2011-10-09 14:22 cflow-1.4/Makefile.in
-rw-r--r-- gray/users    22299 2010-01-02 16:19 cflow-1.4/ChangeLog.2007
-rw-r--r-- gray/users    18715 2011-10-09 14:23 cflow-1.4/config.h.in
-rw-r--r-- gray/users     1312 2010-01-02 16:19 cflow-1.4/acinclude.m4
drwxr-xr-x gray/users        0 2011-10-11 22:20 cflow-1.4/build-aux/
-rw-r--r-- gray/users     1292 2009-11-09 18:44 cflow-1.4/build-aux/link-warning.h
-rwxr-xr-x gray/users    18615 2009-11-09 18:44 cflow-1.4/build-aux/depcomp
-rwxr-xr-x gray/users     5542 2009-11-09 18:44 cflow-1.4/build-aux/gitlog-to-changelog
-rwxr-xr-x gray/users    44702 2009-11-09 18:44 cflow-1.4/build-aux/config.guess
-rw-r--r-- gray/users    18343 2009-02-06 11:13 cflow-1.4/build-aux/config.rpath
-rwxr-xr-x gray/users    13663 2009-11-09 18:44 cflow-1.4/build-aux/install-sh
-rwxr-xr-x gray/users    34364 2009-11-09 18:44 cflow-1.4/build-aux/config.sub
-rwxr-xr-x gray/users    11419 2009-11-09 18:44 cflow-1.4/build-aux/missing
-rwxr-xr-x gray/users     5609 2009-11-09 18:44 cflow-1.4/build-aux/mdate-sh
-rwxr-xr-x gray/users     6179 2009-11-09 18:50 cflow-1.4/build-aux/ylwrap
-rw-r--r-- gray/users   295145 2009-11-09 18:44 cflow-1.4/build-aux/texinfo.tex
-rw-r--r-- gray/users       33 2010-01-02 16:19 cflow-1.4/AUTHORS
-rw-r--r-- gray/users    15578 2009-11-09 18:44 cflow-1.4/INSTALL
-rw-r--r-- gray/users    76502 2009-02-06 11:13 cflow-1.4/ABOUT-NLS
-rw-r--r-- gray/users    30869 2011-10-11 22:20 cflow-1.4/ChangeLog
-rw-r--r-- gray/users    35068 2010-01-02 16:19 cflow-1.4/COPYING
