drwxr-xr-x gray/staff        0 2010-03-10 14:12 cpio-2.11/
drwxr-xr-x gray/staff        0 2010-03-10 14:12 cpio-2.11/am/
-rw-r--r-- gray/staff     1119 2009-06-19 13:52 cpio-2.11/am/flushleft.m4
-rw-r--r-- gray/staff     2692 2009-06-19 13:49 cpio-2.11/am/pack.m4
-rw-r--r-- gray/staff      255 2010-03-10 10:27 cpio-2.11/am/sysdep.m4
drwxr-xr-x gray/staff        0 2010-03-10 14:12 cpio-2.11/build-aux/
-rwxr-xr-x gray/staff    44959 2010-02-22 10:18 cpio-2.11/build-aux/config.guess
-rwxr-xr-x gray/staff    18442 2010-02-22 10:18 cpio-2.11/build-aux/config.rpath
-rwxr-xr-x gray/staff    34597 2010-02-22 10:18 cpio-2.11/build-aux/config.sub
-rwxr-xr-x gray/staff    18615 2009-08-13 13:47 cpio-2.11/build-aux/depcomp
-rwxr-xr-x gray/staff    13781 2010-02-22 10:18 cpio-2.11/build-aux/install-sh
-rwxr-xr-x gray/staff     5644 2010-03-10 10:16 cpio-2.11/build-aux/mdate-sh
-rwxr-xr-x gray/staff    11419 2009-08-13 13:47 cpio-2.11/build-aux/missing
-rw-r--r-- gray/staff   295418 2010-03-10 10:16 cpio-2.11/build-aux/texinfo.tex
-rwxr-xr-x gray/staff     6179 2010-03-10 10:27 cpio-2.11/build-aux/ylwrap
-rw-r--r-- gray/staff     1314 2010-03-10 10:26 cpio-2.11/build-aux/arg-nonnull.h
-rw-r--r-- gray/staff     8619 2010-03-10 10:26 cpio-2.11/build-aux/c++defs.h
-rwxr-xr-x gray/staff     5541 2010-02-22 10:18 cpio-2.11/build-aux/gitlog-to-changelog
-rw-r--r-- gray/staff     3801 2010-03-10 10:26 cpio-2.11/build-aux/warn-on-use.h
drwxr-xr-x gray/staff        0 2010-03-10 14:12 cpio-2.11/m4/
-rw-r--r-- gray/staff     1362 2010-02-22 10:19 cpio-2.11/m4/00gnulib.m4
-rw-r--r-- gray/staff     1597 2010-02-22 10:19 cpio-2.11/m4/alloca.m4
-rw-r--r-- gray/staff      330 2010-02-22 10:19 cpio-2.11/m4/argmatch.m4
-rw-r--r-- gray/staff     3042 2010-02-22 10:19 cpio-2.11/m4/argp.m4
-rw-r--r-- gray/staff     1011 2010-02-22 10:19 cpio-2.11/m4/bison.m4
-rw-r--r-- gray/staff     1250 2010-02-22 10:19 cpio-2.11/m4/chdir-long.m4
-rw-r--r-- gray/staff     4530 2010-02-22 10:19 cpio-2.11/m4/chown.m4
-rw-r--r-- gray/staff     1360 2010-02-22 10:19 cpio-2.11/m4/clock_time.m4
-rw-r--r-- gray/staff      384 2010-02-22 10:19 cpio-2.11/m4/close-stream.m4
-rw-r--r-- gray/staff      816 2010-02-22 10:19 cpio-2.11/m4/close.m4
-rw-r--r-- gray/staff      400 2010-02-22 10:19 cpio-2.11/m4/closeout.m4
-rw-r--r-- gray/staff      779 2010-02-22 10:19 cpio-2.11/m4/codeset.m4
-rw-r--r-- gray/staff     1326 2010-02-22 10:19 cpio-2.11/m4/d-ino.m4
-rw-r--r-- gray/staff      362 2010-02-22 10:19 cpio-2.11/m4/dirent-safer.m4
-rw-r--r-- gray/staff     2087 2010-03-10 10:16 cpio-2.11/m4/dirent_h.m4
-rw-r--r-- gray/staff     2523 2010-02-22 10:19 cpio-2.11/m4/dirfd.m4
-rw-r--r-- gray/staff      712 2010-02-22 10:19 cpio-2.11/m4/dirname.m4
-rw-r--r-- gray/staff     2539 2010-02-22 10:19 cpio-2.11/m4/dos.m4
-rw-r--r-- gray/staff     1621 2010-02-22 10:19 cpio-2.11/m4/double-slash-root.m4
-rw-r--r-- gray/staff     1920 2010-02-22 10:19 cpio-2.11/m4/dup2.m4
-rw-r--r-- gray/staff      980 2010-02-22 10:19 cpio-2.11/m4/eealloc.m4
-rw-r--r-- gray/staff     1170 2010-02-22 10:19 cpio-2.11/m4/environ.m4
-rw-r--r-- gray/staff     2917 2010-02-22 10:19 cpio-2.11/m4/errno_h.m4
-rw-r--r-- gray/staff      557 2010-02-22 10:19 cpio-2.11/m4/error.m4
-rw-r--r-- gray/staff     4439 2010-02-22 10:19 cpio-2.11/m4/extensions.m4
-rw-r--r-- gray/staff     1724 2010-02-22 10:19 cpio-2.11/m4/fchdir.m4
-rw-r--r-- gray/staff      420 2010-02-22 10:19 cpio-2.11/m4/fclose.m4
-rw-r--r-- gray/staff     2973 2010-02-22 10:19 cpio-2.11/m4/fcntl-o.m4
-rw-r--r-- gray/staff     2699 2010-02-22 10:19 cpio-2.11/m4/fcntl.m4
-rw-r--r-- gray/staff     1529 2010-03-10 10:16 cpio-2.11/m4/fcntl_h.m4
-rw-r--r-- gray/staff     1149 2010-02-22 10:19 cpio-2.11/m4/fdopendir.m4
-rw-r--r-- gray/staff      617 2010-02-22 10:19 cpio-2.11/m4/fileblocks.m4
-rw-r--r-- gray/staff      525 2010-02-22 10:19 cpio-2.11/m4/float_h.m4
-rw-r--r-- gray/staff     5151 2010-02-22 10:19 cpio-2.11/m4/fnmatch.m4
-rw-r--r-- gray/staff     3987 2010-02-22 10:19 cpio-2.11/m4/fpending.m4
-rw-r--r-- gray/staff     1075 2010-02-22 10:19 cpio-2.11/m4/fseeko.m4
-rw-r--r-- gray/staff     3000 2010-02-22 10:19 cpio-2.11/m4/getcwd-abort-bug.m4
-rw-r--r-- gray/staff     5424 2010-02-22 10:19 cpio-2.11/m4/getcwd-path-max.m4
-rw-r--r-- gray/staff     2401 2010-02-22 10:19 cpio-2.11/m4/getcwd.m4
-rw-r--r-- gray/staff     2063 2010-02-22 10:19 cpio-2.11/m4/getdate.m4
-rw-r--r-- gray/staff      514 2010-02-22 10:19 cpio-2.11/m4/getdtablesize.m4
-rw-r--r-- gray/staff     8323 2010-02-22 10:19 cpio-2.11/m4/getopt.m4
-rw-r--r-- gray/staff    14789 2010-03-10 10:27 cpio-2.11/m4/gettext.m4
-rw-r--r-- gray/staff      488 2010-02-22 10:19 cpio-2.11/m4/gettime.m4
-rw-r--r-- gray/staff     4326 2010-03-10 10:16 cpio-2.11/m4/gettimeofday.m4
-rw-r--r-- gray/staff      854 2010-02-22 10:19 cpio-2.11/m4/glibc21.m4
-rw-r--r-- gray/staff     5447 2010-02-22 10:19 cpio-2.11/m4/gnulib-common.m4
-rw-r--r-- gray/staff    18148 2010-03-10 10:27 cpio-2.11/m4/gnulib-comp.m4
-rw-r--r-- gray/staff      409 2010-02-22 10:19 cpio-2.11/m4/hash.m4
-rw-r--r-- gray/staff     6806 2010-02-22 10:19 cpio-2.11/m4/iconv.m4
-rw-r--r-- gray/staff     7799 2010-02-22 10:19 cpio-2.11/m4/include_next.m4
-rw-r--r-- gray/staff     1645 2010-02-22 10:19 cpio-2.11/m4/inline.m4
-rw-r--r-- gray/staff     2429 2010-02-22 10:19 cpio-2.11/m4/intlmacosx.m4
-rw-r--r-- gray/staff     2083 2010-02-22 10:19 cpio-2.11/m4/intmax_t.m4
-rw-r--r-- gray/staff      920 2010-02-22 10:19 cpio-2.11/m4/inttostr.m4
-rw-r--r-- gray/staff     1153 2010-02-22 10:19 cpio-2.11/m4/inttypes-pri.m4
-rw-r--r-- gray/staff     9558 2010-02-22 10:19 cpio-2.11/m4/inttypes.m4
-rw-r--r-- gray/staff      953 2010-02-22 10:19 cpio-2.11/m4/inttypes_h.m4
-rw-r--r-- gray/staff      910 2010-02-22 10:19 cpio-2.11/m4/lchown.m4
-rw-r--r-- gray/staff     3459 2010-02-22 10:19 cpio-2.11/m4/lib-ld.m4
-rw-r--r-- gray/staff    32334 2010-02-22 10:19 cpio-2.11/m4/lib-link.m4
-rw-r--r-- gray/staff     8466 2010-02-22 10:19 cpio-2.11/m4/lib-prefix.m4
-rw-r--r-- gray/staff      598 2010-02-22 10:19 cpio-2.11/m4/localcharset.m4
-rw-r--r-- gray/staff     7446 2010-02-22 10:19 cpio-2.11/m4/locale-fr.m4
-rw-r--r-- gray/staff     4067 2010-02-22 10:19 cpio-2.11/m4/locale-ja.m4
-rw-r--r-- gray/staff     3511 2010-02-22 10:19 cpio-2.11/m4/locale-zh.m4
-rw-r--r-- gray/staff     4477 2010-02-22 10:19 cpio-2.11/m4/longlong.m4
-rw-r--r-- gray/staff     1654 2010-03-10 10:16 cpio-2.11/m4/lseek.m4
-rw-r--r-- gray/staff      883 2010-02-22 10:19 cpio-2.11/m4/lstat.m4
-rw-r--r-- gray/staff     1483 2010-02-22 10:19 cpio-2.11/m4/malloc.m4
-rw-r--r-- gray/staff      577 2010-02-22 10:19 cpio-2.11/m4/malloca.m4
-rw-r--r-- gray/staff    11251 2010-02-22 10:19 cpio-2.11/m4/mbrtowc.m4
-rw-r--r-- gray/staff      785 2010-02-22 10:19 cpio-2.11/m4/mbsinit.m4
-rw-r--r-- gray/staff     3602 2010-02-22 10:19 cpio-2.11/m4/mbsrtowcs.m4
-rw-r--r-- gray/staff     1158 2010-02-22 10:19 cpio-2.11/m4/mbstate_t.m4
-rw-r--r-- gray/staff     2675 2010-02-22 10:19 cpio-2.11/m4/memchr.m4
-rw-r--r-- gray/staff      766 2010-02-22 10:19 cpio-2.11/m4/mempcpy.m4
-rw-r--r-- gray/staff      752 2010-02-22 10:19 cpio-2.11/m4/memrchr.m4
-rw-r--r-- gray/staff     1871 2010-02-22 10:19 cpio-2.11/m4/mkdir.m4
-rw-r--r-- gray/staff     6356 2010-02-22 10:19 cpio-2.11/m4/mktime.m4
-rw-r--r-- gray/staff     2122 2010-02-22 10:19 cpio-2.11/m4/mmap-anon.m4
-rw-r--r-- gray/staff     1250 2010-02-22 10:19 cpio-2.11/m4/mode_t.m4
-rw-r--r-- gray/staff     2206 2010-02-22 10:19 cpio-2.11/m4/multiarch.m4
-rw-r--r-- gray/staff     1229 2010-02-22 10:19 cpio-2.11/m4/nls.m4
-rw-r--r-- gray/staff     2158 2010-02-22 10:19 cpio-2.11/m4/open.m4
-rw-r--r-- gray/staff     3573 2010-02-22 10:19 cpio-2.11/m4/openat.m4
-rw-r--r-- gray/staff      124 2010-03-10 10:27 cpio-2.11/m4/paxutils.m4
-rw-r--r-- gray/staff    18830 2010-02-22 10:19 cpio-2.11/m4/po.m4
-rw-r--r-- gray/staff    55812 2010-02-22 10:19 cpio-2.11/m4/printf.m4
-rw-r--r-- gray/staff     2939 2010-02-22 10:19 cpio-2.11/m4/progtest.m4
-rw-r--r-- gray/staff      400 2010-02-22 10:19 cpio-2.11/m4/quote.m4
-rw-r--r-- gray/staff      336 2010-02-22 10:19 cpio-2.11/m4/quotearg.m4
-rw-r--r-- gray/staff      673 2010-02-22 10:19 cpio-2.11/m4/rawmemchr.m4
-rw-r--r-- gray/staff      796 2010-02-22 10:19 cpio-2.11/m4/realloc.m4
-rw-r--r-- gray/staff     1713 2010-02-22 10:19 cpio-2.11/m4/rmdir.m4
-rw-r--r-- gray/staff     2453 2009-03-10 12:09 cpio-2.11/m4/rmt.m4
-rw-r--r-- gray/staff       88 2009-03-10 12:09 cpio-2.11/m4/rtapelib.m4
-rw-r--r-- gray/staff      488 2010-02-22 10:19 cpio-2.11/m4/safe-read.m4
-rw-r--r-- gray/staff      475 2010-02-22 10:19 cpio-2.11/m4/safe-write.m4
-rw-r--r-- gray/staff      401 2010-02-22 10:19 cpio-2.11/m4/save-cwd.m4
-rw-r--r-- gray/staff      353 2010-02-22 10:19 cpio-2.11/m4/savedir.m4
-rw-r--r-- gray/staff     3208 2010-02-22 10:19 cpio-2.11/m4/setenv.m4
-rw-r--r-- gray/staff     2968 2010-02-22 10:19 cpio-2.11/m4/size_max.m4
-rw-r--r-- gray/staff     1769 2010-02-22 10:19 cpio-2.11/m4/sleep.m4
-rw-r--r-- gray/staff      765 2010-02-22 10:19 cpio-2.11/m4/ssize_t.m4
-rw-r--r-- gray/staff     3175 2010-02-22 10:19 cpio-2.11/m4/stat-time.m4
-rw-r--r-- gray/staff     2390 2010-02-22 10:19 cpio-2.11/m4/stat.m4
-rw-r--r-- gray/staff     2621 2010-02-22 10:19 cpio-2.11/m4/stdarg.m4
-rw-r--r-- gray/staff     4235 2010-02-22 10:19 cpio-2.11/m4/stdbool.m4
-rw-r--r-- gray/staff     1533 2010-02-22 10:19 cpio-2.11/m4/stddef_h.m4
-rw-r--r-- gray/staff    15629 2010-02-22 10:19 cpio-2.11/m4/stdint.m4
-rw-r--r-- gray/staff      929 2010-02-22 10:19 cpio-2.11/m4/stdint_h.m4
-rw-r--r-- gray/staff     7545 2010-03-10 10:16 cpio-2.11/m4/stdio_h.m4
-rw-r--r-- gray/staff     4508 2010-03-10 10:16 cpio-2.11/m4/stdlib_h.m4
-rw-r--r-- gray/staff      742 2010-02-22 10:19 cpio-2.11/m4/stpcpy.m4
-rw-r--r-- gray/staff     1035 2010-02-22 10:19 cpio-2.11/m4/strcase.m4
-rw-r--r-- gray/staff      667 2010-02-22 10:19 cpio-2.11/m4/strchrnul.m4
-rw-r--r-- gray/staff      956 2010-02-22 10:19 cpio-2.11/m4/strdup.m4
-rw-r--r-- gray/staff     2321 2010-02-22 10:19 cpio-2.11/m4/strerror.m4
-rw-r--r-- gray/staff     4916 2010-03-10 10:16 cpio-2.11/m4/string_h.m4
-rw-r--r-- gray/staff     1349 2010-02-22 10:19 cpio-2.11/m4/strings_h.m4
-rw-r--r-- gray/staff     1592 2010-02-22 10:19 cpio-2.11/m4/strndup.m4
-rw-r--r-- gray/staff     1046 2010-02-22 10:19 cpio-2.11/m4/strnlen.m4
-rw-r--r-- gray/staff      355 2010-02-22 10:19 cpio-2.11/m4/strtol.m4
-rw-r--r-- gray/staff     3322 2010-03-10 10:16 cpio-2.11/m4/sys_stat_h.m4
-rw-r--r-- gray/staff     2379 2010-03-10 10:16 cpio-2.11/m4/sys_time_h.m4
-rw-r--r-- gray/staff     1208 2010-02-22 10:19 cpio-2.11/m4/sysexits.m4
-rw-r--r-- gray/staff      978 2009-08-09 09:39 cpio-2.11/m4/system.m4
-rw-r--r-- gray/staff     3313 2010-03-10 10:16 cpio-2.11/m4/time_h.m4
-rw-r--r-- gray/staff     1468 2010-02-22 10:19 cpio-2.11/m4/time_r.m4
-rw-r--r-- gray/staff      400 2010-02-22 10:19 cpio-2.11/m4/timespec.m4
-rw-r--r-- gray/staff      541 2010-02-22 10:19 cpio-2.11/m4/tm_gmtoff.m4
-rw-r--r-- gray/staff      419 2010-02-22 10:19 cpio-2.11/m4/unistd-safer.m4
-rw-r--r-- gray/staff     7106 2010-03-10 10:16 cpio-2.11/m4/unistd_h.m4
-rw-r--r-- gray/staff     1217 2010-02-22 10:19 cpio-2.11/m4/unlink.m4
-rw-r--r-- gray/staff     1559 2010-02-22 10:19 cpio-2.11/m4/unlocked-io.m4
-rw-r--r-- gray/staff     1279 2010-02-22 10:19 cpio-2.11/m4/utimbuf.m4
-rw-r--r-- gray/staff     1501 2010-02-22 10:19 cpio-2.11/m4/utimens.m4
-rw-r--r-- gray/staff     2457 2010-02-22 10:19 cpio-2.11/m4/utimes.m4
-rw-r--r-- gray/staff     8091 2010-02-22 10:19 cpio-2.11/m4/vasnprintf.m4
-rw-r--r-- gray/staff     1174 2010-02-22 10:19 cpio-2.11/m4/version-etc.m4
-rw-r--r-- gray/staff     1070 2010-02-22 10:19 cpio-2.11/m4/vsnprintf.m4
-rw-r--r-- gray/staff     2066 2010-03-10 10:16 cpio-2.11/m4/warn-on-use.m4
-rw-r--r-- gray/staff     5795 2010-03-10 10:16 cpio-2.11/m4/wchar_h.m4
-rw-r--r-- gray/staff      747 2010-02-22 10:19 cpio-2.11/m4/wchar_t.m4
-rw-r--r-- gray/staff     2176 2010-03-10 10:16 cpio-2.11/m4/wctype_h.m4
-rw-r--r-- gray/staff      982 2010-02-22 10:19 cpio-2.11/m4/wint_t.m4
-rw-r--r-- gray/staff      720 2010-02-22 10:19 cpio-2.11/m4/write.m4
-rw-r--r-- gray/staff      573 2010-02-22 10:19 cpio-2.11/m4/xalloc.m4
-rw-r--r-- gray/staff      358 2010-02-22 10:19 cpio-2.11/m4/xgetcwd.m4
-rw-r--r-- gray/staff      434 2010-02-22 10:19 cpio-2.11/m4/xsize.m4
-rw-r--r-- gray/staff      410 2010-02-22 10:19 cpio-2.11/m4/xstrndup.m4
-rw-r--r-- gray/staff     2864 2009-02-14 19:15 cpio-2.11/README
-rw-r--r-- gray/staff     2850 2010-03-10 13:59 cpio-2.11/configure.ac
-rw-r--r-- gray/staff    40612 2010-03-10 14:00 cpio-2.11/aclocal.m4
-rw-r--r-- gray/staff     3359 2009-03-10 12:09 cpio-2.11/Make.rules
-rw-r--r-- gray/staff     1024 2010-02-12 11:19 cpio-2.11/Makefile.am
-rw-r--r-- gray/staff    50784 2010-03-10 14:00 cpio-2.11/Makefile.in
-rw-r--r-- gray/staff    51267 2010-03-10 14:01 cpio-2.11/config.h.in
-rwxr-xr-x gray/staff  1184654 2010-03-10 14:00 cpio-2.11/configure
-rw-r--r-- gray/staff    76502 2009-02-14 19:18 cpio-2.11/ABOUT-NLS
-rw-r--r-- gray/staff      161 2009-08-03 16:01 cpio-2.11/AUTHORS
-rw-r--r-- gray/staff    35068 2009-02-14 19:15 cpio-2.11/COPYING
-rw-r--r-- gray/staff    70507 2010-03-10 14:12 cpio-2.11/ChangeLog
-rw-r--r-- gray/staff    15584 2010-02-22 10:18 cpio-2.11/INSTALL
-rw-r--r-- gray/staff     6168 2010-03-10 13:59 cpio-2.11/NEWS
-rw-r--r-- gray/staff     1083 2009-08-03 16:01 cpio-2.11/THANKS
-rw-r--r-- gray/staff     7891 2009-02-14 19:15 cpio-2.11/TODO
drwxr-xr-x gray/staff        0 2010-03-10 14:12 cpio-2.11/doc/
-rw-r--r-- gray/staff     1014 2010-02-12 11:19 cpio-2.11/doc/Makefile.am
-rw-r--r-- gray/staff    47711 2010-03-10 14:00 cpio-2.11/doc/Makefile.in
-rw-r--r-- gray/staff       99 2010-03-10 14:01 cpio-2.11/doc/stamp-vti
-rw-r--r-- gray/staff       99 2010-03-10 14:01 cpio-2.11/doc/version.texi
-rw-r--r-- gray/staff    20427 2010-02-12 11:19 cpio-2.11/doc/cpio.texi
-rw-r--r-- gray/staff     1956 2009-02-14 19:15 cpio-2.11/doc/cpio.1
-rw-r--r-- gray/staff     3157 2009-02-14 19:15 cpio-2.11/doc/mt.1
-rwxr-xr-x gray/staff     3519 2010-02-12 11:19 cpio-2.11/doc/gendocs_template
-rw-r--r-- gray/staff    20142 2010-03-10 14:02 cpio-2.11/doc/cpio.info
drwxr-xr-x gray/staff        0 2010-03-10 14:12 cpio-2.11/headers/
-rw-r--r-- gray/staff      811 2010-02-12 11:19 cpio-2.11/headers/Makefile.am
-rw-r--r-- gray/staff    33869 2010-03-10 14:00 cpio-2.11/headers/Makefile.in
-rw-r--r-- gray/staff     2389 2010-02-12 11:19 cpio-2.11/headers/fnmatch.h
drwxr-xr-x gray/staff        0 2010-03-10 14:12 cpio-2.11/gnu/
-rw-r--r-- gray/staff    66374 2010-03-10 10:26 cpio-2.11/gnu/Makefile.am
-rw-r--r-- gray/staff   106240 2010-03-10 14:00 cpio-2.11/gnu/Makefile.in
-rw-r--r-- gray/staff    15024 2010-03-10 10:26 cpio-2.11/gnu/alloca.c
-rw-r--r-- gray/staff    98403 2010-03-10 10:29 cpio-2.11/gnu/getdate.c
-rw-r--r-- gray/staff    29459 2010-03-10 10:26 cpio-2.11/gnu/argp.h
-rw-r--r-- gray/staff     1711 2010-03-10 10:26 cpio-2.11/gnu/argp-ba.c
-rw-r--r-- gray/staff     1249 2010-03-10 10:26 cpio-2.11/gnu/argp-eexst.c
-rw-r--r-- gray/staff    13406 2010-03-10 10:26 cpio-2.11/gnu/argp-fmtstream.c
-rw-r--r-- gray/staff    14076 2010-03-10 10:26 cpio-2.11/gnu/argp-fmtstream.h
-rw-r--r-- gray/staff     1703 2010-03-10 10:26 cpio-2.11/gnu/argp-fs-xinl.c
-rw-r--r-- gray/staff    63732 2010-03-10 10:26 cpio-2.11/gnu/argp-help.c
-rw-r--r-- gray/staff     5587 2010-03-10 10:26 cpio-2.11/gnu/argp-namefrob.h
-rw-r--r-- gray/staff    31802 2010-03-10 10:26 cpio-2.11/gnu/argp-parse.c
-rw-r--r-- gray/staff     1072 2010-03-10 10:26 cpio-2.11/gnu/argp-pin.c
-rw-r--r-- gray/staff     1686 2010-03-10 10:26 cpio-2.11/gnu/argp-pv.c
-rw-r--r-- gray/staff     1491 2010-03-10 10:26 cpio-2.11/gnu/argp-pvh.c
-rw-r--r-- gray/staff     1444 2010-03-10 10:26 cpio-2.11/gnu/argp-xinl.c
-rw-r--r-- gray/staff     1468 2010-03-10 10:26 cpio-2.11/gnu/argp-version-etc.h
-rw-r--r-- gray/staff     1375 2010-03-10 10:26 cpio-2.11/gnu/argp-version-etc.c
-rw-r--r-- gray/staff     4346 2010-03-10 10:26 cpio-2.11/gnu/bitrotate.h
-rw-r--r-- gray/staff     9098 2010-03-10 10:26 cpio-2.11/gnu/c-ctype.h
-rw-r--r-- gray/staff    11137 2010-03-10 10:26 cpio-2.11/gnu/c-ctype.c
-rw-r--r-- gray/staff     2672 2010-03-10 10:26 cpio-2.11/gnu/close-hook.c
-rw-r--r-- gray/staff      961 2010-03-10 10:26 cpio-2.11/gnu/exitfail.c
-rw-r--r-- gray/staff     1232 2010-03-10 10:26 cpio-2.11/gnu/full-write.h
-rw-r--r-- gray/staff     2379 2010-03-10 10:26 cpio-2.11/gnu/full-write.c
-rw-r--r-- gray/staff    45662 2010-03-10 10:26 cpio-2.11/gnu/getdate.y
-rw-r--r-- gray/staff     9894 2010-03-10 10:27 cpio-2.11/gnu/gettext.h
-rw-r--r-- gray/staff     1469 2010-03-10 10:27 cpio-2.11/gnu/localcharset.h
-rw-r--r-- gray/staff    18131 2010-03-10 10:27 cpio-2.11/gnu/localcharset.c
-rw-r--r-- gray/staff     5217 2010-03-10 10:27 cpio-2.11/gnu/malloca.c
-rw-r--r-- gray/staff     1852 2010-03-10 10:27 cpio-2.11/gnu/openat-die.c
-rw-r--r-- gray/staff     2105 2010-03-10 10:27 cpio-2.11/gnu/progname.h
-rw-r--r-- gray/staff     3266 2010-03-10 10:27 cpio-2.11/gnu/progname.c
-rw-r--r-- gray/staff     1324 2010-03-10 10:27 cpio-2.11/gnu/size_max.h
-rw-r--r-- gray/staff     1293 2010-03-10 10:27 cpio-2.11/gnu/strnlen1.h
-rw-r--r-- gray/staff     1359 2010-03-10 10:27 cpio-2.11/gnu/strnlen1.c
-rw-r--r-- gray/staff     5704 2010-03-10 10:27 cpio-2.11/gnu/verify.h
-rw-r--r-- gray/staff     2996 2010-03-10 10:27 cpio-2.11/gnu/version-etc.h
-rw-r--r-- gray/staff     9295 2010-03-10 10:27 cpio-2.11/gnu/version-etc.c
-rw-r--r-- gray/staff     1244 2010-03-10 10:27 cpio-2.11/gnu/version-etc-fsf.c
-rw-r--r-- gray/staff     1424 2010-03-10 10:27 cpio-2.11/gnu/xalloc-die.c
-rw-r--r-- gray/staff     3623 2010-03-10 10:27 cpio-2.11/gnu/xsize.h
-rw-r--r-- gray/staff     1111 2010-03-10 10:27 cpio-2.11/gnu/xstrndup.h
-rw-r--r-- gray/staff     1281 2010-03-10 10:27 cpio-2.11/gnu/xstrndup.c
-rw-r--r-- gray/staff     7963 2010-03-10 10:26 cpio-2.11/gnu/argmatch.c
-rw-r--r-- gray/staff     6982 2010-03-10 10:26 cpio-2.11/gnu/chdir-long.c
-rw-r--r-- gray/staff     4608 2010-03-10 10:26 cpio-2.11/gnu/chown.c
-rw-r--r-- gray/staff      399 2010-03-10 10:26 cpio-2.11/gnu/fchown-stub.c
-rw-r--r-- gray/staff     1204 2010-03-10 10:26 cpio-2.11/gnu/close.c
-rw-r--r-- gray/staff     3118 2010-03-10 10:26 cpio-2.11/gnu/close-stream.c
-rw-r--r-- gray/staff     4619 2010-03-10 10:26 cpio-2.11/gnu/closeout.c
-rw-r--r-- gray/staff     2171 2010-03-10 10:27 cpio-2.11/gnu/opendir-safer.c
-rw-r--r-- gray/staff     1079 2010-03-10 10:26 cpio-2.11/gnu/dirfd.c
-rw-r--r-- gray/staff     1855 2010-03-10 10:26 cpio-2.11/gnu/basename.c
-rw-r--r-- gray/staff     1293 2010-03-10 10:26 cpio-2.11/gnu/dirname.c
-rw-r--r-- gray/staff     1659 2010-03-10 10:27 cpio-2.11/gnu/stripslash.c
-rw-r--r-- gray/staff     2187 2010-03-10 10:26 cpio-2.11/gnu/basename-lgpl.c
-rw-r--r-- gray/staff     3242 2010-03-10 10:26 cpio-2.11/gnu/dirname-lgpl.c
-rw-r--r-- gray/staff     3415 2010-03-10 10:26 cpio-2.11/gnu/dup2.c
-rw-r--r-- gray/staff     9481 2010-03-10 10:26 cpio-2.11/gnu/error.c
-rw-r--r-- gray/staff     7942 2010-03-10 10:26 cpio-2.11/gnu/fchdir.c
-rw-r--r-- gray/staff     1321 2010-03-10 10:26 cpio-2.11/gnu/fclose.c
-rw-r--r-- gray/staff     9299 2010-03-10 10:26 cpio-2.11/gnu/fcntl.c
-rw-r--r-- gray/staff     3538 2010-03-10 10:26 cpio-2.11/gnu/fdopendir.c
-rw-r--r-- gray/staff     3590 2010-03-10 10:27 cpio-2.11/gnu/openat-proc.c
-rw-r--r-- gray/staff     2166 2010-03-10 10:26 cpio-2.11/gnu/fileblocks.c
-rw-r--r-- gray/staff    11736 2010-03-10 10:26 cpio-2.11/gnu/fnmatch.c
-rw-r--r-- gray/staff    45997 2010-03-10 10:26 cpio-2.11/gnu/fnmatch_loop.c
-rw-r--r-- gray/staff     1151 2010-03-10 10:26 cpio-2.11/gnu/fpending.c
-rw-r--r-- gray/staff     5423 2010-03-10 10:26 cpio-2.11/gnu/fseeko.c
-rw-r--r-- gray/staff    11834 2010-03-10 10:26 cpio-2.11/gnu/getcwd.c
-rw-r--r-- gray/staff     2303 2010-03-10 10:26 cpio-2.11/gnu/getdtablesize.c
-rw-r--r-- gray/staff    39133 2010-03-10 10:26 cpio-2.11/gnu/getopt.c
-rw-r--r-- gray/staff     4593 2010-03-10 10:26 cpio-2.11/gnu/getopt1.c
-rw-r--r-- gray/staff     1319 2010-03-10 10:27 cpio-2.11/gnu/gettime.c
-rw-r--r-- gray/staff     3957 2010-03-10 10:27 cpio-2.11/gnu/gettimeofday.c
-rw-r--r-- gray/staff    38146 2010-03-10 10:27 cpio-2.11/gnu/hash.c
-rw-r--r-- gray/staff      192 2010-03-10 10:27 cpio-2.11/gnu/imaxtostr.c
-rw-r--r-- gray/staff     1552 2010-03-10 10:27 cpio-2.11/gnu/inttostr.c
-rw-r--r-- gray/staff      188 2010-03-10 10:27 cpio-2.11/gnu/offtostr.c
-rw-r--r-- gray/staff      196 2010-03-10 10:27 cpio-2.11/gnu/uinttostr.c
-rw-r--r-- gray/staff      193 2010-03-10 10:27 cpio-2.11/gnu/umaxtostr.c
-rw-r--r-- gray/staff     3143 2010-03-10 10:27 cpio-2.11/gnu/lchown.c
-rw-r--r-- gray/staff     1846 2010-03-10 10:27 cpio-2.11/gnu/lseek.c
-rw-r--r-- gray/staff     3281 2010-03-10 10:27 cpio-2.11/gnu/lstat.c
-rw-r--r-- gray/staff     1565 2010-03-10 10:27 cpio-2.11/gnu/malloc.c
-rw-r--r-- gray/staff    10631 2010-03-10 10:27 cpio-2.11/gnu/mbrtowc.c
-rw-r--r-- gray/staff     1853 2010-03-10 10:27 cpio-2.11/gnu/mbsinit.c
-rw-r--r-- gray/staff     1709 2010-03-10 10:27 cpio-2.11/gnu/mbsrtowcs-state.c
-rw-r--r-- gray/staff     3958 2010-03-10 10:27 cpio-2.11/gnu/mbsrtowcs.c
-rw-r--r-- gray/staff     5952 2010-03-10 10:27 cpio-2.11/gnu/memchr.c
-rw-r--r-- gray/staff     1190 2010-03-10 10:27 cpio-2.11/gnu/mempcpy.c
-rw-r--r-- gray/staff     5787 2010-03-10 10:27 cpio-2.11/gnu/memrchr.c
-rw-r--r-- gray/staff     2714 2010-03-10 10:27 cpio-2.11/gnu/mkdir.c
-rw-r--r-- gray/staff    23239 2010-03-10 10:27 cpio-2.11/gnu/mktime.c
-rw-r--r-- gray/staff    14775 2010-03-10 10:27 cpio-2.11/gnu/obstack.c
-rw-r--r-- gray/staff     5437 2010-03-10 10:27 cpio-2.11/gnu/open.c
-rw-r--r-- gray/staff     4279 2010-03-10 10:26 cpio-2.11/gnu/at-func.c
-rw-r--r-- gray/staff     2001 2010-03-10 10:26 cpio-2.11/gnu/fchmodat.c
-rw-r--r-- gray/staff     3586 2010-03-10 10:26 cpio-2.11/gnu/fchownat.c
-rw-r--r-- gray/staff     3545 2010-03-10 10:26 cpio-2.11/gnu/fstatat.c
-rw-r--r-- gray/staff     1439 2010-03-10 10:27 cpio-2.11/gnu/mkdirat.c
-rw-r--r-- gray/staff     8048 2010-03-10 10:27 cpio-2.11/gnu/openat.c
-rw-r--r-- gray/staff     3296 2010-03-10 10:27 cpio-2.11/gnu/unlinkat.c
-rw-r--r-- gray/staff     1383 2010-03-10 10:27 cpio-2.11/gnu/quote.c
-rw-r--r-- gray/staff    28961 2010-03-10 10:27 cpio-2.11/gnu/quotearg.c
-rw-r--r-- gray/staff     5346 2010-03-10 10:27 cpio-2.11/gnu/rawmemchr.c
-rw-r--r-- gray/staff     2463 2010-03-10 10:27 cpio-2.11/gnu/realloc.c
-rw-r--r-- gray/staff     2675 2010-03-10 10:27 cpio-2.11/gnu/rmdir.c
-rw-r--r-- gray/staff     2241 2010-03-10 10:27 cpio-2.11/gnu/safe-read.c
-rw-r--r-- gray/staff      900 2010-03-10 10:27 cpio-2.11/gnu/safe-write.c
-rw-r--r-- gray/staff     3375 2010-03-10 10:27 cpio-2.11/gnu/save-cwd.c
-rw-r--r-- gray/staff     3649 2010-03-10 10:27 cpio-2.11/gnu/savedir.c
-rw-r--r-- gray/staff    10588 2010-03-10 10:27 cpio-2.11/gnu/setenv.c
-rw-r--r-- gray/staff     2287 2010-03-10 10:27 cpio-2.11/gnu/sleep.c
-rw-r--r-- gray/staff     3495 2010-03-10 10:27 cpio-2.11/gnu/stat.c
-rw-r--r-- gray/staff     4977 2010-03-10 10:27 cpio-2.11/gnu/stdio-write.c
-rw-r--r-- gray/staff     1468 2010-03-10 10:27 cpio-2.11/gnu/stpcpy.c
-rw-r--r-- gray/staff     1978 2010-03-10 10:27 cpio-2.11/gnu/strcasecmp.c
-rw-r--r-- gray/staff     2066 2010-03-10 10:27 cpio-2.11/gnu/strncasecmp.c
-rw-r--r-- gray/staff     5748 2010-03-10 10:27 cpio-2.11/gnu/strchrnul.c
-rw-r--r-- gray/staff     1515 2010-03-10 10:27 cpio-2.11/gnu/strdup.c
-rw-r--r-- gray/staff     9015 2010-03-10 10:27 cpio-2.11/gnu/strerror.c
-rw-r--r-- gray/staff     1229 2010-03-10 10:27 cpio-2.11/gnu/strndup.c
-rw-r--r-- gray/staff     1311 2010-03-10 10:27 cpio-2.11/gnu/strnlen.c
-rw-r--r-- gray/staff    11362 2010-03-10 10:27 cpio-2.11/gnu/strtol.c
-rw-r--r-- gray/staff     1397 2010-03-10 10:27 cpio-2.11/gnu/time_r.c
-rw-r--r-- gray/staff     1136 2010-03-10 10:26 cpio-2.11/gnu/dup-safer.c
-rw-r--r-- gray/staff     1628 2010-03-10 10:26 cpio-2.11/gnu/fd-safer.c
-rw-r--r-- gray/staff     1544 2010-03-10 10:27 cpio-2.11/gnu/pipe-safer.c
-rw-r--r-- gray/staff     3228 2010-03-10 10:27 cpio-2.11/gnu/unlink.c
-rw-r--r-- gray/staff     2821 2010-03-10 10:27 cpio-2.11/gnu/unsetenv.c
-rw-r--r-- gray/staff    17097 2010-03-10 10:27 cpio-2.11/gnu/utimens.c
-rw-r--r-- gray/staff     1226 2010-03-10 10:26 cpio-2.11/gnu/asnprintf.c
-rw-r--r-- gray/staff     6717 2010-03-10 10:27 cpio-2.11/gnu/printf-args.c
-rw-r--r-- gray/staff    21663 2010-03-10 10:27 cpio-2.11/gnu/printf-parse.c
-rw-r--r-- gray/staff   221350 2010-03-10 10:27 cpio-2.11/gnu/vasnprintf.c
-rw-r--r-- gray/staff     2051 2010-03-10 10:27 cpio-2.11/gnu/vsnprintf.c
-rw-r--r-- gray/staff     1997 2010-03-10 10:27 cpio-2.11/gnu/write.c
-rw-r--r-- gray/staff     3372 2010-03-10 10:27 cpio-2.11/gnu/xmalloc.c
-rw-r--r-- gray/staff     1301 2010-03-10 10:27 cpio-2.11/gnu/xgetcwd.c
-rw-r--r-- gray/staff     1988 2010-03-10 10:26 cpio-2.11/gnu/alloca.in.h
-rw-r--r-- gray/staff     4023 2010-03-10 10:26 cpio-2.11/gnu/argmatch.h
-rw-r--r-- gray/staff     1229 2010-03-10 10:26 cpio-2.11/gnu/chdir-long.h
-rw-r--r-- gray/staff     2520 2010-03-10 10:26 cpio-2.11/gnu/close-hook.h
-rw-r--r-- gray/staff      142 2010-03-10 10:26 cpio-2.11/gnu/close-stream.h
-rw-r--r-- gray/staff     1148 2010-03-10 10:26 cpio-2.11/gnu/closeout.h
-rw-r--r-- gray/staff     5371 2010-03-10 10:26 cpio-2.11/gnu/dirent.in.h
-rw-r--r-- gray/staff      962 2010-03-10 10:26 cpio-2.11/gnu/dirent--.h
-rw-r--r-- gray/staff      947 2010-03-10 10:26 cpio-2.11/gnu/dirent-safer.h
-rw-r--r-- gray/staff     2451 2010-03-10 10:26 cpio-2.11/gnu/dirname.h
-rw-r--r-- gray/staff     4712 2010-03-10 10:26 cpio-2.11/gnu/errno.in.h
-rw-r--r-- gray/staff     2593 2010-03-10 10:26 cpio-2.11/gnu/error.h
-rw-r--r-- gray/staff      861 2010-03-10 10:26 cpio-2.11/gnu/exitfail.h
-rw-r--r-- gray/staff     7083 2010-03-10 10:26 cpio-2.11/gnu/fcntl.in.h
-rw-r--r-- gray/staff     1868 2010-03-10 10:27 cpio-2.11/gnu/openat-priv.h
-rw-r--r-- gray/staff     2288 2010-03-10 10:26 cpio-2.11/gnu/float.in.h
-rw-r--r-- gray/staff     2641 2010-03-10 10:26 cpio-2.11/gnu/fnmatch.in.h
-rw-r--r-- gray/staff     1124 2010-03-10 10:26 cpio-2.11/gnu/fpending.h
-rw-r--r-- gray/staff     3728 2010-03-10 10:27 cpio-2.11/gnu/stdio-impl.h
-rw-r--r-- gray/staff      998 2010-03-10 10:26 cpio-2.11/gnu/getdate.h
-rw-r--r-- gray/staff     8961 2010-03-10 10:26 cpio-2.11/gnu/getopt.in.h
-rw-r--r-- gray/staff     5188 2010-03-10 10:26 cpio-2.11/gnu/getopt_int.h
-rw-r--r-- gray/staff     3557 2010-03-10 10:27 cpio-2.11/gnu/hash.h
-rw-r--r-- gray/staff     3348 2010-03-10 10:27 cpio-2.11/gnu/intprops.h
-rw-r--r-- gray/staff     1693 2010-03-10 10:27 cpio-2.11/gnu/inttostr.h
-rw-r--r-- gray/staff    26752 2010-03-10 10:27 cpio-2.11/gnu/inttypes.in.h
-rw-r--r-- gray/staff    22967 2010-03-10 10:26 cpio-2.11/gnu/config.charset
-rw-r--r-- gray/staff     1077 2010-03-10 10:27 cpio-2.11/gnu/ref-add.sin
-rw-r--r-- gray/staff     1032 2010-03-10 10:27 cpio-2.11/gnu/ref-del.sin
-rw-r--r-- gray/staff     4810 2010-03-10 10:27 cpio-2.11/gnu/malloca.h
-rw-r--r-- gray/staff      175 2010-03-10 10:27 cpio-2.11/gnu/malloca.valgrind
-rw-r--r-- gray/staff      426 2010-03-10 10:27 cpio-2.11/gnu/memchr.valgrind
-rw-r--r-- gray/staff      251 2010-03-10 10:27 cpio-2.11/gnu/mktime-internal.h
-rw-r--r-- gray/staff    25410 2010-03-10 10:27 cpio-2.11/gnu/obstack.h
-rw-r--r-- gray/staff     3120 2010-03-10 10:27 cpio-2.11/gnu/openat.h
-rw-r--r-- gray/staff      953 2010-03-10 10:27 cpio-2.11/gnu/quote.h
-rw-r--r-- gray/staff    15963 2010-03-10 10:27 cpio-2.11/gnu/quotearg.h
-rw-r--r-- gray/staff      259 2010-03-10 10:27 cpio-2.11/gnu/rawmemchr.valgrind
-rw-r--r-- gray/staff     1228 2010-03-10 10:27 cpio-2.11/gnu/safe-read.h
-rw-r--r-- gray/staff     1163 2010-03-10 10:27 cpio-2.11/gnu/safe-write.h
-rw-r--r-- gray/staff     1065 2010-03-10 10:27 cpio-2.11/gnu/same-inode.h
-rw-r--r-- gray/staff     1151 2010-03-10 10:27 cpio-2.11/gnu/save-cwd.h
-rw-r--r-- gray/staff     1052 2010-03-10 10:27 cpio-2.11/gnu/savedir.h
-rw-r--r-- gray/staff     5764 2010-03-10 10:27 cpio-2.11/gnu/stat-time.h
-rw-r--r-- gray/staff     1231 2010-03-10 10:27 cpio-2.11/gnu/stdarg.in.h
-rw-r--r-- gray/staff     4996 2010-03-10 10:27 cpio-2.11/gnu/stdbool.in.h
-rw-r--r-- gray/staff     2777 2010-03-10 10:27 cpio-2.11/gnu/stddef.in.h
-rw-r--r-- gray/staff    16703 2010-03-10 10:27 cpio-2.11/gnu/stdint.in.h
-rw-r--r-- gray/staff    36628 2010-03-10 10:27 cpio-2.11/gnu/stdio.in.h
-rw-r--r-- gray/staff    22610 2010-03-10 10:27 cpio-2.11/gnu/stdlib.in.h
-rw-r--r-- gray/staff      259 2010-03-10 10:27 cpio-2.11/gnu/strchrnul.valgrind
-rw-r--r-- gray/staff     4079 2010-03-10 10:27 cpio-2.11/gnu/streq.h
-rw-r--r-- gray/staff    31978 2010-03-10 10:27 cpio-2.11/gnu/string.in.h
-rw-r--r-- gray/staff     3371 2010-03-10 10:27 cpio-2.11/gnu/strings.in.h
-rw-r--r-- gray/staff    16990 2010-03-10 10:27 cpio-2.11/gnu/sys_stat.in.h
-rw-r--r-- gray/staff     2789 2010-03-10 10:27 cpio-2.11/gnu/sys_time.in.h
-rw-r--r-- gray/staff     1990 2010-03-10 10:27 cpio-2.11/gnu/sysexits.in.h
-rw-r--r-- gray/staff     6990 2010-03-10 10:27 cpio-2.11/gnu/time.in.h
-rw-r--r-- gray/staff     1396 2010-03-10 10:27 cpio-2.11/gnu/timespec.h
-rw-r--r-- gray/staff    39891 2010-03-10 10:27 cpio-2.11/gnu/unistd.in.h
-rw-r--r-- gray/staff     1085 2010-03-10 10:27 cpio-2.11/gnu/unistd--.h
-rw-r--r-- gray/staff     1142 2010-03-10 10:27 cpio-2.11/gnu/unistd-safer.h
-rw-r--r-- gray/staff     3632 2010-03-10 10:27 cpio-2.11/gnu/unlocked-io.h
-rw-r--r-- gray/staff      726 2010-03-10 10:27 cpio-2.11/gnu/utimens.h
-rw-r--r-- gray/staff     5770 2010-03-10 10:26 cpio-2.11/gnu/float+.h
-rw-r--r-- gray/staff     3935 2010-03-10 10:27 cpio-2.11/gnu/printf-args.h
-rw-r--r-- gray/staff     4848 2010-03-10 10:27 cpio-2.11/gnu/printf-parse.h
-rw-r--r-- gray/staff     3062 2010-03-10 10:27 cpio-2.11/gnu/vasnprintf.h
-rw-r--r-- gray/staff    13644 2010-03-10 10:27 cpio-2.11/gnu/wchar.in.h
-rw-r--r-- gray/staff     9095 2010-03-10 10:27 cpio-2.11/gnu/wctype.in.h
-rw-r--r-- gray/staff     8399 2010-03-10 10:27 cpio-2.11/gnu/xalloc.h
-rw-r--r-- gray/staff      868 2010-03-10 10:27 cpio-2.11/gnu/xgetcwd.h
drwxr-xr-x gray/staff        0 2010-03-10 14:12 cpio-2.11/lib/
-rw-r--r-- gray/staff    10939 2010-03-10 10:27 cpio-2.11/lib/system.h
-rw-r--r-- gray/staff     1836 2009-03-10 12:09 cpio-2.11/lib/system-ioctl.h
-rw-r--r-- gray/staff     3474 2010-03-10 10:15 cpio-2.11/lib/rmt.h
-rw-r--r-- gray/staff     4362 2009-03-10 12:09 cpio-2.11/lib/paxlib.h
-rw-r--r-- gray/staff     1473 2010-02-12 11:19 cpio-2.11/lib/Makefile.am
-rw-r--r-- gray/staff    39394 2010-03-10 14:00 cpio-2.11/lib/Makefile.in
-rw-r--r-- gray/staff      924 2009-03-10 12:09 cpio-2.11/lib/exit.c
-rw-r--r-- gray/staff    19670 2010-03-10 10:15 cpio-2.11/lib/rtapelib.c
-rw-r--r-- gray/staff     2542 2010-03-10 10:27 cpio-2.11/lib/sysdep.h
-rw-r--r-- gray/staff     3753 2010-03-10 10:27 cpio-2.11/lib/sysdep.c
-rw-r--r-- gray/staff     7987 2009-03-10 12:09 cpio-2.11/lib/error.c
-rw-r--r-- gray/staff     4640 2009-03-10 12:09 cpio-2.11/lib/names.c
drwxr-xr-x gray/staff        0 2010-03-10 14:12 cpio-2.11/rmt/
-rw-r--r-- gray/staff      268 2009-03-10 12:09 cpio-2.11/rmt/Makefile.am
-rw-r--r-- gray/staff    39747 2010-03-10 14:00 cpio-2.11/rmt/Makefile.in
-rw-r--r-- gray/staff    15076 2009-09-21 12:47 cpio-2.11/rmt/rmt.c
drwxr-xr-x gray/staff        0 2010-03-10 14:12 cpio-2.11/src/
-rw-r--r-- gray/staff     2159 2010-02-12 11:19 cpio-2.11/src/cpio.h
-rw-r--r-- gray/staff     3306 2010-02-12 11:19 cpio-2.11/src/cpiohdr.h
-rw-r--r-- gray/staff     3772 2010-02-12 11:19 cpio-2.11/src/tar.h
-rw-r--r-- gray/staff     1547 2010-02-12 11:19 cpio-2.11/src/tarhdr.h
-rw-r--r-- gray/staff     1006 2010-02-12 11:19 cpio-2.11/src/defer.h
-rw-r--r-- gray/staff     2193 2010-02-12 11:19 cpio-2.11/src/dstring.h
-rw-r--r-- gray/staff     7500 2010-02-15 11:02 cpio-2.11/src/extern.h
-rw-r--r-- gray/staff     2518 2010-02-12 11:19 cpio-2.11/src/filetypes.h
-rw-r--r-- gray/staff       45 2009-02-14 19:15 cpio-2.11/src/safe-stat.h
-rw-r--r-- gray/staff     1302 2010-02-12 11:19 cpio-2.11/src/Makefile.am
-rw-r--r-- gray/staff    42266 2010-03-10 14:00 cpio-2.11/src/Makefile.in
-rw-r--r-- gray/staff    41976 2010-02-15 11:02 cpio-2.11/src/copyin.c
-rw-r--r-- gray/staff    25154 2010-02-12 11:19 cpio-2.11/src/copyout.c
-rw-r--r-- gray/staff    12320 2010-02-15 11:02 cpio-2.11/src/copypass.c
-rw-r--r-- gray/staff     1381 2010-02-12 11:19 cpio-2.11/src/defer.c
-rw-r--r-- gray/staff     2747 2010-02-12 11:19 cpio-2.11/src/dstring.c
-rw-r--r-- gray/staff     5931 2010-02-12 11:19 cpio-2.11/src/global.c
-rw-r--r-- gray/staff      897 2010-02-12 11:19 cpio-2.11/src/fatal.c
-rw-r--r-- gray/staff    22514 2010-02-12 12:35 cpio-2.11/src/main.c
-rw-r--r-- gray/staff    14596 2010-02-12 11:19 cpio-2.11/src/tar.c
-rw-r--r-- gray/staff    44374 2010-03-10 11:22 cpio-2.11/src/util.c
-rw-r--r-- gray/staff     5843 2010-02-12 11:19 cpio-2.11/src/filemode.c
-rw-r--r-- gray/staff     5080 2010-02-12 11:19 cpio-2.11/src/idcache.c
-rw-r--r-- gray/staff     5200 2010-02-12 11:19 cpio-2.11/src/makepath.c
-rw-r--r-- gray/staff     5616 2010-02-12 11:19 cpio-2.11/src/userspec.c
-rw-r--r-- gray/staff     8108 2010-02-12 11:19 cpio-2.11/src/mt.c
drwxr-xr-x gray/staff        0 2010-03-10 14:12 cpio-2.11/po/
-rw-r--r-- gray/staff    15270 2009-06-19 11:10 cpio-2.11/po/Makefile.in.in
-rw-r--r-- gray/staff      432 2009-02-14 19:18 cpio-2.11/po/remove-potcdate.sin
-rw-r--r-- gray/staff      153 2009-02-14 19:18 cpio-2.11/po/quot.sed
-rw-r--r-- gray/staff      217 2009-02-14 19:18 cpio-2.11/po/boldquot.sed
-rw-r--r-- gray/staff     1203 2009-02-14 19:18 cpio-2.11/po/en@quot.header
-rw-r--r-- gray/staff     1337 2009-02-14 19:18 cpio-2.11/po/en@boldquot.header
-rw-r--r-- gray/staff      672 2009-02-14 19:18 cpio-2.11/po/insert-header.sin
-rw-r--r-- gray/staff     1790 2009-02-14 19:18 cpio-2.11/po/Rules-quot
-rw-r--r-- gray/staff     2448 2010-03-10 10:27 cpio-2.11/po/Makevars
-rw-r--r-- gray/staff     1103 2010-02-12 11:19 cpio-2.11/po/POTFILES.in
-rw-r--r-- gray/staff    41754 2010-03-10 14:06 cpio-2.11/po/da.po
-rw-r--r-- gray/staff    44838 2010-03-10 14:06 cpio-2.11/po/de.po
-rw-r--r-- gray/staff    51108 2010-03-10 14:06 cpio-2.11/po/es.po
-rw-r--r-- gray/staff    48299 2010-03-10 14:06 cpio-2.11/po/fi.po
-rw-r--r-- gray/staff    57270 2010-03-10 14:06 cpio-2.11/po/fr.po
-rw-r--r-- gray/staff    44439 2010-03-10 14:06 cpio-2.11/po/ga.po
-rw-r--r-- gray/staff    42876 2010-03-10 14:06 cpio-2.11/po/gl.po
-rw-r--r-- gray/staff    42586 2010-03-10 14:06 cpio-2.11/po/hu.po
-rw-r--r-- gray/staff    47386 2010-03-10 14:06 cpio-2.11/po/id.po
-rw-r--r-- gray/staff    46216 2010-03-10 14:06 cpio-2.11/po/ko.po
-rw-r--r-- gray/staff    47367 2010-03-10 14:06 cpio-2.11/po/nl.po
-rw-r--r-- gray/staff    44152 2010-03-10 14:06 cpio-2.11/po/pl.po
-rw-r--r-- gray/staff    42375 2010-03-10 14:06 cpio-2.11/po/pt_BR.po
-rw-r--r-- gray/staff    42549 2010-03-10 14:06 cpio-2.11/po/ro.po
-rw-r--r-- gray/staff    57222 2010-03-10 14:06 cpio-2.11/po/ru.po
-rw-r--r-- gray/staff    55884 2010-03-10 14:06 cpio-2.11/po/sv.po
-rw-r--r-- gray/staff    42384 2010-03-10 14:06 cpio-2.11/po/tr.po
-rw-r--r-- gray/staff    54063 2010-03-10 14:07 cpio-2.11/po/uk.po
-rw-r--r-- gray/staff    46963 2010-03-10 14:06 cpio-2.11/po/vi.po
-rw-r--r-- gray/staff    39750 2010-03-10 14:06 cpio-2.11/po/zh_CN.po
-rw-r--r-- gray/staff    38599 2010-03-10 14:06 cpio-2.11/po/zh_TW.po
-rw-r--r-- gray/staff     3508 2010-03-10 14:06 cpio-2.11/po/da.gmo
-rw-r--r-- gray/staff     8057 2010-03-10 14:06 cpio-2.11/po/de.gmo
-rw-r--r-- gray/staff    13554 2010-03-10 14:06 cpio-2.11/po/es.gmo
-rw-r--r-- gray/staff    31814 2010-03-10 14:06 cpio-2.11/po/fi.gmo
-rw-r--r-- gray/staff    32250 2010-03-10 14:06 cpio-2.11/po/fr.gmo
-rw-r--r-- gray/staff    20010 2010-03-10 14:06 cpio-2.11/po/ga.gmo
-rw-r--r-- gray/staff     3861 2010-03-10 14:06 cpio-2.11/po/gl.gmo
-rw-r--r-- gray/staff     3698 2010-03-10 14:06 cpio-2.11/po/hu.gmo
-rw-r--r-- gray/staff    30879 2010-03-10 14:06 cpio-2.11/po/id.gmo
-rw-r--r-- gray/staff     4370 2010-03-10 14:06 cpio-2.11/po/ko.gmo
-rw-r--r-- gray/staff    27592 2010-03-10 14:06 cpio-2.11/po/nl.gmo
-rw-r--r-- gray/staff    31125 2010-03-10 14:06 cpio-2.11/po/pl.gmo
-rw-r--r-- gray/staff     3693 2010-03-10 14:06 cpio-2.11/po/pt_BR.gmo
-rw-r--r-- gray/staff     3800 2010-03-10 14:06 cpio-2.11/po/ro.gmo
-rw-r--r-- gray/staff    35126 2010-03-10 14:06 cpio-2.11/po/ru.gmo
-rw-r--r-- gray/staff    27193 2010-03-10 14:06 cpio-2.11/po/sv.gmo
-rw-r--r-- gray/staff    18802 2010-03-10 14:06 cpio-2.11/po/tr.gmo
-rw-r--r-- gray/staff    41085 2010-03-10 14:07 cpio-2.11/po/uk.gmo
-rw-r--r-- gray/staff    34142 2010-03-10 14:06 cpio-2.11/po/vi.gmo
-rw-r--r-- gray/staff    16784 2010-03-10 14:06 cpio-2.11/po/zh_CN.gmo
-rw-r--r-- gray/staff    15391 2010-03-10 14:06 cpio-2.11/po/zh_TW.gmo
-rw-r--r-- gray/staff    30651 2010-03-10 14:04 cpio-2.11/po/cpio.pot
-rw-r--r-- gray/staff       10 2010-03-10 14:04 cpio-2.11/po/stamp-po
-rw-r--r-- gray/staff       72 2010-03-10 10:26 cpio-2.11/po/LINGUAS
drwxr-xr-x gray/staff        0 2010-03-10 14:12 cpio-2.11/tests/
-rw-r--r-- gray/staff     2612 2010-02-15 11:02 cpio-2.11/tests/Makefile.am
-rw-r--r-- gray/staff    39295 2010-03-10 14:00 cpio-2.11/tests/Makefile.in
-rw-r--r-- gray/staff      257 2010-02-12 11:19 cpio-2.11/tests/atlocal.in
-rw-r--r-- gray/staff    19736 2009-08-09 09:39 cpio-2.11/tests/genfile.c
-rw-r--r-- gray/staff     7579 2010-03-10 10:15 cpio-2.11/tests/argcv.c
-rw-r--r-- gray/staff     1577 2009-03-10 12:09 cpio-2.11/tests/argcv.h
-rw-r--r-- gray/staff     1218 2010-02-15 11:02 cpio-2.11/tests/testsuite.at
-rw-r--r-- gray/staff     1127 2010-02-12 11:19 cpio-2.11/tests/inout.at
-rw-r--r-- gray/staff     1688 2010-02-12 11:19 cpio-2.11/tests/interdir.at
-rw-r--r-- gray/staff     1237 2010-02-15 11:02 cpio-2.11/tests/setstat01.at
-rw-r--r-- gray/staff     1369 2010-02-15 11:02 cpio-2.11/tests/setstat02.at
-rw-r--r-- gray/staff     1420 2010-02-15 11:02 cpio-2.11/tests/setstat03.at
-rw-r--r-- gray/staff     1469 2010-02-15 11:02 cpio-2.11/tests/setstat04.at
-rw-r--r-- gray/staff     1456 2010-02-15 11:02 cpio-2.11/tests/setstat05.at
-rw-r--r-- gray/staff     1342 2010-02-12 11:19 cpio-2.11/tests/symlink.at
-rw-r--r-- gray/staff     1222 2010-02-12 11:19 cpio-2.11/tests/version.at
-rwxr-xr-x gray/staff    65961 2010-03-10 14:02 cpio-2.11/tests/testsuite
-rw-r--r-- gray/staff      271 2010-03-10 14:02 cpio-2.11/tests/package.m4
