-rw-r--r-- jasper/jasper  1103 2015-01-06 23:34 base64.cpp
-rw-r--r-- jasper/jasper   252 2015-01-14 00:24 bitinput.cpp
-rw-r--r-- jasper/jasper  5578 2015-02-04 22:13 bunzip2.cpp
-rw-r--r-- jasper/jasper   638 2015-01-29 02:43 bunzip2m.cpp
-rw-r--r-- jasper/jasper   637 2015-02-03 23:29 bzcat.cpp
-rw-r--r-- jasper/jasper  8393 2015-02-04 00:25 bzinfo.cpp
-rw-r--r-- jasper/jasper 190778 2015-01-31 23:50 bzip2.cpp
-rw-r--r-- jasper/jasper    379 2015-02-04 21:48 bzmd5.cpp
-rw-r--r-- jasper/jasper    303 2014-10-27 12:37 cat.cpp
-rw-r--r-- jasper/jasper    225 2015-01-22 19:20 cp.cpp
-rw-r--r-- jasper/jasper   2057 2015-01-08 18:12 crc32.cpp
-rw-r--r-- jasper/jasper   1311 2014-10-10 03:52 dd.cpp
-rw-r--r-- jasper/jasper   1604 2015-01-21 23:09 diff.cpp
-rw-r--r-- jasper/jasper    215 2014-10-09 01:21 dos2unix.cpp
-rw-r--r-- jasper/jasper   1317 2014-10-26 15:26 filesys.cpp
-rw-r--r-- jasper/jasper    674 2014-10-28 23:34 grep.cpp
-rw-r--r-- jasper/jasper   6410 2015-01-28 01:16 gunzip.cpp
-rw-r--r-- jasper/jasper    564 2015-01-28 01:35 gunzipm.cpp
-rw-r--r-- jasper/jasper 111640 2015-01-27 14:32 gzip.cpp
-rw-r--r-- jasper/jasper   4813 2014-12-17 17:48 hasher.cpp
-rw-r--r-- jasper/jasper  57163 2015-01-06 20:04 jpg2tga.cpp
-rw-r--r-- jasper/jasper  15241 2015-01-22 01:18 kompakt.cpp
-rw-r--r-- jasper/jasper    354 2014-10-25 18:07 ls.cpp
-rw-r--r-- jasper/jasper    105 2014-10-12 19:37 main.cpp
-rw-r--r-- jasper/jasper   3293 2015-01-28 22:58 md5s.cpp
-rw-r--r-- jasper/jasper   4743 2015-01-08 23:14 mystl.cpp
-rw-r--r-- jasper/jasper    284 2015-01-05 14:01 mystlod.cpp
-rw-r--r-- jasper/jasper    166 2014-10-27 02:39 nl.cpp
-rw-r--r-- jasper/jasper    942 2015-01-06 00:57 od.cpp
-rw-r--r-- jasper/jasper    305 2014-11-18 02:55 odmain.cpp
-rw-r--r-- jasper/jasper   1981 2014-10-26 16:11 rm.cpp
-rw-r--r-- jasper/jasper    583 2015-01-28 02:35 tar.cpp
-rw-r--r-- jasper/jasper   3781 2015-02-04 22:26 tarm.cpp
-rw-r--r-- jasper/jasper    876 2015-01-28 15:01 tee.cpp
-rw-r--r-- jasper/jasper    604 2014-10-29 00:37 test1.cpp
-rw-r--r-- jasper/jasper   6472 2014-10-07 20:03 test2.cpp
-rw-r--r-- jasper/jasper    236 2015-01-14 01:13 testbinp.cpp
-rw-r--r-- jasper/jasper    417 2015-01-28 17:33 tgunzip1.cpp
-rw-r--r-- jasper/jasper    124 2014-10-26 22:59 touch.cpp
-rw-r--r-- jasper/jasper     52 2015-01-06 23:28 tr.cpp
-rw-r--r-- jasper/jasper    240 2014-10-08 23:59 unix2dos.cpp
-rw-r--r-- jasper/jasper    804 2014-11-08 18:58 uuidgen.cpp
-rw-r--r-- jasper/jasper   1883 2014-08-28 17:57 which.cpp
-rw-r--r-- jasper/jasper   3705 2014-09-08 00:05 wingroup.cpp
-rw-r--r-- jasper/jasper    200 2014-10-08 21:25 yes.cpp
-rw-r--r-- jasper/jasper    346 2015-01-28 01:26 zcat.cpp
